<?xml version="1.0" encoding="UTF-8"?>
<testsuite xmlns:xsi="http://www.w3.org/2001/XMLSchema-instance" xsi:noNamespaceSchemaLocation="https://maven.apache.org/surefire/maven-surefire-plugin/xsd/surefire-test-report.xsd" version="3.0.2" name="com.azentio.aml.repository.DetectionQueryTest" time="0.721" tests="12" errors="0" skipped="0" failures="0" flakes="0">
  <properties>
[...]
</properties>
  <testcase name="baselineAveragesOverActiveDaysOnlySoQuietCustomersAreNotFalselyFlagged" classname="com.azentio.aml.repository.DetectionQueryTest" time="0.063">
    <system-out><![CDATA[2026-09-19T15:59:09.137+05:30  INFO 10428 --- [sentinel-aml] [           main] t.c.s.AnnotationConfigContextLoaderUtils : Could not detect default configuration classes for test class [com.azentio.aml.repository.DetectionQueryTest]: DetectionQueryTest does not declare any static, non-private, non-final, nested classes annotated with @Configuration.
2026-09-19T15:59:09.197+05:30  INFO 10428 --- [sentinel-aml] [           main] .b.t.c.SpringBootTestContextBootstrapper : Found @SpringBootConfiguration com.azentio.aml.AmlApplication for test class com.azentio.aml.repository.DetectionQueryTest
2026-09-19T15:59:09.199+05:30  INFO 10428 --- [sentinel-aml] [           main] t.c.s.AnnotationConfigContextLoaderUtils : Could not detect default configuration classes for test class [com.azentio.aml.repository.DetectionQueryTest]: DetectionQueryTest does not declare any static, non-private, non-final, nested classes annotated with @Configuration.
2026-09-19T15:59:09.229+05:30  INFO 10428 --- [sentinel-aml] [           main] .b.t.c.SpringBootTestContextBootstrapper : Found @SpringBootConfiguration com.azentio.aml.AmlApplication for test class com.azentio.aml.repository.DetectionQueryTest
Hibernate: select c1_0.customer_id,c1_0.age,c1_0.annual_income,c1_0.city,c1_0.num_complaints_last_year,c1_0.country,c1_0.created_at,c1_0.created_by,c1_0.customer_segment,c1_0.customer_since,c1_0.date_of_birth,c1_0.education_level,c1_0.email,c1_0.email_verified,c1_0.employment_status,c1_0.first_name,c1_0.gender,c1_0.kyc_status,c1_0.last_name,c1_0.marital_status,c1_0.national_id,c1_0.occupation,c1_0.phone_number,c1_0.phone_verified,c1_0.is_politically_exposed,c1_0.postal_code,c1_0.preferred_channel,c1_0.risk_rating,c1_0.state,c1_0.updated_at,c1_0.updated_by,a1_0.customer_id,a1_0.account_id,a1_0.account_status,a1_0.account_tier,a1_0.account_type,a1_0.avg_monthly_balance_6m,a1_0.avg_monthly_txn_count,a1_0.branch_city,a1_0.branch_code,a1_0.card_type,a1_0.close_date,a1_0.created_at,a1_0.created_by,a1_0.credit_limit,a1_0.credit_utilization_pct,a1_0.currency,a1_0.current_balance,a1_0.is_joint_account,a1_0.last_login_date,a1_0.mobile_banking_enrolled,a1_0.num_linked_devices,a1_0.open_date,a1_0.overdraft_enabled,a1_0.risk_rating,a1_0.updated_at,a1_0.updated_by from customers c1_0 left join accounts a1_0 on c1_0.customer_id=a1_0.customer_id where c1_0.customer_id=?
Hibernate: select c1_0.customer_id,c1_0.age,c1_0.annual_income,c1_0.city,c1_0.num_complaints_last_year,c1_0.country,c1_0.created_at,c1_0.created_by,c1_0.customer_segment,c1_0.customer_since,c1_0.date_of_birth,c1_0.education_level,c1_0.email,c1_0.email_verified,c1_0.employment_status,c1_0.first_name,c1_0.gender,c1_0.kyc_status,c1_0.last_name,c1_0.marital_status,c1_0.national_id,c1_0.occupation,c1_0.phone_number,c1_0.phone_verified,c1_0.is_politically_exposed,c1_0.postal_code,c1_0.preferred_channel,c1_0.risk_rating,c1_0.state,c1_0.updated_at,c1_0.updated_by,a1_0.customer_id,a1_0.account_id,a1_0.account_status,a1_0.account_tier,a1_0.account_type,a1_0.avg_monthly_balance_6m,a1_0.avg_monthly_txn_count,a1_0.branch_city,a1_0.branch_code,a1_0.card_type,a1_0.close_date,a1_0.created_at,a1_0.created_by,a1_0.credit_limit,a1_0.credit_utilization_pct,a1_0.currency,a1_0.current_balance,a1_0.is_joint_account,a1_0.last_login_date,a1_0.mobile_banking_enrolled,a1_0.num_linked_devices,a1_0.open_date,a1_0.overdraft_enabled,a1_0.risk_rating,a1_0.updated_at,a1_0.updated_by from customers c1_0 left join accounts a1_0 on c1_0.customer_id=a1_0.customer_id where c1_0.customer_id=?
Hibernate: select a1_0.account_id,a1_0.account_status,a1_0.account_tier,a1_0.account_type,a1_0.avg_monthly_balance_6m,a1_0.avg_monthly_txn_count,a1_0.branch_city,a1_0.branch_code,a1_0.card_type,a1_0.close_date,a1_0.created_at,a1_0.created_by,a1_0.credit_limit,a1_0.credit_utilization_pct,a1_0.currency,a1_0.current_balance,a1_0.customer_id,a1_0.is_joint_account,a1_0.last_login_date,a1_0.mobile_banking_enrolled,a1_0.num_linked_devices,a1_0.open_date,a1_0.overdraft_enabled,a1_0.risk_rating,a1_0.updated_at,a1_0.updated_by from accounts a1_0 where a1_0.account_id=?
Hibernate: select a1_0.account_id,a1_0.account_status,a1_0.account_tier,a1_0.account_type,a1_0.avg_monthly_balance_6m,a1_0.avg_monthly_txn_count,a1_0.branch_city,a1_0.branch_code,a1_0.card_type,a1_0.close_date,a1_0.created_at,a1_0.created_by,a1_0.credit_limit,a1_0.credit_utilization_pct,a1_0.currency,a1_0.current_balance,a1_0.customer_id,a1_0.is_joint_account,a1_0.last_login_date,a1_0.mobile_banking_enrolled,a1_0.num_linked_devices,a1_0.open_date,a1_0.overdraft_enabled,a1_0.risk_rating,a1_0.updated_at,a1_0.updated_by from accounts a1_0 where a1_0.account_id=?
Hibernate: insert into customers (age,annual_income,city,num_complaints_last_year,country,created_at,created_by,customer_segment,customer_since,date_of_birth,education_level,email,email_verified,employment_status,first_name,gender,kyc_status,last_name,marital_status,national_id,occupation,phone_number,phone_verified,is_politically_exposed,postal_code,preferred_channel,risk_rating,state,updated_at,updated_by,customer_id) values (?,?,?,?,?,?,?,?,?,?,?,?,?,?,?,?,?,?,?,?,?,?,?,?,?,?,?,?,?,?,?)
Hibernate: insert into customers (age,annual_income,city,num_complaints_last_year,country,created_at,created_by,customer_segment,customer_since,date_of_birth,education_level,email,email_verified,employment_status,first_name,gender,kyc_status,last_name,marital_status,national_id,occupation,phone_number,phone_verified,is_politically_exposed,postal_code,preferred_channel,risk_rating,state,updated_at,updated_by,customer_id) values (?,?,?,?,?,?,?,?,?,?,?,?,?,?,?,?,?,?,?,?,?,?,?,?,?,?,?,?,?,?,?)
Hibernate: insert into accounts (account_status,account_tier,account_type,avg_monthly_balance_6m,avg_monthly_txn_count,branch_city,branch_code,card_type,close_date,created_at,created_by,credit_limit,credit_utilization_pct,currency,current_balance,customer_id,is_joint_account,last_login_date,mobile_banking_enrolled,num_linked_devices,open_date,overdraft_enabled,risk_rating,updated_at,updated_by,account_id) values (?,?,?,?,?,?,?,?,?,?,?,?,?,?,?,?,?,?,?,?,?,?,?,?,?,?)
Hibernate: insert into accounts (account_status,account_tier,account_type,avg_monthly_balance_6m,avg_monthly_txn_count,branch_city,branch_code,card_type,close_date,created_at,created_by,credit_limit,credit_utilization_pct,currency,current_balance,customer_id,is_joint_account,last_login_date,mobile_banking_enrolled,num_linked_devices,open_date,overdraft_enabled,risk_rating,updated_at,updated_by,account_id) values (?,?,?,?,?,?,?,?,?,?,?,?,?,?,?,?,?,?,?,?,?,?,?,?,?,?)
Hibernate: insert into transactions (account_id,amount,balance_after,base_amount,base_currency,branch_code,channel,counterparty_account,counterparty_bank,counterparty_bank_code,counterparty_country,counterparty_name,created_at,created_by,is_cross_border,currency,customer_id,destination_country,device_id,direction,exchange_rate,external_txn_id,ingestion_batch_id,ip_address,merchant_category_code,narration,origin_country,screened_at,screening_status,status,transaction_timestamp,transaction_type,updated_at,updated_by,value_date,id) values (?,?,?,?,?,?,?,?,?,?,?,?,?,?,?,?,?,?,?,?,?,?,?,?,?,?,?,?,?,?,?,?,?,?,?,default)
Hibernate: insert into transactions (account_id,amount,balance_after,base_amount,base_currency,branch_code,channel,counterparty_account,counterparty_bank,counterparty_bank_code,counterparty_country,counterparty_name,created_at,created_by,is_cross_border,currency,customer_id,destination_country,device_id,direction,exchange_rate,external_txn_id,ingestion_batch_id,ip_address,merchant_category_code,narration,origin_country,screened_at,screening_status,status,transaction_timestamp,transaction_type,updated_at,updated_by,value_date,id) values (?,?,?,?,?,?,?,?,?,?,?,?,?,?,?,?,?,?,?,?,?,?,?,?,?,?,?,?,?,?,?,?,?,?,?,default)
Hibernate: insert into transactions (account_id,amount,balance_after,base_amount,base_currency,branch_code,channel,counterparty_account,counterparty_bank,counterparty_bank_code,counterparty_country,counterparty_name,created_at,created_by,is_cross_border,currency,customer_id,destination_country,device_id,direction,exchange_rate,external_txn_id,ingestion_batch_id,ip_address,merchant_category_code,narration,origin_country,screened_at,screening_status,status,transaction_timestamp,transaction_type,updated_at,updated_by,value_date,id) values (?,?,?,?,?,?,?,?,?,?,?,?,?,?,?,?,?,?,?,?,?,?,?,?,?,?,?,?,?,?,?,?,?,?,?,default)
Hibernate: insert into transactions (account_id,amount,balance_after,base_amount,base_currency,branch_code,channel,counterparty_account,counterparty_bank,counterparty_bank_code,counterparty_country,counterparty_name,created_at,created_by,is_cross_border,currency,customer_id,destination_country,device_id,direction,exchange_rate,external_txn_id,ingestion_batch_id,ip_address,merchant_category_code,narration,origin_country,screened_at,screening_status,status,transaction_timestamp,transaction_type,updated_at,updated_by,value_date,id) values (?,?,?,?,?,?,?,?,?,?,?,?,?,?,?,?,?,?,?,?,?,?,?,?,?,?,?,?,?,?,?,?,?,?,?,default)
Hibernate: insert into transactions (account_id,amount,balance_after,base_amount,base_currency,branch_code,channel,counterparty_account,counterparty_bank,counterparty_bank_code,counterparty_country,counterparty_name,created_at,created_by,is_cross_border,currency,customer_id,destination_country,device_id,direction,exchange_rate,external_txn_id,ingestion_batch_id,ip_address,merchant_category_code,narration,origin_country,screened_at,screening_status,status,transaction_timestamp,transaction_type,updated_at,updated_by,value_date,id) values (?,?,?,?,?,?,?,?,?,?,?,?,?,?,?,?,?,?,?,?,?,?,?,?,?,?,?,?,?,?,?,?,?,?,?,default)
Hibernate: select coalesce(avg(d.daily_value), 0) as "avgDailyValue",
       coalesce(avg(d.daily_count), 0) as "avgDailyCount",
       count(*)                        as "activeDays"
  from ( select cast(transaction_timestamp as date) as activity_date,
                sum(base_amount)                    as daily_value,
                count(*)                            as daily_count
           from transactions
          where customer_id = ?
            and transaction_timestamp >= ?
            and transaction_timestamp <  ?
            and status = 'POSTED'
          group by cast(transaction_timestamp as date) ) d

Hibernate: select cast(transaction_timestamp as date) as "activityDate",
       sum(base_amount)                    as "totalValue",
       count(*)                            as "txnCount"
  from transactions
 where customer_id = ?
   and transaction_timestamp >= ?
   and transaction_timestamp <  ?
   and status = 'POSTED'
 group by cast(transaction_timestamp as date)
 order by 1

]]></system-out>
  </testcase>
  <testcase name="flowSummarySeparatesInflowFromOutflowAndReturnsZeroRatherThanNull" classname="com.azentio.aml.repository.DetectionQueryTest" time="0.063">
    <system-out><![CDATA[Hibernate: select c1_0.customer_id,c1_0.age,c1_0.annual_income,c1_0.city,c1_0.num_complaints_last_year,c1_0.country,c1_0.created_at,c1_0.created_by,c1_0.customer_segment,c1_0.customer_since,c1_0.date_of_birth,c1_0.education_level,c1_0.email,c1_0.email_verified,c1_0.employment_status,c1_0.first_name,c1_0.gender,c1_0.kyc_status,c1_0.last_name,c1_0.marital_status,c1_0.national_id,c1_0.occupation,c1_0.phone_number,c1_0.phone_verified,c1_0.is_politically_exposed,c1_0.postal_code,c1_0.preferred_channel,c1_0.risk_rating,c1_0.state,c1_0.updated_at,c1_0.updated_by,a1_0.customer_id,a1_0.account_id,a1_0.account_status,a1_0.account_tier,a1_0.account_type,a1_0.avg_monthly_balance_6m,a1_0.avg_monthly_txn_count,a1_0.branch_city,a1_0.branch_code,a1_0.card_type,a1_0.close_date,a1_0.created_at,a1_0.created_by,a1_0.credit_limit,a1_0.credit_utilization_pct,a1_0.currency,a1_0.current_balance,a1_0.is_joint_account,a1_0.last_login_date,a1_0.mobile_banking_enrolled,a1_0.num_linked_devices,a1_0.open_date,a1_0.overdraft_enabled,a1_0.risk_rating,a1_0.updated_at,a1_0.updated_by from customers c1_0 left join accounts a1_0 on c1_0.customer_id=a1_0.customer_id where c1_0.customer_id=?
Hibernate: select c1_0.customer_id,c1_0.age,c1_0.annual_income,c1_0.city,c1_0.num_complaints_last_year,c1_0.country,c1_0.created_at,c1_0.created_by,c1_0.customer_segment,c1_0.customer_since,c1_0.date_of_birth,c1_0.education_level,c1_0.email,c1_0.email_verified,c1_0.employment_status,c1_0.first_name,c1_0.gender,c1_0.kyc_status,c1_0.last_name,c1_0.marital_status,c1_0.national_id,c1_0.occupation,c1_0.phone_number,c1_0.phone_verified,c1_0.is_politically_exposed,c1_0.postal_code,c1_0.preferred_channel,c1_0.risk_rating,c1_0.state,c1_0.updated_at,c1_0.updated_by,a1_0.customer_id,a1_0.account_id,a1_0.account_status,a1_0.account_tier,a1_0.account_type,a1_0.avg_monthly_balance_6m,a1_0.avg_monthly_txn_count,a1_0.branch_city,a1_0.branch_code,a1_0.card_type,a1_0.close_date,a1_0.created_at,a1_0.created_by,a1_0.credit_limit,a1_0.credit_utilization_pct,a1_0.currency,a1_0.current_balance,a1_0.is_joint_account,a1_0.last_login_date,a1_0.mobile_banking_enrolled,a1_0.num_linked_devices,a1_0.open_date,a1_0.overdraft_enabled,a1_0.risk_rating,a1_0.updated_at,a1_0.updated_by from customers c1_0 left join accounts a1_0 on c1_0.customer_id=a1_0.customer_id where c1_0.customer_id=?
Hibernate: select a1_0.account_id,a1_0.account_status,a1_0.account_tier,a1_0.account_type,a1_0.avg_monthly_balance_6m,a1_0.avg_monthly_txn_count,a1_0.branch_city,a1_0.branch_code,a1_0.card_type,a1_0.close_date,a1_0.created_at,a1_0.created_by,a1_0.credit_limit,a1_0.credit_utilization_pct,a1_0.currency,a1_0.current_balance,a1_0.customer_id,a1_0.is_joint_account,a1_0.last_login_date,a1_0.mobile_banking_enrolled,a1_0.num_linked_devices,a1_0.open_date,a1_0.overdraft_enabled,a1_0.risk_rating,a1_0.updated_at,a1_0.updated_by from accounts a1_0 where a1_0.account_id=?
Hibernate: select a1_0.account_id,a1_0.account_status,a1_0.account_tier,a1_0.account_type,a1_0.avg_monthly_balance_6m,a1_0.avg_monthly_txn_count,a1_0.branch_city,a1_0.branch_code,a1_0.card_type,a1_0.close_date,a1_0.created_at,a1_0.created_by,a1_0.credit_limit,a1_0.credit_utilization_pct,a1_0.currency,a1_0.current_balance,a1_0.customer_id,a1_0.is_joint_account,a1_0.last_login_date,a1_0.mobile_banking_enrolled,a1_0.num_linked_devices,a1_0.open_date,a1_0.overdraft_enabled,a1_0.risk_rating,a1_0.updated_at,a1_0.updated_by from accounts a1_0 where a1_0.account_id=?
Hibernate: insert into customers (age,annual_income,city,num_complaints_last_year,country,created_at,created_by,customer_segment,customer_since,date_of_birth,education_level,email,email_verified,employment_status,first_name,gender,kyc_status,last_name,marital_status,national_id,occupation,phone_number,phone_verified,is_politically_exposed,postal_code,preferred_channel,risk_rating,state,updated_at,updated_by,customer_id) values (?,?,?,?,?,?,?,?,?,?,?,?,?,?,?,?,?,?,?,?,?,?,?,?,?,?,?,?,?,?,?)
Hibernate: insert into customers (age,annual_income,city,num_complaints_last_year,country,created_at,created_by,customer_segment,customer_since,date_of_birth,education_level,email,email_verified,employment_status,first_name,gender,kyc_status,last_name,marital_status,national_id,occupation,phone_number,phone_verified,is_politically_exposed,postal_code,preferred_channel,risk_rating,state,updated_at,updated_by,customer_id) values (?,?,?,?,?,?,?,?,?,?,?,?,?,?,?,?,?,?,?,?,?,?,?,?,?,?,?,?,?,?,?)
Hibernate: insert into accounts (account_status,account_tier,account_type,avg_monthly_balance_6m,avg_monthly_txn_count,branch_city,branch_code,card_type,close_date,created_at,created_by,credit_limit,credit_utilization_pct,currency,current_balance,customer_id,is_joint_account,last_login_date,mobile_banking_enrolled,num_linked_devices,open_date,overdraft_enabled,risk_rating,updated_at,updated_by,account_id) values (?,?,?,?,?,?,?,?,?,?,?,?,?,?,?,?,?,?,?,?,?,?,?,?,?,?)
Hibernate: insert into accounts (account_status,account_tier,account_type,avg_monthly_balance_6m,avg_monthly_txn_count,branch_city,branch_code,card_type,close_date,created_at,created_by,credit_limit,credit_utilization_pct,currency,current_balance,customer_id,is_joint_account,last_login_date,mobile_banking_enrolled,num_linked_devices,open_date,overdraft_enabled,risk_rating,updated_at,updated_by,account_id) values (?,?,?,?,?,?,?,?,?,?,?,?,?,?,?,?,?,?,?,?,?,?,?,?,?,?)
Hibernate: insert into transactions (account_id,amount,balance_after,base_amount,base_currency,branch_code,channel,counterparty_account,counterparty_bank,counterparty_bank_code,counterparty_country,counterparty_name,created_at,created_by,is_cross_border,currency,customer_id,destination_country,device_id,direction,exchange_rate,external_txn_id,ingestion_batch_id,ip_address,merchant_category_code,narration,origin_country,screened_at,screening_status,status,transaction_timestamp,transaction_type,updated_at,updated_by,value_date,id) values (?,?,?,?,?,?,?,?,?,?,?,?,?,?,?,?,?,?,?,?,?,?,?,?,?,?,?,?,?,?,?,?,?,?,?,default)
Hibernate: insert into transactions (account_id,amount,balance_after,base_amount,base_currency,branch_code,channel,counterparty_account,counterparty_bank,counterparty_bank_code,counterparty_country,counterparty_name,created_at,created_by,is_cross_border,currency,customer_id,destination_country,device_id,direction,exchange_rate,external_txn_id,ingestion_batch_id,ip_address,merchant_category_code,narration,origin_country,screened_at,screening_status,status,transaction_timestamp,transaction_type,updated_at,updated_by,value_date,id) values (?,?,?,?,?,?,?,?,?,?,?,?,?,?,?,?,?,?,?,?,?,?,?,?,?,?,?,?,?,?,?,?,?,?,?,default)
Hibernate: insert into transactions (account_id,amount,balance_after,base_amount,base_currency,branch_code,channel,counterparty_account,counterparty_bank,counterparty_bank_code,counterparty_country,counterparty_name,created_at,created_by,is_cross_border,currency,customer_id,destination_country,device_id,direction,exchange_rate,external_txn_id,ingestion_batch_id,ip_address,merchant_category_code,narration,origin_country,screened_at,screening_status,status,transaction_timestamp,transaction_type,updated_at,updated_by,value_date,id) values (?,?,?,?,?,?,?,?,?,?,?,?,?,?,?,?,?,?,?,?,?,?,?,?,?,?,?,?,?,?,?,?,?,?,?,default)
Hibernate: insert into transactions (account_id,amount,balance_after,base_amount,base_currency,branch_code,channel,counterparty_account,counterparty_bank,counterparty_bank_code,counterparty_country,counterparty_name,created_at,created_by,is_cross_border,currency,customer_id,destination_country,device_id,direction,exchange_rate,external_txn_id,ingestion_batch_id,ip_address,merchant_category_code,narration,origin_country,screened_at,screening_status,status,transaction_timestamp,transaction_type,updated_at,updated_by,value_date,id) values (?,?,?,?,?,?,?,?,?,?,?,?,?,?,?,?,?,?,?,?,?,?,?,?,?,?,?,?,?,?,?,?,?,?,?,default)
Hibernate: select coalesce(sum(case when t1_0.direction='CREDIT' then t1_0.base_amount else 0 end),0),coalesce(sum(case when t1_0.direction='DEBIT' then t1_0.base_amount else 0 end),0) from transactions t1_0 where t1_0.account_id=? and t1_0.transaction_timestamp>=? and t1_0.transaction_timestamp<? and t1_0.status='POSTED'
Hibernate: select coalesce(sum(case when t1_0.direction='CREDIT' then t1_0.base_amount else 0 end),0),coalesce(sum(case when t1_0.direction='DEBIT' then t1_0.base_amount else 0 end),0) from transactions t1_0 where t1_0.account_id=? and t1_0.transaction_timestamp>=? and t1_0.transaction_timestamp<? and t1_0.status='POSTED'
Hibernate: select distinct t1_0.account_id from transactions t1_0 where t1_0.transaction_timestamp>=? and t1_0.transaction_timestamp<? and t1_0.direction='CREDIT' and t1_0.base_amount>=? and t1_0.status='POSTED'
]]></system-out>
  </testcase>
  <testcase name="thresholdBreachIsInclusiveOfTheThresholdAndExcludesTheCentBelow" classname="com.azentio.aml.repository.DetectionQueryTest" time="0.035">
    <system-out><![CDATA[Hibernate: select c1_0.customer_id,c1_0.age,c1_0.annual_income,c1_0.city,c1_0.num_complaints_last_year,c1_0.country,c1_0.created_at,c1_0.created_by,c1_0.customer_segment,c1_0.customer_since,c1_0.date_of_birth,c1_0.education_level,c1_0.email,c1_0.email_verified,c1_0.employment_status,c1_0.first_name,c1_0.gender,c1_0.kyc_status,c1_0.last_name,c1_0.marital_status,c1_0.national_id,c1_0.occupation,c1_0.phone_number,c1_0.phone_verified,c1_0.is_politically_exposed,c1_0.postal_code,c1_0.preferred_channel,c1_0.risk_rating,c1_0.state,c1_0.updated_at,c1_0.updated_by,a1_0.customer_id,a1_0.account_id,a1_0.account_status,a1_0.account_tier,a1_0.account_type,a1_0.avg_monthly_balance_6m,a1_0.avg_monthly_txn_count,a1_0.branch_city,a1_0.branch_code,a1_0.card_type,a1_0.close_date,a1_0.created_at,a1_0.created_by,a1_0.credit_limit,a1_0.credit_utilization_pct,a1_0.currency,a1_0.current_balance,a1_0.is_joint_account,a1_0.last_login_date,a1_0.mobile_banking_enrolled,a1_0.num_linked_devices,a1_0.open_date,a1_0.overdraft_enabled,a1_0.risk_rating,a1_0.updated_at,a1_0.updated_by from customers c1_0 left join accounts a1_0 on c1_0.customer_id=a1_0.customer_id where c1_0.customer_id=?
Hibernate: select c1_0.customer_id,c1_0.age,c1_0.annual_income,c1_0.city,c1_0.num_complaints_last_year,c1_0.country,c1_0.created_at,c1_0.created_by,c1_0.customer_segment,c1_0.customer_since,c1_0.date_of_birth,c1_0.education_level,c1_0.email,c1_0.email_verified,c1_0.employment_status,c1_0.first_name,c1_0.gender,c1_0.kyc_status,c1_0.last_name,c1_0.marital_status,c1_0.national_id,c1_0.occupation,c1_0.phone_number,c1_0.phone_verified,c1_0.is_politically_exposed,c1_0.postal_code,c1_0.preferred_channel,c1_0.risk_rating,c1_0.state,c1_0.updated_at,c1_0.updated_by,a1_0.customer_id,a1_0.account_id,a1_0.account_status,a1_0.account_tier,a1_0.account_type,a1_0.avg_monthly_balance_6m,a1_0.avg_monthly_txn_count,a1_0.branch_city,a1_0.branch_code,a1_0.card_type,a1_0.close_date,a1_0.created_at,a1_0.created_by,a1_0.credit_limit,a1_0.credit_utilization_pct,a1_0.currency,a1_0.current_balance,a1_0.is_joint_account,a1_0.last_login_date,a1_0.mobile_banking_enrolled,a1_0.num_linked_devices,a1_0.open_date,a1_0.overdraft_enabled,a1_0.risk_rating,a1_0.updated_at,a1_0.updated_by from customers c1_0 left join accounts a1_0 on c1_0.customer_id=a1_0.customer_id where c1_0.customer_id=?
Hibernate: select a1_0.account_id,a1_0.account_status,a1_0.account_tier,a1_0.account_type,a1_0.avg_monthly_balance_6m,a1_0.avg_monthly_txn_count,a1_0.branch_city,a1_0.branch_code,a1_0.card_type,a1_0.close_date,a1_0.created_at,a1_0.created_by,a1_0.credit_limit,a1_0.credit_utilization_pct,a1_0.currency,a1_0.current_balance,a1_0.customer_id,a1_0.is_joint_account,a1_0.last_login_date,a1_0.mobile_banking_enrolled,a1_0.num_linked_devices,a1_0.open_date,a1_0.overdraft_enabled,a1_0.risk_rating,a1_0.updated_at,a1_0.updated_by from accounts a1_0 where a1_0.account_id=?
Hibernate: select a1_0.account_id,a1_0.account_status,a1_0.account_tier,a1_0.account_type,a1_0.avg_monthly_balance_6m,a1_0.avg_monthly_txn_count,a1_0.branch_city,a1_0.branch_code,a1_0.card_type,a1_0.close_date,a1_0.created_at,a1_0.created_by,a1_0.credit_limit,a1_0.credit_utilization_pct,a1_0.currency,a1_0.current_balance,a1_0.customer_id,a1_0.is_joint_account,a1_0.last_login_date,a1_0.mobile_banking_enrolled,a1_0.num_linked_devices,a1_0.open_date,a1_0.overdraft_enabled,a1_0.risk_rating,a1_0.updated_at,a1_0.updated_by from accounts a1_0 where a1_0.account_id=?
Hibernate: insert into customers (age,annual_income,city,num_complaints_last_year,country,created_at,created_by,customer_segment,customer_since,date_of_birth,education_level,email,email_verified,employment_status,first_name,gender,kyc_status,last_name,marital_status,national_id,occupation,phone_number,phone_verified,is_politically_exposed,postal_code,preferred_channel,risk_rating,state,updated_at,updated_by,customer_id) values (?,?,?,?,?,?,?,?,?,?,?,?,?,?,?,?,?,?,?,?,?,?,?,?,?,?,?,?,?,?,?)
Hibernate: insert into customers (age,annual_income,city,num_complaints_last_year,country,created_at,created_by,customer_segment,customer_since,date_of_birth,education_level,email,email_verified,employment_status,first_name,gender,kyc_status,last_name,marital_status,national_id,occupation,phone_number,phone_verified,is_politically_exposed,postal_code,preferred_channel,risk_rating,state,updated_at,updated_by,customer_id) values (?,?,?,?,?,?,?,?,?,?,?,?,?,?,?,?,?,?,?,?,?,?,?,?,?,?,?,?,?,?,?)
Hibernate: insert into accounts (account_status,account_tier,account_type,avg_monthly_balance_6m,avg_monthly_txn_count,branch_city,branch_code,card_type,close_date,created_at,created_by,credit_limit,credit_utilization_pct,currency,current_balance,customer_id,is_joint_account,last_login_date,mobile_banking_enrolled,num_linked_devices,open_date,overdraft_enabled,risk_rating,updated_at,updated_by,account_id) values (?,?,?,?,?,?,?,?,?,?,?,?,?,?,?,?,?,?,?,?,?,?,?,?,?,?)
Hibernate: insert into accounts (account_status,account_tier,account_type,avg_monthly_balance_6m,avg_monthly_txn_count,branch_city,branch_code,card_type,close_date,created_at,created_by,credit_limit,credit_utilization_pct,currency,current_balance,customer_id,is_joint_account,last_login_date,mobile_banking_enrolled,num_linked_devices,open_date,overdraft_enabled,risk_rating,updated_at,updated_by,account_id) values (?,?,?,?,?,?,?,?,?,?,?,?,?,?,?,?,?,?,?,?,?,?,?,?,?,?)
Hibernate: insert into transactions (account_id,amount,balance_after,base_amount,base_currency,branch_code,channel,counterparty_account,counterparty_bank,counterparty_bank_code,counterparty_country,counterparty_name,created_at,created_by,is_cross_border,currency,customer_id,destination_country,device_id,direction,exchange_rate,external_txn_id,ingestion_batch_id,ip_address,merchant_category_code,narration,origin_country,screened_at,screening_status,status,transaction_timestamp,transaction_type,updated_at,updated_by,value_date,id) values (?,?,?,?,?,?,?,?,?,?,?,?,?,?,?,?,?,?,?,?,?,?,?,?,?,?,?,?,?,?,?,?,?,?,?,default)
Hibernate: insert into transactions (account_id,amount,balance_after,base_amount,base_currency,branch_code,channel,counterparty_account,counterparty_bank,counterparty_bank_code,counterparty_country,counterparty_name,created_at,created_by,is_cross_border,currency,customer_id,destination_country,device_id,direction,exchange_rate,external_txn_id,ingestion_batch_id,ip_address,merchant_category_code,narration,origin_country,screened_at,screening_status,status,transaction_timestamp,transaction_type,updated_at,updated_by,value_date,id) values (?,?,?,?,?,?,?,?,?,?,?,?,?,?,?,?,?,?,?,?,?,?,?,?,?,?,?,?,?,?,?,?,?,?,?,default)
Hibernate: insert into transactions (account_id,amount,balance_after,base_amount,base_currency,branch_code,channel,counterparty_account,counterparty_bank,counterparty_bank_code,counterparty_country,counterparty_name,created_at,created_by,is_cross_border,currency,customer_id,destination_country,device_id,direction,exchange_rate,external_txn_id,ingestion_batch_id,ip_address,merchant_category_code,narration,origin_country,screened_at,screening_status,status,transaction_timestamp,transaction_type,updated_at,updated_by,value_date,id) values (?,?,?,?,?,?,?,?,?,?,?,?,?,?,?,?,?,?,?,?,?,?,?,?,?,?,?,?,?,?,?,?,?,?,?,default)
Hibernate: select t1_0.id,t1_0.account_id,t1_0.amount,t1_0.balance_after,t1_0.base_amount,t1_0.base_currency,t1_0.branch_code,t1_0.channel,t1_0.counterparty_account,t1_0.counterparty_bank,t1_0.counterparty_bank_code,t1_0.counterparty_country,t1_0.counterparty_name,t1_0.created_at,t1_0.created_by,t1_0.is_cross_border,t1_0.currency,t1_0.customer_id,t1_0.destination_country,t1_0.device_id,t1_0.direction,t1_0.exchange_rate,t1_0.external_txn_id,t1_0.ingestion_batch_id,t1_0.ip_address,t1_0.merchant_category_code,t1_0.narration,t1_0.origin_country,t1_0.screened_at,t1_0.screening_status,t1_0.status,t1_0.transaction_timestamp,t1_0.transaction_type,t1_0.updated_at,t1_0.updated_by,t1_0.value_date from transactions t1_0 where t1_0.transaction_timestamp>=? and t1_0.transaction_timestamp<? and t1_0.base_amount>=? and t1_0.status='POSTED' order by t1_0.transaction_timestamp
]]></system-out>
  </testcase>
  <testcase name="structuringNeedsThreeInBandTransactionsOnOneAccountInsideTheWindow" classname="com.azentio.aml.repository.DetectionQueryTest" time="0.04">
    <system-out><![CDATA[Hibernate: select c1_0.customer_id,c1_0.age,c1_0.annual_income,c1_0.city,c1_0.num_complaints_last_year,c1_0.country,c1_0.created_at,c1_0.created_by,c1_0.customer_segment,c1_0.customer_since,c1_0.date_of_birth,c1_0.education_level,c1_0.email,c1_0.email_verified,c1_0.employment_status,c1_0.first_name,c1_0.gender,c1_0.kyc_status,c1_0.last_name,c1_0.marital_status,c1_0.national_id,c1_0.occupation,c1_0.phone_number,c1_0.phone_verified,c1_0.is_politically_exposed,c1_0.postal_code,c1_0.preferred_channel,c1_0.risk_rating,c1_0.state,c1_0.updated_at,c1_0.updated_by,a1_0.customer_id,a1_0.account_id,a1_0.account_status,a1_0.account_tier,a1_0.account_type,a1_0.avg_monthly_balance_6m,a1_0.avg_monthly_txn_count,a1_0.branch_city,a1_0.branch_code,a1_0.card_type,a1_0.close_date,a1_0.created_at,a1_0.created_by,a1_0.credit_limit,a1_0.credit_utilization_pct,a1_0.currency,a1_0.current_balance,a1_0.is_joint_account,a1_0.last_login_date,a1_0.mobile_banking_enrolled,a1_0.num_linked_devices,a1_0.open_date,a1_0.overdraft_enabled,a1_0.risk_rating,a1_0.updated_at,a1_0.updated_by from customers c1_0 left join accounts a1_0 on c1_0.customer_id=a1_0.customer_id where c1_0.customer_id=?
Hibernate: select c1_0.customer_id,c1_0.age,c1_0.annual_income,c1_0.city,c1_0.num_complaints_last_year,c1_0.country,c1_0.created_at,c1_0.created_by,c1_0.customer_segment,c1_0.customer_since,c1_0.date_of_birth,c1_0.education_level,c1_0.email,c1_0.email_verified,c1_0.employment_status,c1_0.first_name,c1_0.gender,c1_0.kyc_status,c1_0.last_name,c1_0.marital_status,c1_0.national_id,c1_0.occupation,c1_0.phone_number,c1_0.phone_verified,c1_0.is_politically_exposed,c1_0.postal_code,c1_0.preferred_channel,c1_0.risk_rating,c1_0.state,c1_0.updated_at,c1_0.updated_by,a1_0.customer_id,a1_0.account_id,a1_0.account_status,a1_0.account_tier,a1_0.account_type,a1_0.avg_monthly_balance_6m,a1_0.avg_monthly_txn_count,a1_0.branch_city,a1_0.branch_code,a1_0.card_type,a1_0.close_date,a1_0.created_at,a1_0.created_by,a1_0.credit_limit,a1_0.credit_utilization_pct,a1_0.currency,a1_0.current_balance,a1_0.is_joint_account,a1_0.last_login_date,a1_0.mobile_banking_enrolled,a1_0.num_linked_devices,a1_0.open_date,a1_0.overdraft_enabled,a1_0.risk_rating,a1_0.updated_at,a1_0.updated_by from customers c1_0 left join accounts a1_0 on c1_0.customer_id=a1_0.customer_id where c1_0.customer_id=?
Hibernate: select a1_0.account_id,a1_0.account_status,a1_0.account_tier,a1_0.account_type,a1_0.avg_monthly_balance_6m,a1_0.avg_monthly_txn_count,a1_0.branch_city,a1_0.branch_code,a1_0.card_type,a1_0.close_date,a1_0.created_at,a1_0.created_by,a1_0.credit_limit,a1_0.credit_utilization_pct,a1_0.currency,a1_0.current_balance,a1_0.customer_id,a1_0.is_joint_account,a1_0.last_login_date,a1_0.mobile_banking_enrolled,a1_0.num_linked_devices,a1_0.open_date,a1_0.overdraft_enabled,a1_0.risk_rating,a1_0.updated_at,a1_0.updated_by from accounts a1_0 where a1_0.account_id=?
Hibernate: select a1_0.account_id,a1_0.account_status,a1_0.account_tier,a1_0.account_type,a1_0.avg_monthly_balance_6m,a1_0.avg_monthly_txn_count,a1_0.branch_city,a1_0.branch_code,a1_0.card_type,a1_0.close_date,a1_0.created_at,a1_0.created_by,a1_0.credit_limit,a1_0.credit_utilization_pct,a1_0.currency,a1_0.current_balance,a1_0.customer_id,a1_0.is_joint_account,a1_0.last_login_date,a1_0.mobile_banking_enrolled,a1_0.num_linked_devices,a1_0.open_date,a1_0.overdraft_enabled,a1_0.risk_rating,a1_0.updated_at,a1_0.updated_by from accounts a1_0 where a1_0.account_id=?
Hibernate: insert into customers (age,annual_income,city,num_complaints_last_year,country,created_at,created_by,customer_segment,customer_since,date_of_birth,education_level,email,email_verified,employment_status,first_name,gender,kyc_status,last_name,marital_status,national_id,occupation,phone_number,phone_verified,is_politically_exposed,postal_code,preferred_channel,risk_rating,state,updated_at,updated_by,customer_id) values (?,?,?,?,?,?,?,?,?,?,?,?,?,?,?,?,?,?,?,?,?,?,?,?,?,?,?,?,?,?,?)
Hibernate: insert into customers (age,annual_income,city,num_complaints_last_year,country,created_at,created_by,customer_segment,customer_since,date_of_birth,education_level,email,email_verified,employment_status,first_name,gender,kyc_status,last_name,marital_status,national_id,occupation,phone_number,phone_verified,is_politically_exposed,postal_code,preferred_channel,risk_rating,state,updated_at,updated_by,customer_id) values (?,?,?,?,?,?,?,?,?,?,?,?,?,?,?,?,?,?,?,?,?,?,?,?,?,?,?,?,?,?,?)
Hibernate: insert into accounts (account_status,account_tier,account_type,avg_monthly_balance_6m,avg_monthly_txn_count,branch_city,branch_code,card_type,close_date,created_at,created_by,credit_limit,credit_utilization_pct,currency,current_balance,customer_id,is_joint_account,last_login_date,mobile_banking_enrolled,num_linked_devices,open_date,overdraft_enabled,risk_rating,updated_at,updated_by,account_id) values (?,?,?,?,?,?,?,?,?,?,?,?,?,?,?,?,?,?,?,?,?,?,?,?,?,?)
Hibernate: insert into accounts (account_status,account_tier,account_type,avg_monthly_balance_6m,avg_monthly_txn_count,branch_city,branch_code,card_type,close_date,created_at,created_by,credit_limit,credit_utilization_pct,currency,current_balance,customer_id,is_joint_account,last_login_date,mobile_banking_enrolled,num_linked_devices,open_date,overdraft_enabled,risk_rating,updated_at,updated_by,account_id) values (?,?,?,?,?,?,?,?,?,?,?,?,?,?,?,?,?,?,?,?,?,?,?,?,?,?)
Hibernate: insert into transactions (account_id,amount,balance_after,base_amount,base_currency,branch_code,channel,counterparty_account,counterparty_bank,counterparty_bank_code,counterparty_country,counterparty_name,created_at,created_by,is_cross_border,currency,customer_id,destination_country,device_id,direction,exchange_rate,external_txn_id,ingestion_batch_id,ip_address,merchant_category_code,narration,origin_country,screened_at,screening_status,status,transaction_timestamp,transaction_type,updated_at,updated_by,value_date,id) values (?,?,?,?,?,?,?,?,?,?,?,?,?,?,?,?,?,?,?,?,?,?,?,?,?,?,?,?,?,?,?,?,?,?,?,default)
Hibernate: insert into transactions (account_id,amount,balance_after,base_amount,base_currency,branch_code,channel,counterparty_account,counterparty_bank,counterparty_bank_code,counterparty_country,counterparty_name,created_at,created_by,is_cross_border,currency,customer_id,destination_country,device_id,direction,exchange_rate,external_txn_id,ingestion_batch_id,ip_address,merchant_category_code,narration,origin_country,screened_at,screening_status,status,transaction_timestamp,transaction_type,updated_at,updated_by,value_date,id) values (?,?,?,?,?,?,?,?,?,?,?,?,?,?,?,?,?,?,?,?,?,?,?,?,?,?,?,?,?,?,?,?,?,?,?,default)
Hibernate: insert into transactions (account_id,amount,balance_after,base_amount,base_currency,branch_code,channel,counterparty_account,counterparty_bank,counterparty_bank_code,counterparty_country,counterparty_name,created_at,created_by,is_cross_border,currency,customer_id,destination_country,device_id,direction,exchange_rate,external_txn_id,ingestion_batch_id,ip_address,merchant_category_code,narration,origin_country,screened_at,screening_status,status,transaction_timestamp,transaction_type,updated_at,updated_by,value_date,id) values (?,?,?,?,?,?,?,?,?,?,?,?,?,?,?,?,?,?,?,?,?,?,?,?,?,?,?,?,?,?,?,?,?,?,?,default)
Hibernate: insert into transactions (account_id,amount,balance_after,base_amount,base_currency,branch_code,channel,counterparty_account,counterparty_bank,counterparty_bank_code,counterparty_country,counterparty_name,created_at,created_by,is_cross_border,currency,customer_id,destination_country,device_id,direction,exchange_rate,external_txn_id,ingestion_batch_id,ip_address,merchant_category_code,narration,origin_country,screened_at,screening_status,status,transaction_timestamp,transaction_type,updated_at,updated_by,value_date,id) values (?,?,?,?,?,?,?,?,?,?,?,?,?,?,?,?,?,?,?,?,?,?,?,?,?,?,?,?,?,?,?,?,?,?,?,default)
Hibernate: insert into transactions (account_id,amount,balance_after,base_amount,base_currency,branch_code,channel,counterparty_account,counterparty_bank,counterparty_bank_code,counterparty_country,counterparty_name,created_at,created_by,is_cross_border,currency,customer_id,destination_country,device_id,direction,exchange_rate,external_txn_id,ingestion_batch_id,ip_address,merchant_category_code,narration,origin_country,screened_at,screening_status,status,transaction_timestamp,transaction_type,updated_at,updated_by,value_date,id) values (?,?,?,?,?,?,?,?,?,?,?,?,?,?,?,?,?,?,?,?,?,?,?,?,?,?,?,?,?,?,?,?,?,?,?,default)
Hibernate: insert into transactions (account_id,amount,balance_after,base_amount,base_currency,branch_code,channel,counterparty_account,counterparty_bank,counterparty_bank_code,counterparty_country,counterparty_name,created_at,created_by,is_cross_border,currency,customer_id,destination_country,device_id,direction,exchange_rate,external_txn_id,ingestion_batch_id,ip_address,merchant_category_code,narration,origin_country,screened_at,screening_status,status,transaction_timestamp,transaction_type,updated_at,updated_by,value_date,id) values (?,?,?,?,?,?,?,?,?,?,?,?,?,?,?,?,?,?,?,?,?,?,?,?,?,?,?,?,?,?,?,?,?,?,?,default)
Hibernate: insert into transactions (account_id,amount,balance_after,base_amount,base_currency,branch_code,channel,counterparty_account,counterparty_bank,counterparty_bank_code,counterparty_country,counterparty_name,created_at,created_by,is_cross_border,currency,customer_id,destination_country,device_id,direction,exchange_rate,external_txn_id,ingestion_batch_id,ip_address,merchant_category_code,narration,origin_country,screened_at,screening_status,status,transaction_timestamp,transaction_type,updated_at,updated_by,value_date,id) values (?,?,?,?,?,?,?,?,?,?,?,?,?,?,?,?,?,?,?,?,?,?,?,?,?,?,?,?,?,?,?,?,?,?,?,default)
Hibernate: select t1_0.account_id,count(t1_0.id),sum(t1_0.base_amount),min(t1_0.transaction_timestamp),max(t1_0.transaction_timestamp) from transactions t1_0 where t1_0.transaction_timestamp>=? and t1_0.transaction_timestamp<? and t1_0.base_amount>=? and t1_0.base_amount<=? and t1_0.status='POSTED' group by t1_0.account_id having count(t1_0.id)>=?
Hibernate: select t1_0.id,t1_0.account_id,t1_0.amount,t1_0.balance_after,t1_0.base_amount,t1_0.base_currency,t1_0.branch_code,t1_0.channel,t1_0.counterparty_account,t1_0.counterparty_bank,t1_0.counterparty_bank_code,t1_0.counterparty_country,t1_0.counterparty_name,t1_0.created_at,t1_0.created_by,t1_0.is_cross_border,t1_0.currency,t1_0.customer_id,t1_0.destination_country,t1_0.device_id,t1_0.direction,t1_0.exchange_rate,t1_0.external_txn_id,t1_0.ingestion_batch_id,t1_0.ip_address,t1_0.merchant_category_code,t1_0.narration,t1_0.origin_country,t1_0.screened_at,t1_0.screening_status,t1_0.status,t1_0.transaction_timestamp,t1_0.transaction_type,t1_0.updated_at,t1_0.updated_by,t1_0.value_date from transactions t1_0 where t1_0.account_id=? and t1_0.transaction_timestamp>=? and t1_0.transaction_timestamp<? and t1_0.base_amount>=? and t1_0.base_amount<=? and t1_0.status='POSTED' order by t1_0.transaction_timestamp
]]></system-out>
  </testcase>
  <testcase name="counterpartyScreeningMatchesOnTheNormalisedName" classname="com.azentio.aml.repository.DetectionQueryTest" time="0.047">
    <system-out><![CDATA[Hibernate: select c1_0.customer_id,c1_0.age,c1_0.annual_income,c1_0.city,c1_0.num_complaints_last_year,c1_0.country,c1_0.created_at,c1_0.created_by,c1_0.customer_segment,c1_0.customer_since,c1_0.date_of_birth,c1_0.education_level,c1_0.email,c1_0.email_verified,c1_0.employment_status,c1_0.first_name,c1_0.gender,c1_0.kyc_status,c1_0.last_name,c1_0.marital_status,c1_0.national_id,c1_0.occupation,c1_0.phone_number,c1_0.phone_verified,c1_0.is_politically_exposed,c1_0.postal_code,c1_0.preferred_channel,c1_0.risk_rating,c1_0.state,c1_0.updated_at,c1_0.updated_by,a1_0.customer_id,a1_0.account_id,a1_0.account_status,a1_0.account_tier,a1_0.account_type,a1_0.avg_monthly_balance_6m,a1_0.avg_monthly_txn_count,a1_0.branch_city,a1_0.branch_code,a1_0.card_type,a1_0.close_date,a1_0.created_at,a1_0.created_by,a1_0.credit_limit,a1_0.credit_utilization_pct,a1_0.currency,a1_0.current_balance,a1_0.is_joint_account,a1_0.last_login_date,a1_0.mobile_banking_enrolled,a1_0.num_linked_devices,a1_0.open_date,a1_0.overdraft_enabled,a1_0.risk_rating,a1_0.updated_at,a1_0.updated_by from customers c1_0 left join accounts a1_0 on c1_0.customer_id=a1_0.customer_id where c1_0.customer_id=?
Hibernate: select c1_0.customer_id,c1_0.age,c1_0.annual_income,c1_0.city,c1_0.num_complaints_last_year,c1_0.country,c1_0.created_at,c1_0.created_by,c1_0.customer_segment,c1_0.customer_since,c1_0.date_of_birth,c1_0.education_level,c1_0.email,c1_0.email_verified,c1_0.employment_status,c1_0.first_name,c1_0.gender,c1_0.kyc_status,c1_0.last_name,c1_0.marital_status,c1_0.national_id,c1_0.occupation,c1_0.phone_number,c1_0.phone_verified,c1_0.is_politically_exposed,c1_0.postal_code,c1_0.preferred_channel,c1_0.risk_rating,c1_0.state,c1_0.updated_at,c1_0.updated_by,a1_0.customer_id,a1_0.account_id,a1_0.account_status,a1_0.account_tier,a1_0.account_type,a1_0.avg_monthly_balance_6m,a1_0.avg_monthly_txn_count,a1_0.branch_city,a1_0.branch_code,a1_0.card_type,a1_0.close_date,a1_0.created_at,a1_0.created_by,a1_0.credit_limit,a1_0.credit_utilization_pct,a1_0.currency,a1_0.current_balance,a1_0.is_joint_account,a1_0.last_login_date,a1_0.mobile_banking_enrolled,a1_0.num_linked_devices,a1_0.open_date,a1_0.overdraft_enabled,a1_0.risk_rating,a1_0.updated_at,a1_0.updated_by from customers c1_0 left join accounts a1_0 on c1_0.customer_id=a1_0.customer_id where c1_0.customer_id=?
Hibernate: select a1_0.account_id,a1_0.account_status,a1_0.account_tier,a1_0.account_type,a1_0.avg_monthly_balance_6m,a1_0.avg_monthly_txn_count,a1_0.branch_city,a1_0.branch_code,a1_0.card_type,a1_0.close_date,a1_0.created_at,a1_0.created_by,a1_0.credit_limit,a1_0.credit_utilization_pct,a1_0.currency,a1_0.current_balance,a1_0.customer_id,a1_0.is_joint_account,a1_0.last_login_date,a1_0.mobile_banking_enrolled,a1_0.num_linked_devices,a1_0.open_date,a1_0.overdraft_enabled,a1_0.risk_rating,a1_0.updated_at,a1_0.updated_by from accounts a1_0 where a1_0.account_id=?
Hibernate: select a1_0.account_id,a1_0.account_status,a1_0.account_tier,a1_0.account_type,a1_0.avg_monthly_balance_6m,a1_0.avg_monthly_txn_count,a1_0.branch_city,a1_0.branch_code,a1_0.card_type,a1_0.close_date,a1_0.created_at,a1_0.created_by,a1_0.credit_limit,a1_0.credit_utilization_pct,a1_0.currency,a1_0.current_balance,a1_0.customer_id,a1_0.is_joint_account,a1_0.last_login_date,a1_0.mobile_banking_enrolled,a1_0.num_linked_devices,a1_0.open_date,a1_0.overdraft_enabled,a1_0.risk_rating,a1_0.updated_at,a1_0.updated_by from accounts a1_0 where a1_0.account_id=?
Hibernate: insert into customers (age,annual_income,city,num_complaints_last_year,country,created_at,created_by,customer_segment,customer_since,date_of_birth,education_level,email,email_verified,employment_status,first_name,gender,kyc_status,last_name,marital_status,national_id,occupation,phone_number,phone_verified,is_politically_exposed,postal_code,preferred_channel,risk_rating,state,updated_at,updated_by,customer_id) values (?,?,?,?,?,?,?,?,?,?,?,?,?,?,?,?,?,?,?,?,?,?,?,?,?,?,?,?,?,?,?)
Hibernate: insert into customers (age,annual_income,city,num_complaints_last_year,country,created_at,created_by,customer_segment,customer_since,date_of_birth,education_level,email,email_verified,employment_status,first_name,gender,kyc_status,last_name,marital_status,national_id,occupation,phone_number,phone_verified,is_politically_exposed,postal_code,preferred_channel,risk_rating,state,updated_at,updated_by,customer_id) values (?,?,?,?,?,?,?,?,?,?,?,?,?,?,?,?,?,?,?,?,?,?,?,?,?,?,?,?,?,?,?)
Hibernate: insert into accounts (account_status,account_tier,account_type,avg_monthly_balance_6m,avg_monthly_txn_count,branch_city,branch_code,card_type,close_date,created_at,created_by,credit_limit,credit_utilization_pct,currency,current_balance,customer_id,is_joint_account,last_login_date,mobile_banking_enrolled,num_linked_devices,open_date,overdraft_enabled,risk_rating,updated_at,updated_by,account_id) values (?,?,?,?,?,?,?,?,?,?,?,?,?,?,?,?,?,?,?,?,?,?,?,?,?,?)
Hibernate: insert into accounts (account_status,account_tier,account_type,avg_monthly_balance_6m,avg_monthly_txn_count,branch_city,branch_code,card_type,close_date,created_at,created_by,credit_limit,credit_utilization_pct,currency,current_balance,customer_id,is_joint_account,last_login_date,mobile_banking_enrolled,num_linked_devices,open_date,overdraft_enabled,risk_rating,updated_at,updated_by,account_id) values (?,?,?,?,?,?,?,?,?,?,?,?,?,?,?,?,?,?,?,?,?,?,?,?,?,?)
Hibernate: insert into transactions (account_id,amount,balance_after,base_amount,base_currency,branch_code,channel,counterparty_account,counterparty_bank,counterparty_bank_code,counterparty_country,counterparty_name,created_at,created_by,is_cross_border,currency,customer_id,destination_country,device_id,direction,exchange_rate,external_txn_id,ingestion_batch_id,ip_address,merchant_category_code,narration,origin_country,screened_at,screening_status,status,transaction_timestamp,transaction_type,updated_at,updated_by,value_date,id) values (?,?,?,?,?,?,?,?,?,?,?,?,?,?,?,?,?,?,?,?,?,?,?,?,?,?,?,?,?,?,?,?,?,?,?,default)
Hibernate: insert into transactions (account_id,amount,balance_after,base_amount,base_currency,branch_code,channel,counterparty_account,counterparty_bank,counterparty_bank_code,counterparty_country,counterparty_name,created_at,created_by,is_cross_border,currency,customer_id,destination_country,device_id,direction,exchange_rate,external_txn_id,ingestion_batch_id,ip_address,merchant_category_code,narration,origin_country,screened_at,screening_status,status,transaction_timestamp,transaction_type,updated_at,updated_by,value_date,id) values (?,?,?,?,?,?,?,?,?,?,?,?,?,?,?,?,?,?,?,?,?,?,?,?,?,?,?,?,?,?,?,?,?,?,?,default)
Hibernate: select t1_0.id,t1_0.account_id,t1_0.amount,t1_0.balance_after,t1_0.base_amount,t1_0.base_currency,t1_0.branch_code,t1_0.channel,t1_0.counterparty_account,t1_0.counterparty_bank,t1_0.counterparty_bank_code,t1_0.counterparty_country,t1_0.counterparty_name,t1_0.created_at,t1_0.created_by,t1_0.is_cross_border,t1_0.currency,t1_0.customer_id,t1_0.destination_country,t1_0.device_id,t1_0.direction,t1_0.exchange_rate,t1_0.external_txn_id,t1_0.ingestion_batch_id,t1_0.ip_address,t1_0.merchant_category_code,t1_0.narration,t1_0.origin_country,t1_0.screened_at,t1_0.screening_status,t1_0.status,t1_0.transaction_timestamp,t1_0.transaction_type,t1_0.updated_at,t1_0.updated_by,t1_0.value_date from transactions t1_0 where t1_0.transaction_timestamp>=? and t1_0.transaction_timestamp<? and (upper(t1_0.counterparty_name) in (?) or upper(t1_0.counterparty_bank) in (?) or upper(t1_0.counterparty_account) in (?)) order by t1_0.transaction_timestamp
]]></system-out>
  </testcase>
  <testcase name="unknownDedupeKeyUpdatesNothingSoTheCallerKnowsToInsert" classname="com.azentio.aml.repository.DetectionQueryTest" time="0.034">
    <system-out><![CDATA[Hibernate: select c1_0.customer_id,c1_0.age,c1_0.annual_income,c1_0.city,c1_0.num_complaints_last_year,c1_0.country,c1_0.created_at,c1_0.created_by,c1_0.customer_segment,c1_0.customer_since,c1_0.date_of_birth,c1_0.education_level,c1_0.email,c1_0.email_verified,c1_0.employment_status,c1_0.first_name,c1_0.gender,c1_0.kyc_status,c1_0.last_name,c1_0.marital_status,c1_0.national_id,c1_0.occupation,c1_0.phone_number,c1_0.phone_verified,c1_0.is_politically_exposed,c1_0.postal_code,c1_0.preferred_channel,c1_0.risk_rating,c1_0.state,c1_0.updated_at,c1_0.updated_by,a1_0.customer_id,a1_0.account_id,a1_0.account_status,a1_0.account_tier,a1_0.account_type,a1_0.avg_monthly_balance_6m,a1_0.avg_monthly_txn_count,a1_0.branch_city,a1_0.branch_code,a1_0.card_type,a1_0.close_date,a1_0.created_at,a1_0.created_by,a1_0.credit_limit,a1_0.credit_utilization_pct,a1_0.currency,a1_0.current_balance,a1_0.is_joint_account,a1_0.last_login_date,a1_0.mobile_banking_enrolled,a1_0.num_linked_devices,a1_0.open_date,a1_0.overdraft_enabled,a1_0.risk_rating,a1_0.updated_at,a1_0.updated_by from customers c1_0 left join accounts a1_0 on c1_0.customer_id=a1_0.customer_id where c1_0.customer_id=?
Hibernate: select c1_0.customer_id,c1_0.age,c1_0.annual_income,c1_0.city,c1_0.num_complaints_last_year,c1_0.country,c1_0.created_at,c1_0.created_by,c1_0.customer_segment,c1_0.customer_since,c1_0.date_of_birth,c1_0.education_level,c1_0.email,c1_0.email_verified,c1_0.employment_status,c1_0.first_name,c1_0.gender,c1_0.kyc_status,c1_0.last_name,c1_0.marital_status,c1_0.national_id,c1_0.occupation,c1_0.phone_number,c1_0.phone_verified,c1_0.is_politically_exposed,c1_0.postal_code,c1_0.preferred_channel,c1_0.risk_rating,c1_0.state,c1_0.updated_at,c1_0.updated_by,a1_0.customer_id,a1_0.account_id,a1_0.account_status,a1_0.account_tier,a1_0.account_type,a1_0.avg_monthly_balance_6m,a1_0.avg_monthly_txn_count,a1_0.branch_city,a1_0.branch_code,a1_0.card_type,a1_0.close_date,a1_0.created_at,a1_0.created_by,a1_0.credit_limit,a1_0.credit_utilization_pct,a1_0.currency,a1_0.current_balance,a1_0.is_joint_account,a1_0.last_login_date,a1_0.mobile_banking_enrolled,a1_0.num_linked_devices,a1_0.open_date,a1_0.overdraft_enabled,a1_0.risk_rating,a1_0.updated_at,a1_0.updated_by from customers c1_0 left join accounts a1_0 on c1_0.customer_id=a1_0.customer_id where c1_0.customer_id=?
Hibernate: select a1_0.account_id,a1_0.account_status,a1_0.account_tier,a1_0.account_type,a1_0.avg_monthly_balance_6m,a1_0.avg_monthly_txn_count,a1_0.branch_city,a1_0.branch_code,a1_0.card_type,a1_0.close_date,a1_0.created_at,a1_0.created_by,a1_0.credit_limit,a1_0.credit_utilization_pct,a1_0.currency,a1_0.current_balance,a1_0.customer_id,a1_0.is_joint_account,a1_0.last_login_date,a1_0.mobile_banking_enrolled,a1_0.num_linked_devices,a1_0.open_date,a1_0.overdraft_enabled,a1_0.risk_rating,a1_0.updated_at,a1_0.updated_by from accounts a1_0 where a1_0.account_id=?
Hibernate: select a1_0.account_id,a1_0.account_status,a1_0.account_tier,a1_0.account_type,a1_0.avg_monthly_balance_6m,a1_0.avg_monthly_txn_count,a1_0.branch_city,a1_0.branch_code,a1_0.card_type,a1_0.close_date,a1_0.created_at,a1_0.created_by,a1_0.credit_limit,a1_0.credit_utilization_pct,a1_0.currency,a1_0.current_balance,a1_0.customer_id,a1_0.is_joint_account,a1_0.last_login_date,a1_0.mobile_banking_enrolled,a1_0.num_linked_devices,a1_0.open_date,a1_0.overdraft_enabled,a1_0.risk_rating,a1_0.updated_at,a1_0.updated_by from accounts a1_0 where a1_0.account_id=?
Hibernate: insert into customers (age,annual_income,city,num_complaints_last_year,country,created_at,created_by,customer_segment,customer_since,date_of_birth,education_level,email,email_verified,employment_status,first_name,gender,kyc_status,last_name,marital_status,national_id,occupation,phone_number,phone_verified,is_politically_exposed,postal_code,preferred_channel,risk_rating,state,updated_at,updated_by,customer_id) values (?,?,?,?,?,?,?,?,?,?,?,?,?,?,?,?,?,?,?,?,?,?,?,?,?,?,?,?,?,?,?)
Hibernate: insert into customers (age,annual_income,city,num_complaints_last_year,country,created_at,created_by,customer_segment,customer_since,date_of_birth,education_level,email,email_verified,employment_status,first_name,gender,kyc_status,last_name,marital_status,national_id,occupation,phone_number,phone_verified,is_politically_exposed,postal_code,preferred_channel,risk_rating,state,updated_at,updated_by,customer_id) values (?,?,?,?,?,?,?,?,?,?,?,?,?,?,?,?,?,?,?,?,?,?,?,?,?,?,?,?,?,?,?)
Hibernate: insert into accounts (account_status,account_tier,account_type,avg_monthly_balance_6m,avg_monthly_txn_count,branch_city,branch_code,card_type,close_date,created_at,created_by,credit_limit,credit_utilization_pct,currency,current_balance,customer_id,is_joint_account,last_login_date,mobile_banking_enrolled,num_linked_devices,open_date,overdraft_enabled,risk_rating,updated_at,updated_by,account_id) values (?,?,?,?,?,?,?,?,?,?,?,?,?,?,?,?,?,?,?,?,?,?,?,?,?,?)
Hibernate: insert into accounts (account_status,account_tier,account_type,avg_monthly_balance_6m,avg_monthly_txn_count,branch_city,branch_code,card_type,close_date,created_at,created_by,credit_limit,credit_utilization_pct,currency,current_balance,customer_id,is_joint_account,last_login_date,mobile_banking_enrolled,num_linked_devices,open_date,overdraft_enabled,risk_rating,updated_at,updated_by,account_id) values (?,?,?,?,?,?,?,?,?,?,?,?,?,?,?,?,?,?,?,?,?,?,?,?,?,?)
Hibernate: update alerts a1_0 set occurrence_count=(a1_0.occurrence_count+1),last_detected_at=? where a1_0.dedupe_key=?
]]></system-out>
  </testcase>
  <testcase name="dormantActivityLooksAtTheBankOwnAccountClassification" classname="com.azentio.aml.repository.DetectionQueryTest" time="0.049">
    <system-out><![CDATA[Hibernate: select c1_0.customer_id,c1_0.age,c1_0.annual_income,c1_0.city,c1_0.num_complaints_last_year,c1_0.country,c1_0.created_at,c1_0.created_by,c1_0.customer_segment,c1_0.customer_since,c1_0.date_of_birth,c1_0.education_level,c1_0.email,c1_0.email_verified,c1_0.employment_status,c1_0.first_name,c1_0.gender,c1_0.kyc_status,c1_0.last_name,c1_0.marital_status,c1_0.national_id,c1_0.occupation,c1_0.phone_number,c1_0.phone_verified,c1_0.is_politically_exposed,c1_0.postal_code,c1_0.preferred_channel,c1_0.risk_rating,c1_0.state,c1_0.updated_at,c1_0.updated_by,a1_0.customer_id,a1_0.account_id,a1_0.account_status,a1_0.account_tier,a1_0.account_type,a1_0.avg_monthly_balance_6m,a1_0.avg_monthly_txn_count,a1_0.branch_city,a1_0.branch_code,a1_0.card_type,a1_0.close_date,a1_0.created_at,a1_0.created_by,a1_0.credit_limit,a1_0.credit_utilization_pct,a1_0.currency,a1_0.current_balance,a1_0.is_joint_account,a1_0.last_login_date,a1_0.mobile_banking_enrolled,a1_0.num_linked_devices,a1_0.open_date,a1_0.overdraft_enabled,a1_0.risk_rating,a1_0.updated_at,a1_0.updated_by from customers c1_0 left join accounts a1_0 on c1_0.customer_id=a1_0.customer_id where c1_0.customer_id=?
Hibernate: select c1_0.customer_id,c1_0.age,c1_0.annual_income,c1_0.city,c1_0.num_complaints_last_year,c1_0.country,c1_0.created_at,c1_0.created_by,c1_0.customer_segment,c1_0.customer_since,c1_0.date_of_birth,c1_0.education_level,c1_0.email,c1_0.email_verified,c1_0.employment_status,c1_0.first_name,c1_0.gender,c1_0.kyc_status,c1_0.last_name,c1_0.marital_status,c1_0.national_id,c1_0.occupation,c1_0.phone_number,c1_0.phone_verified,c1_0.is_politically_exposed,c1_0.postal_code,c1_0.preferred_channel,c1_0.risk_rating,c1_0.state,c1_0.updated_at,c1_0.updated_by,a1_0.customer_id,a1_0.account_id,a1_0.account_status,a1_0.account_tier,a1_0.account_type,a1_0.avg_monthly_balance_6m,a1_0.avg_monthly_txn_count,a1_0.branch_city,a1_0.branch_code,a1_0.card_type,a1_0.close_date,a1_0.created_at,a1_0.created_by,a1_0.credit_limit,a1_0.credit_utilization_pct,a1_0.currency,a1_0.current_balance,a1_0.is_joint_account,a1_0.last_login_date,a1_0.mobile_banking_enrolled,a1_0.num_linked_devices,a1_0.open_date,a1_0.overdraft_enabled,a1_0.risk_rating,a1_0.updated_at,a1_0.updated_by from customers c1_0 left join accounts a1_0 on c1_0.customer_id=a1_0.customer_id where c1_0.customer_id=?
Hibernate: select a1_0.account_id,a1_0.account_status,a1_0.account_tier,a1_0.account_type,a1_0.avg_monthly_balance_6m,a1_0.avg_monthly_txn_count,a1_0.branch_city,a1_0.branch_code,a1_0.card_type,a1_0.close_date,a1_0.created_at,a1_0.created_by,a1_0.credit_limit,a1_0.credit_utilization_pct,a1_0.currency,a1_0.current_balance,a1_0.customer_id,a1_0.is_joint_account,a1_0.last_login_date,a1_0.mobile_banking_enrolled,a1_0.num_linked_devices,a1_0.open_date,a1_0.overdraft_enabled,a1_0.risk_rating,a1_0.updated_at,a1_0.updated_by from accounts a1_0 where a1_0.account_id=?
Hibernate: select a1_0.account_id,a1_0.account_status,a1_0.account_tier,a1_0.account_type,a1_0.avg_monthly_balance_6m,a1_0.avg_monthly_txn_count,a1_0.branch_city,a1_0.branch_code,a1_0.card_type,a1_0.close_date,a1_0.created_at,a1_0.created_by,a1_0.credit_limit,a1_0.credit_utilization_pct,a1_0.currency,a1_0.current_balance,a1_0.customer_id,a1_0.is_joint_account,a1_0.last_login_date,a1_0.mobile_banking_enrolled,a1_0.num_linked_devices,a1_0.open_date,a1_0.overdraft_enabled,a1_0.risk_rating,a1_0.updated_at,a1_0.updated_by from accounts a1_0 where a1_0.account_id=?
Hibernate: select a1_0.account_id,a1_0.account_status,a1_0.account_tier,a1_0.account_type,a1_0.avg_monthly_balance_6m,a1_0.avg_monthly_txn_count,a1_0.branch_city,a1_0.branch_code,a1_0.card_type,a1_0.close_date,a1_0.created_at,a1_0.created_by,a1_0.credit_limit,a1_0.credit_utilization_pct,a1_0.currency,a1_0.current_balance,a1_0.customer_id,a1_0.is_joint_account,a1_0.last_login_date,a1_0.mobile_banking_enrolled,a1_0.num_linked_devices,a1_0.open_date,a1_0.overdraft_enabled,a1_0.risk_rating,a1_0.updated_at,a1_0.updated_by from accounts a1_0 where a1_0.account_id=?
Hibernate: insert into customers (age,annual_income,city,num_complaints_last_year,country,created_at,created_by,customer_segment,customer_since,date_of_birth,education_level,email,email_verified,employment_status,first_name,gender,kyc_status,last_name,marital_status,national_id,occupation,phone_number,phone_verified,is_politically_exposed,postal_code,preferred_channel,risk_rating,state,updated_at,updated_by,customer_id) values (?,?,?,?,?,?,?,?,?,?,?,?,?,?,?,?,?,?,?,?,?,?,?,?,?,?,?,?,?,?,?)
Hibernate: insert into customers (age,annual_income,city,num_complaints_last_year,country,created_at,created_by,customer_segment,customer_since,date_of_birth,education_level,email,email_verified,employment_status,first_name,gender,kyc_status,last_name,marital_status,national_id,occupation,phone_number,phone_verified,is_politically_exposed,postal_code,preferred_channel,risk_rating,state,updated_at,updated_by,customer_id) values (?,?,?,?,?,?,?,?,?,?,?,?,?,?,?,?,?,?,?,?,?,?,?,?,?,?,?,?,?,?,?)
Hibernate: insert into accounts (account_status,account_tier,account_type,avg_monthly_balance_6m,avg_monthly_txn_count,branch_city,branch_code,card_type,close_date,created_at,created_by,credit_limit,credit_utilization_pct,currency,current_balance,customer_id,is_joint_account,last_login_date,mobile_banking_enrolled,num_linked_devices,open_date,overdraft_enabled,risk_rating,updated_at,updated_by,account_id) values (?,?,?,?,?,?,?,?,?,?,?,?,?,?,?,?,?,?,?,?,?,?,?,?,?,?)
Hibernate: insert into accounts (account_status,account_tier,account_type,avg_monthly_balance_6m,avg_monthly_txn_count,branch_city,branch_code,card_type,close_date,created_at,created_by,credit_limit,credit_utilization_pct,currency,current_balance,customer_id,is_joint_account,last_login_date,mobile_banking_enrolled,num_linked_devices,open_date,overdraft_enabled,risk_rating,updated_at,updated_by,account_id) values (?,?,?,?,?,?,?,?,?,?,?,?,?,?,?,?,?,?,?,?,?,?,?,?,?,?)
Hibernate: insert into accounts (account_status,account_tier,account_type,avg_monthly_balance_6m,avg_monthly_txn_count,branch_city,branch_code,card_type,close_date,created_at,created_by,credit_limit,credit_utilization_pct,currency,current_balance,customer_id,is_joint_account,last_login_date,mobile_banking_enrolled,num_linked_devices,open_date,overdraft_enabled,risk_rating,updated_at,updated_by,account_id) values (?,?,?,?,?,?,?,?,?,?,?,?,?,?,?,?,?,?,?,?,?,?,?,?,?,?)
Hibernate: insert into transactions (account_id,amount,balance_after,base_amount,base_currency,branch_code,channel,counterparty_account,counterparty_bank,counterparty_bank_code,counterparty_country,counterparty_name,created_at,created_by,is_cross_border,currency,customer_id,destination_country,device_id,direction,exchange_rate,external_txn_id,ingestion_batch_id,ip_address,merchant_category_code,narration,origin_country,screened_at,screening_status,status,transaction_timestamp,transaction_type,updated_at,updated_by,value_date,id) values (?,?,?,?,?,?,?,?,?,?,?,?,?,?,?,?,?,?,?,?,?,?,?,?,?,?,?,?,?,?,?,?,?,?,?,default)
Hibernate: insert into transactions (account_id,amount,balance_after,base_amount,base_currency,branch_code,channel,counterparty_account,counterparty_bank,counterparty_bank_code,counterparty_country,counterparty_name,created_at,created_by,is_cross_border,currency,customer_id,destination_country,device_id,direction,exchange_rate,external_txn_id,ingestion_batch_id,ip_address,merchant_category_code,narration,origin_country,screened_at,screening_status,status,transaction_timestamp,transaction_type,updated_at,updated_by,value_date,id) values (?,?,?,?,?,?,?,?,?,?,?,?,?,?,?,?,?,?,?,?,?,?,?,?,?,?,?,?,?,?,?,?,?,?,?,default)
Hibernate: insert into transactions (account_id,amount,balance_after,base_amount,base_currency,branch_code,channel,counterparty_account,counterparty_bank,counterparty_bank_code,counterparty_country,counterparty_name,created_at,created_by,is_cross_border,currency,customer_id,destination_country,device_id,direction,exchange_rate,external_txn_id,ingestion_batch_id,ip_address,merchant_category_code,narration,origin_country,screened_at,screening_status,status,transaction_timestamp,transaction_type,updated_at,updated_by,value_date,id) values (?,?,?,?,?,?,?,?,?,?,?,?,?,?,?,?,?,?,?,?,?,?,?,?,?,?,?,?,?,?,?,?,?,?,?,default)
Hibernate: select t1_0.id,t1_0.account_id,t1_0.amount,t1_0.balance_after,t1_0.base_amount,t1_0.base_currency,t1_0.branch_code,t1_0.channel,t1_0.counterparty_account,t1_0.counterparty_bank,t1_0.counterparty_bank_code,t1_0.counterparty_country,t1_0.counterparty_name,t1_0.created_at,t1_0.created_by,t1_0.is_cross_border,t1_0.currency,t1_0.customer_id,t1_0.destination_country,t1_0.device_id,t1_0.direction,t1_0.exchange_rate,t1_0.external_txn_id,t1_0.ingestion_batch_id,t1_0.ip_address,t1_0.merchant_category_code,t1_0.narration,t1_0.origin_country,t1_0.screened_at,t1_0.screening_status,t1_0.status,t1_0.transaction_timestamp,t1_0.transaction_type,t1_0.updated_at,t1_0.updated_by,t1_0.value_date from transactions t1_0 join accounts a1_0 on a1_0.account_id=t1_0.account_id where t1_0.transaction_timestamp>=? and t1_0.transaction_timestamp<? and t1_0.base_amount>=? and a1_0.account_status in (?,?) and t1_0.status='POSTED' order by t1_0.transaction_timestamp
]]></system-out>
  </testcase>
  <testcase name="activeRulesAreOrderedByExecutionOrderAndExcludeDisabledOnes" classname="com.azentio.aml.repository.DetectionQueryTest" time="0.049">
    <system-out><![CDATA[Hibernate: select c1_0.customer_id,c1_0.age,c1_0.annual_income,c1_0.city,c1_0.num_complaints_last_year,c1_0.country,c1_0.created_at,c1_0.created_by,c1_0.customer_segment,c1_0.customer_since,c1_0.date_of_birth,c1_0.education_level,c1_0.email,c1_0.email_verified,c1_0.employment_status,c1_0.first_name,c1_0.gender,c1_0.kyc_status,c1_0.last_name,c1_0.marital_status,c1_0.national_id,c1_0.occupation,c1_0.phone_number,c1_0.phone_verified,c1_0.is_politically_exposed,c1_0.postal_code,c1_0.preferred_channel,c1_0.risk_rating,c1_0.state,c1_0.updated_at,c1_0.updated_by,a1_0.customer_id,a1_0.account_id,a1_0.account_status,a1_0.account_tier,a1_0.account_type,a1_0.avg_monthly_balance_6m,a1_0.avg_monthly_txn_count,a1_0.branch_city,a1_0.branch_code,a1_0.card_type,a1_0.close_date,a1_0.created_at,a1_0.created_by,a1_0.credit_limit,a1_0.credit_utilization_pct,a1_0.currency,a1_0.current_balance,a1_0.is_joint_account,a1_0.last_login_date,a1_0.mobile_banking_enrolled,a1_0.num_linked_devices,a1_0.open_date,a1_0.overdraft_enabled,a1_0.risk_rating,a1_0.updated_at,a1_0.updated_by from customers c1_0 left join accounts a1_0 on c1_0.customer_id=a1_0.customer_id where c1_0.customer_id=?
Hibernate: select c1_0.customer_id,c1_0.age,c1_0.annual_income,c1_0.city,c1_0.num_complaints_last_year,c1_0.country,c1_0.created_at,c1_0.created_by,c1_0.customer_segment,c1_0.customer_since,c1_0.date_of_birth,c1_0.education_level,c1_0.email,c1_0.email_verified,c1_0.employment_status,c1_0.first_name,c1_0.gender,c1_0.kyc_status,c1_0.last_name,c1_0.marital_status,c1_0.national_id,c1_0.occupation,c1_0.phone_number,c1_0.phone_verified,c1_0.is_politically_exposed,c1_0.postal_code,c1_0.preferred_channel,c1_0.risk_rating,c1_0.state,c1_0.updated_at,c1_0.updated_by,a1_0.customer_id,a1_0.account_id,a1_0.account_status,a1_0.account_tier,a1_0.account_type,a1_0.avg_monthly_balance_6m,a1_0.avg_monthly_txn_count,a1_0.branch_city,a1_0.branch_code,a1_0.card_type,a1_0.close_date,a1_0.created_at,a1_0.created_by,a1_0.credit_limit,a1_0.credit_utilization_pct,a1_0.currency,a1_0.current_balance,a1_0.is_joint_account,a1_0.last_login_date,a1_0.mobile_banking_enrolled,a1_0.num_linked_devices,a1_0.open_date,a1_0.overdraft_enabled,a1_0.risk_rating,a1_0.updated_at,a1_0.updated_by from customers c1_0 left join accounts a1_0 on c1_0.customer_id=a1_0.customer_id where c1_0.customer_id=?
Hibernate: select a1_0.account_id,a1_0.account_status,a1_0.account_tier,a1_0.account_type,a1_0.avg_monthly_balance_6m,a1_0.avg_monthly_txn_count,a1_0.branch_city,a1_0.branch_code,a1_0.card_type,a1_0.close_date,a1_0.created_at,a1_0.created_by,a1_0.credit_limit,a1_0.credit_utilization_pct,a1_0.currency,a1_0.current_balance,a1_0.customer_id,a1_0.is_joint_account,a1_0.last_login_date,a1_0.mobile_banking_enrolled,a1_0.num_linked_devices,a1_0.open_date,a1_0.overdraft_enabled,a1_0.risk_rating,a1_0.updated_at,a1_0.updated_by from accounts a1_0 where a1_0.account_id=?
Hibernate: select a1_0.account_id,a1_0.account_status,a1_0.account_tier,a1_0.account_type,a1_0.avg_monthly_balance_6m,a1_0.avg_monthly_txn_count,a1_0.branch_city,a1_0.branch_code,a1_0.card_type,a1_0.close_date,a1_0.created_at,a1_0.created_by,a1_0.credit_limit,a1_0.credit_utilization_pct,a1_0.currency,a1_0.current_balance,a1_0.customer_id,a1_0.is_joint_account,a1_0.last_login_date,a1_0.mobile_banking_enrolled,a1_0.num_linked_devices,a1_0.open_date,a1_0.overdraft_enabled,a1_0.risk_rating,a1_0.updated_at,a1_0.updated_by from accounts a1_0 where a1_0.account_id=?
Hibernate: insert into customers (age,annual_income,city,num_complaints_last_year,country,created_at,created_by,customer_segment,customer_since,date_of_birth,education_level,email,email_verified,employment_status,first_name,gender,kyc_status,last_name,marital_status,national_id,occupation,phone_number,phone_verified,is_politically_exposed,postal_code,preferred_channel,risk_rating,state,updated_at,updated_by,customer_id) values (?,?,?,?,?,?,?,?,?,?,?,?,?,?,?,?,?,?,?,?,?,?,?,?,?,?,?,?,?,?,?)
Hibernate: insert into customers (age,annual_income,city,num_complaints_last_year,country,created_at,created_by,customer_segment,customer_since,date_of_birth,education_level,email,email_verified,employment_status,first_name,gender,kyc_status,last_name,marital_status,national_id,occupation,phone_number,phone_verified,is_politically_exposed,postal_code,preferred_channel,risk_rating,state,updated_at,updated_by,customer_id) values (?,?,?,?,?,?,?,?,?,?,?,?,?,?,?,?,?,?,?,?,?,?,?,?,?,?,?,?,?,?,?)
Hibernate: insert into accounts (account_status,account_tier,account_type,avg_monthly_balance_6m,avg_monthly_txn_count,branch_city,branch_code,card_type,close_date,created_at,created_by,credit_limit,credit_utilization_pct,currency,current_balance,customer_id,is_joint_account,last_login_date,mobile_banking_enrolled,num_linked_devices,open_date,overdraft_enabled,risk_rating,updated_at,updated_by,account_id) values (?,?,?,?,?,?,?,?,?,?,?,?,?,?,?,?,?,?,?,?,?,?,?,?,?,?)
Hibernate: insert into accounts (account_status,account_tier,account_type,avg_monthly_balance_6m,avg_monthly_txn_count,branch_city,branch_code,card_type,close_date,created_at,created_by,credit_limit,credit_utilization_pct,currency,current_balance,customer_id,is_joint_account,last_login_date,mobile_banking_enrolled,num_linked_devices,open_date,overdraft_enabled,risk_rating,updated_at,updated_by,account_id) values (?,?,?,?,?,?,?,?,?,?,?,?,?,?,?,?,?,?,?,?,?,?,?,?,?,?)
Hibernate: insert into rule_configs (config_version,created_at,created_by,dedupe_window_hours,description,deviation_multiplier,effective_from,effective_to,enabled,execution_order,last_tuned_at,last_tuned_by,lookback_days,min_occurrences,parameters,ratio_threshold,risk_weight,rule_code,rule_name,severity,threshold_amount,threshold_amount_min,threshold_currency,time_window_hours,typology,updated_at,updated_by,id) values (?,?,?,?,?,?,?,?,?,?,?,?,?,?,?,?,?,?,?,?,?,?,?,?,?,?,?,default)
Hibernate: insert into rule_configs (config_version,created_at,created_by,dedupe_window_hours,description,deviation_multiplier,effective_from,effective_to,enabled,execution_order,last_tuned_at,last_tuned_by,lookback_days,min_occurrences,parameters,ratio_threshold,risk_weight,rule_code,rule_name,severity,threshold_amount,threshold_amount_min,threshold_currency,time_window_hours,typology,updated_at,updated_by,id) values (?,?,?,?,?,?,?,?,?,?,?,?,?,?,?,?,?,?,?,?,?,?,?,?,?,?,?,default)
Hibernate: insert into rule_configs (config_version,created_at,created_by,dedupe_window_hours,description,deviation_multiplier,effective_from,effective_to,enabled,execution_order,last_tuned_at,last_tuned_by,lookback_days,min_occurrences,parameters,ratio_threshold,risk_weight,rule_code,rule_name,severity,threshold_amount,threshold_amount_min,threshold_currency,time_window_hours,typology,updated_at,updated_by,id) values (?,?,?,?,?,?,?,?,?,?,?,?,?,?,?,?,?,?,?,?,?,?,?,?,?,?,?,default)
Hibernate: select rc1_0.id,rc1_0.config_version,rc1_0.created_at,rc1_0.created_by,rc1_0.dedupe_window_hours,rc1_0.description,rc1_0.deviation_multiplier,rc1_0.effective_from,rc1_0.effective_to,rc1_0.enabled,rc1_0.execution_order,rc1_0.last_tuned_at,rc1_0.last_tuned_by,rc1_0.lookback_days,rc1_0.min_occurrences,rc1_0.parameters,rc1_0.ratio_threshold,rc1_0.risk_weight,rc1_0.rule_code,rc1_0.rule_name,rc1_0.severity,rc1_0.threshold_amount,rc1_0.threshold_amount_min,rc1_0.threshold_currency,rc1_0.time_window_hours,rc1_0.typology,rc1_0.updated_at,rc1_0.updated_by from rule_configs rc1_0 where rc1_0.enabled=true and (rc1_0.effective_from is null or rc1_0.effective_from<=?) and (rc1_0.effective_to is null or rc1_0.effective_to>?) order by rc1_0.execution_order,rc1_0.rule_code
]]></system-out>
  </testcase>
  <testcase name="roundAmountCandidatesRequireExactMultiplesOfTheConfiguredUnit" classname="com.azentio.aml.repository.DetectionQueryTest" time="0.03">
    <system-out><![CDATA[Hibernate: select c1_0.customer_id,c1_0.age,c1_0.annual_income,c1_0.city,c1_0.num_complaints_last_year,c1_0.country,c1_0.created_at,c1_0.created_by,c1_0.customer_segment,c1_0.customer_since,c1_0.date_of_birth,c1_0.education_level,c1_0.email,c1_0.email_verified,c1_0.employment_status,c1_0.first_name,c1_0.gender,c1_0.kyc_status,c1_0.last_name,c1_0.marital_status,c1_0.national_id,c1_0.occupation,c1_0.phone_number,c1_0.phone_verified,c1_0.is_politically_exposed,c1_0.postal_code,c1_0.preferred_channel,c1_0.risk_rating,c1_0.state,c1_0.updated_at,c1_0.updated_by,a1_0.customer_id,a1_0.account_id,a1_0.account_status,a1_0.account_tier,a1_0.account_type,a1_0.avg_monthly_balance_6m,a1_0.avg_monthly_txn_count,a1_0.branch_city,a1_0.branch_code,a1_0.card_type,a1_0.close_date,a1_0.created_at,a1_0.created_by,a1_0.credit_limit,a1_0.credit_utilization_pct,a1_0.currency,a1_0.current_balance,a1_0.is_joint_account,a1_0.last_login_date,a1_0.mobile_banking_enrolled,a1_0.num_linked_devices,a1_0.open_date,a1_0.overdraft_enabled,a1_0.risk_rating,a1_0.updated_at,a1_0.updated_by from customers c1_0 left join accounts a1_0 on c1_0.customer_id=a1_0.customer_id where c1_0.customer_id=?
Hibernate: select c1_0.customer_id,c1_0.age,c1_0.annual_income,c1_0.city,c1_0.num_complaints_last_year,c1_0.country,c1_0.created_at,c1_0.created_by,c1_0.customer_segment,c1_0.customer_since,c1_0.date_of_birth,c1_0.education_level,c1_0.email,c1_0.email_verified,c1_0.employment_status,c1_0.first_name,c1_0.gender,c1_0.kyc_status,c1_0.last_name,c1_0.marital_status,c1_0.national_id,c1_0.occupation,c1_0.phone_number,c1_0.phone_verified,c1_0.is_politically_exposed,c1_0.postal_code,c1_0.preferred_channel,c1_0.risk_rating,c1_0.state,c1_0.updated_at,c1_0.updated_by,a1_0.customer_id,a1_0.account_id,a1_0.account_status,a1_0.account_tier,a1_0.account_type,a1_0.avg_monthly_balance_6m,a1_0.avg_monthly_txn_count,a1_0.branch_city,a1_0.branch_code,a1_0.card_type,a1_0.close_date,a1_0.created_at,a1_0.created_by,a1_0.credit_limit,a1_0.credit_utilization_pct,a1_0.currency,a1_0.current_balance,a1_0.is_joint_account,a1_0.last_login_date,a1_0.mobile_banking_enrolled,a1_0.num_linked_devices,a1_0.open_date,a1_0.overdraft_enabled,a1_0.risk_rating,a1_0.updated_at,a1_0.updated_by from customers c1_0 left join accounts a1_0 on c1_0.customer_id=a1_0.customer_id where c1_0.customer_id=?
Hibernate: select a1_0.account_id,a1_0.account_status,a1_0.account_tier,a1_0.account_type,a1_0.avg_monthly_balance_6m,a1_0.avg_monthly_txn_count,a1_0.branch_city,a1_0.branch_code,a1_0.card_type,a1_0.close_date,a1_0.created_at,a1_0.created_by,a1_0.credit_limit,a1_0.credit_utilization_pct,a1_0.currency,a1_0.current_balance,a1_0.customer_id,a1_0.is_joint_account,a1_0.last_login_date,a1_0.mobile_banking_enrolled,a1_0.num_linked_devices,a1_0.open_date,a1_0.overdraft_enabled,a1_0.risk_rating,a1_0.updated_at,a1_0.updated_by from accounts a1_0 where a1_0.account_id=?
Hibernate: select a1_0.account_id,a1_0.account_status,a1_0.account_tier,a1_0.account_type,a1_0.avg_monthly_balance_6m,a1_0.avg_monthly_txn_count,a1_0.branch_city,a1_0.branch_code,a1_0.card_type,a1_0.close_date,a1_0.created_at,a1_0.created_by,a1_0.credit_limit,a1_0.credit_utilization_pct,a1_0.currency,a1_0.current_balance,a1_0.customer_id,a1_0.is_joint_account,a1_0.last_login_date,a1_0.mobile_banking_enrolled,a1_0.num_linked_devices,a1_0.open_date,a1_0.overdraft_enabled,a1_0.risk_rating,a1_0.updated_at,a1_0.updated_by from accounts a1_0 where a1_0.account_id=?
Hibernate: insert into customers (age,annual_income,city,num_complaints_last_year,country,created_at,created_by,customer_segment,customer_since,date_of_birth,education_level,email,email_verified,employment_status,first_name,gender,kyc_status,last_name,marital_status,national_id,occupation,phone_number,phone_verified,is_politically_exposed,postal_code,preferred_channel,risk_rating,state,updated_at,updated_by,customer_id) values (?,?,?,?,?,?,?,?,?,?,?,?,?,?,?,?,?,?,?,?,?,?,?,?,?,?,?,?,?,?,?)
Hibernate: insert into customers (age,annual_income,city,num_complaints_last_year,country,created_at,created_by,customer_segment,customer_since,date_of_birth,education_level,email,email_verified,employment_status,first_name,gender,kyc_status,last_name,marital_status,national_id,occupation,phone_number,phone_verified,is_politically_exposed,postal_code,preferred_channel,risk_rating,state,updated_at,updated_by,customer_id) values (?,?,?,?,?,?,?,?,?,?,?,?,?,?,?,?,?,?,?,?,?,?,?,?,?,?,?,?,?,?,?)
Hibernate: insert into accounts (account_status,account_tier,account_type,avg_monthly_balance_6m,avg_monthly_txn_count,branch_city,branch_code,card_type,close_date,created_at,created_by,credit_limit,credit_utilization_pct,currency,current_balance,customer_id,is_joint_account,last_login_date,mobile_banking_enrolled,num_linked_devices,open_date,overdraft_enabled,risk_rating,updated_at,updated_by,account_id) values (?,?,?,?,?,?,?,?,?,?,?,?,?,?,?,?,?,?,?,?,?,?,?,?,?,?)
Hibernate: insert into accounts (account_status,account_tier,account_type,avg_monthly_balance_6m,avg_monthly_txn_count,branch_city,branch_code,card_type,close_date,created_at,created_by,credit_limit,credit_utilization_pct,currency,current_balance,customer_id,is_joint_account,last_login_date,mobile_banking_enrolled,num_linked_devices,open_date,overdraft_enabled,risk_rating,updated_at,updated_by,account_id) values (?,?,?,?,?,?,?,?,?,?,?,?,?,?,?,?,?,?,?,?,?,?,?,?,?,?)
Hibernate: insert into transactions (account_id,amount,balance_after,base_amount,base_currency,branch_code,channel,counterparty_account,counterparty_bank,counterparty_bank_code,counterparty_country,counterparty_name,created_at,created_by,is_cross_border,currency,customer_id,destination_country,device_id,direction,exchange_rate,external_txn_id,ingestion_batch_id,ip_address,merchant_category_code,narration,origin_country,screened_at,screening_status,status,transaction_timestamp,transaction_type,updated_at,updated_by,value_date,id) values (?,?,?,?,?,?,?,?,?,?,?,?,?,?,?,?,?,?,?,?,?,?,?,?,?,?,?,?,?,?,?,?,?,?,?,default)
Hibernate: insert into transactions (account_id,amount,balance_after,base_amount,base_currency,branch_code,channel,counterparty_account,counterparty_bank,counterparty_bank_code,counterparty_country,counterparty_name,created_at,created_by,is_cross_border,currency,customer_id,destination_country,device_id,direction,exchange_rate,external_txn_id,ingestion_batch_id,ip_address,merchant_category_code,narration,origin_country,screened_at,screening_status,status,transaction_timestamp,transaction_type,updated_at,updated_by,value_date,id) values (?,?,?,?,?,?,?,?,?,?,?,?,?,?,?,?,?,?,?,?,?,?,?,?,?,?,?,?,?,?,?,?,?,?,?,default)
Hibernate: insert into transactions (account_id,amount,balance_after,base_amount,base_currency,branch_code,channel,counterparty_account,counterparty_bank,counterparty_bank_code,counterparty_country,counterparty_name,created_at,created_by,is_cross_border,currency,customer_id,destination_country,device_id,direction,exchange_rate,external_txn_id,ingestion_batch_id,ip_address,merchant_category_code,narration,origin_country,screened_at,screening_status,status,transaction_timestamp,transaction_type,updated_at,updated_by,value_date,id) values (?,?,?,?,?,?,?,?,?,?,?,?,?,?,?,?,?,?,?,?,?,?,?,?,?,?,?,?,?,?,?,?,?,?,?,default)
Hibernate: insert into transactions (account_id,amount,balance_after,base_amount,base_currency,branch_code,channel,counterparty_account,counterparty_bank,counterparty_bank_code,counterparty_country,counterparty_name,created_at,created_by,is_cross_border,currency,customer_id,destination_country,device_id,direction,exchange_rate,external_txn_id,ingestion_batch_id,ip_address,merchant_category_code,narration,origin_country,screened_at,screening_status,status,transaction_timestamp,transaction_type,updated_at,updated_by,value_date,id) values (?,?,?,?,?,?,?,?,?,?,?,?,?,?,?,?,?,?,?,?,?,?,?,?,?,?,?,?,?,?,?,?,?,?,?,default)
Hibernate: select account_id                as "accountId",
       count(*)                  as "txnCount",
       sum(base_amount)          as "totalAmount",
       min(transaction_timestamp) as "firstAt",
       max(transaction_timestamp) as "lastAt"
  from transactions
 where transaction_timestamp >= ?
   and transaction_timestamp <  ?
   and base_amount >= ?
   and mod(base_amount, ?) = 0
   and status = 'POSTED'
 group by account_id
having count(*) >= ?

]]></system-out>
  </testcase>
  <testcase name="activeCustomerSweepReturnsEachCustomerOnce" classname="com.azentio.aml.repository.DetectionQueryTest" time="0.039">
[...]
Hibernate: insert into customers (age,annual_income,city,num_complaints_last_year,country,created_at,created_by,customer_segment,customer_since,date_of_birth,education_level,email,email_verified,employment_status,first_name,gender,kyc_status,last_name,marital_status,national_id,occupation,phone_number,phone_verified,is_politically_exposed,postal_code,preferred_channel,risk_rating,state,updated_at,updated_by,customer_id) values (?,?,?,?,?,?,?,?,?,?,?,?,?,?,?,?,?,?,?,?,?,?,?,?,?,?,?,?,?,?,?)
Hibernate: insert into customers (age,annual_income,city,num_complaints_last_year,country,created_at,created_by,customer_segment,customer_since,date_of_birth,education_level,email,email_verified,employment_status,first_name,gender,kyc_status,last_name,marital_status,national_id,occupation,phone_number,phone_verified,is_politically_exposed,postal_code,preferred_channel,risk_rating,state,updated_at,updated_by,customer_id) values (?,?,?,?,?,?,?,?,?,?,?,?,?,?,?,?,?,?,?,?,?,?,?,?,?,?,?,?,?,?,?)
Hibernate: insert into accounts (account_status,account_tier,account_type,avg_monthly_balance_6m,avg_monthly_txn_count,branch_city,branch_code,card_type,close_date,created_at,created_by,credit_limit,credit_utilization_pct,currency,current_balance,customer_id,is_joint_account,last_login_date,mobile_banking_enrolled,num_linked_devices,open_date,overdraft_enabled,risk_rating,updated_at,updated_by,account_id) values (?,?,?,?,?,?,?,?,?,?,?,?,?,?,?,?,?,?,?,?,?,?,?,?,?,?)
Hibernate: insert into accounts (account_status,account_tier,account_type,avg_monthly_balance_6m,avg_monthly_txn_count,branch_city,branch_code,card_type,close_date,created_at,created_by,credit_limit,credit_utilization_pct,currency,current_balance,customer_id,is_joint_account,last_login_date,mobile_banking_enrolled,num_linked_devices,open_date,overdraft_enabled,risk_rating,updated_at,updated_by,account_id) values (?,?,?,?,?,?,?,?,?,?,?,?,?,?,?,?,?,?,?,?,?,?,?,?,?,?)
Hibernate: insert into transactions (account_id,amount,balance_after,base_amount,base_currency,branch_code,channel,counterparty_account,counterparty_bank,counterparty_bank_code,counterparty_country,counterparty_name,created_at,created_by,is_cross_border,currency,customer_id,destination_country,device_id,direction,exchange_rate,external_txn_id,ingestion_batch_id,ip_address,merchant_category_code,narration,origin_country,screened_at,screening_status,status,transaction_timestamp,transaction_type,updated_at,updated_by,value_date,id) values (?,?,?,?,?,?,?,?,?,?,?,?,?,?,?,?,?,?,?,?,?,?,?,?,?,?,?,?,?,?,?,?,?,?,?,default)
Hibernate: insert into transactions (account_id,amount,balance_after,base_amount,base_currency,branch_code,channel,counterparty_account,counterparty_bank,counterparty_bank_code,counterparty_country,counterparty_name,created_at,created_by,is_cross_border,currency,customer_id,destination_country,device_id,direction,exchange_rate,external_txn_id,ingestion_batch_id,ip_address,merchant_category_code,narration,origin_country,screened_at,screening_status,status,transaction_timestamp,transaction_type,updated_at,updated_by,value_date,id) values (?,?,?,?,?,?,?,?,?,?,?,?,?,?,?,?,?,?,?,?,?,?,?,?,?,?,?,?,?,?,?,?,?,?,?,default)
Hibernate: insert into transactions (account_id,amount,balance_after,base_amount,base_currency,branch_code,channel,counterparty_account,counterparty_bank,counterparty_bank_code,counterparty_country,counterparty_name,created_at,created_by,is_cross_border,currency,customer_id,destination_country,device_id,direction,exchange_rate,external_txn_id,ingestion_batch_id,ip_address,merchant_category_code,narration,origin_country,screened_at,screening_status,status,transaction_timestamp,transaction_type,updated_at,updated_by,value_date,id) values (?,?,?,?,?,?,?,?,?,?,?,?,?,?,?,?,?,?,?,?,?,?,?,?,?,?,?,?,?,?,?,?,?,?,?,default)
Hibernate: select distinct t1_0.customer_id from transactions t1_0 where t1_0.transaction_timestamp>=? and t1_0.transaction_timestamp<? and t1_0.status='POSTED'
]]></system-out>
  </testcase>
  <testcase name="jurisdictionScreeningMatchesAnyLegOfTheTransaction" classname="com.azentio.aml.repository.DetectionQueryTest" time="0.044">
    <system-out><![CDATA[Hibernate: select c1_0.customer_id,c1_0.age,c1_0.annual_income,c1_0.city,c1_0.num_complaints_last_year,c1_0.country,c1_0.created_at,c1_0.created_by,c1_0.customer_segment,c1_0.customer_since,c1_0.date_of_birth,c1_0.education_level,c1_0.email,c1_0.email_verified,c1_0.employment_status,c1_0.first_name,c1_0.gender,c1_0.kyc_status,c1_0.last_name,c1_0.marital_status,c1_0.national_id,c1_0.occupation,c1_0.phone_number,c1_0.phone_verified,c1_0.is_politically_exposed,c1_0.postal_code,c1_0.preferred_channel,c1_0.risk_rating,c1_0.state,c1_0.updated_at,c1_0.updated_by,a1_0.customer_id,a1_0.account_id,a1_0.account_status,a1_0.account_tier,a1_0.account_type,a1_0.avg_monthly_balance_6m,a1_0.avg_monthly_txn_count,a1_0.branch_city,a1_0.branch_code,a1_0.card_type,a1_0.close_date,a1_0.created_at,a1_0.created_by,a1_0.credit_limit,a1_0.credit_utilization_pct,a1_0.currency,a1_0.current_balance,a1_0.is_joint_account,a1_0.last_login_date,a1_0.mobile_banking_enrolled,a1_0.num_linked_devices,a1_0.open_date,a1_0.overdraft_enabled,a1_0.risk_rating,a1_0.updated_at,a1_0.updated_by from customers c1_0 left join accounts a1_0 on c1_0.customer_id=a1_0.customer_id where c1_0.customer_id=?
Hibernate: select c1_0.customer_id,c1_0.age,c1_0.annual_income,c1_0.city,c1_0.num_complaints_last_year,c1_0.country,c1_0.created_at,c1_0.created_by,c1_0.customer_segment,c1_0.customer_since,c1_0.date_of_birth,c1_0.education_level,c1_0.email,c1_0.email_verified,c1_0.employment_status,c1_0.first_name,c1_0.gender,c1_0.kyc_status,c1_0.last_name,c1_0.marital_status,c1_0.national_id,c1_0.occupation,c1_0.phone_number,c1_0.phone_verified,c1_0.is_politically_exposed,c1_0.postal_code,c1_0.preferred_channel,c1_0.risk_rating,c1_0.state,c1_0.updated_at,c1_0.updated_by,a1_0.customer_id,a1_0.account_id,a1_0.account_status,a1_0.account_tier,a1_0.account_type,a1_0.avg_monthly_balance_6m,a1_0.avg_monthly_txn_count,a1_0.branch_city,a1_0.branch_code,a1_0.card_type,a1_0.close_date,a1_0.created_at,a1_0.created_by,a1_0.credit_limit,a1_0.credit_utilization_pct,a1_0.currency,a1_0.current_balance,a1_0.is_joint_account,a1_0.last_login_date,a1_0.mobile_banking_enrolled,a1_0.num_linked_devices,a1_0.open_date,a1_0.overdraft_enabled,a1_0.risk_rating,a1_0.updated_at,a1_0.updated_by from customers c1_0 left join accounts a1_0 on c1_0.customer_id=a1_0.customer_id where c1_0.customer_id=?
Hibernate: select a1_0.account_id,a1_0.account_status,a1_0.account_tier,a1_0.account_type,a1_0.avg_monthly_balance_6m,a1_0.avg_monthly_txn_count,a1_0.branch_city,a1_0.branch_code,a1_0.card_type,a1_0.close_date,a1_0.created_at,a1_0.created_by,a1_0.credit_limit,a1_0.credit_utilization_pct,a1_0.currency,a1_0.current_balance,a1_0.customer_id,a1_0.is_joint_account,a1_0.last_login_date,a1_0.mobile_banking_enrolled,a1_0.num_linked_devices,a1_0.open_date,a1_0.overdraft_enabled,a1_0.risk_rating,a1_0.updated_at,a1_0.updated_by from accounts a1_0 where a1_0.account_id=?
Hibernate: select a1_0.account_id,a1_0.account_status,a1_0.account_tier,a1_0.account_type,a1_0.avg_monthly_balance_6m,a1_0.avg_monthly_txn_count,a1_0.branch_city,a1_0.branch_code,a1_0.card_type,a1_0.close_date,a1_0.created_at,a1_0.created_by,a1_0.credit_limit,a1_0.credit_utilization_pct,a1_0.currency,a1_0.current_balance,a1_0.customer_id,a1_0.is_joint_account,a1_0.last_login_date,a1_0.mobile_banking_enrolled,a1_0.num_linked_devices,a1_0.open_date,a1_0.overdraft_enabled,a1_0.risk_rating,a1_0.updated_at,a1_0.updated_by from accounts a1_0 where a1_0.account_id=?
Hibernate: insert into customers (age,annual_income,city,num_complaints_last_year,country,created_at,created_by,customer_segment,customer_since,date_of_birth,education_level,email,email_verified,employment_status,first_name,gender,kyc_status,last_name,marital_status,national_id,occupation,phone_number,phone_verified,is_politically_exposed,postal_code,preferred_channel,risk_rating,state,updated_at,updated_by,customer_id) values (?,?,?,?,?,?,?,?,?,?,?,?,?,?,?,?,?,?,?,?,?,?,?,?,?,?,?,?,?,?,?)
Hibernate: insert into customers (age,annual_income,city,num_complaints_last_year,country,created_at,created_by,customer_segment,customer_since,date_of_birth,education_level,email,email_verified,employment_status,first_name,gender,kyc_status,last_name,marital_status,national_id,occupation,phone_number,phone_verified,is_politically_exposed,postal_code,preferred_channel,risk_rating,state,updated_at,updated_by,customer_id) values (?,?,?,?,?,?,?,?,?,?,?,?,?,?,?,?,?,?,?,?,?,?,?,?,?,?,?,?,?,?,?)
Hibernate: insert into accounts (account_status,account_tier,account_type,avg_monthly_balance_6m,avg_monthly_txn_count,branch_city,branch_code,card_type,close_date,created_at,created_by,credit_limit,credit_utilization_pct,currency,current_balance,customer_id,is_joint_account,last_login_date,mobile_banking_enrolled,num_linked_devices,open_date,overdraft_enabled,risk_rating,updated_at,updated_by,account_id) values (?,?,?,?,?,?,?,?,?,?,?,?,?,?,?,?,?,?,?,?,?,?,?,?,?,?)
Hibernate: insert into accounts (account_status,account_tier,account_type,avg_monthly_balance_6m,avg_monthly_txn_count,branch_city,branch_code,card_type,close_date,created_at,created_by,credit_limit,credit_utilization_pct,currency,current_balance,customer_id,is_joint_account,last_login_date,mobile_banking_enrolled,num_linked_devices,open_date,overdraft_enabled,risk_rating,updated_at,updated_by,account_id) values (?,?,?,?,?,?,?,?,?,?,?,?,?,?,?,?,?,?,?,?,?,?,?,?,?,?)
Hibernate: insert into transactions (account_id,amount,balance_after,base_amount,base_currency,branch_code,channel,counterparty_account,counterparty_bank,counterparty_bank_code,counterparty_country,counterparty_name,created_at,created_by,is_cross_border,currency,customer_id,destination_country,device_id,direction,exchange_rate,external_txn_id,ingestion_batch_id,ip_address,merchant_category_code,narration,origin_country,screened_at,screening_status,status,transaction_timestamp,transaction_type,updated_at,updated_by,value_date,id) values (?,?,?,?,?,?,?,?,?,?,?,?,?,?,?,?,?,?,?,?,?,?,?,?,?,?,?,?,?,?,?,?,?,?,?,default)
Hibernate: insert into transactions (account_id,amount,balance_after,base_amount,base_currency,branch_code,channel,counterparty_account,counterparty_bank,counterparty_bank_code,counterparty_country,counterparty_name,created_at,created_by,is_cross_border,currency,customer_id,destination_country,device_id,direction,exchange_rate,external_txn_id,ingestion_batch_id,ip_address,merchant_category_code,narration,origin_country,screened_at,screening_status,status,transaction_timestamp,transaction_type,updated_at,updated_by,value_date,id) values (?,?,?,?,?,?,?,?,?,?,?,?,?,?,?,?,?,?,?,?,?,?,?,?,?,?,?,?,?,?,?,?,?,?,?,default)
Hibernate: insert into transactions (account_id,amount,balance_after,base_amount,base_currency,branch_code,channel,counterparty_account,counterparty_bank,counterparty_bank_code,counterparty_country,counterparty_name,created_at,created_by,is_cross_border,currency,customer_id,destination_country,device_id,direction,exchange_rate,external_txn_id,ingestion_batch_id,ip_address,merchant_category_code,narration,origin_country,screened_at,screening_status,status,transaction_timestamp,transaction_type,updated_at,updated_by,value_date,id) values (?,?,?,?,?,?,?,?,?,?,?,?,?,?,?,?,?,?,?,?,?,?,?,?,?,?,?,?,?,?,?,?,?,?,?,default)
Hibernate: insert into transactions (account_id,amount,balance_after,base_amount,base_currency,branch_code,channel,counterparty_account,counterparty_bank,counterparty_bank_code,counterparty_country,counterparty_name,created_at,created_by,is_cross_border,currency,customer_id,destination_country,device_id,direction,exchange_rate,external_txn_id,ingestion_batch_id,ip_address,merchant_category_code,narration,origin_country,screened_at,screening_status,status,transaction_timestamp,transaction_type,updated_at,updated_by,value_date,id) values (?,?,?,?,?,?,?,?,?,?,?,?,?,?,?,?,?,?,?,?,?,?,?,?,?,?,?,?,?,?,?,?,?,?,?,default)
Hibernate: select t1_0.id,t1_0.account_id,t1_0.amount,t1_0.balance_after,t1_0.base_amount,t1_0.base_currency,t1_0.branch_code,t1_0.channel,t1_0.counterparty_account,t1_0.counterparty_bank,t1_0.counterparty_bank_code,t1_0.counterparty_country,t1_0.counterparty_name,t1_0.created_at,t1_0.created_by,t1_0.is_cross_border,t1_0.currency,t1_0.customer_id,t1_0.destination_country,t1_0.device_id,t1_0.direction,t1_0.exchange_rate,t1_0.external_txn_id,t1_0.ingestion_batch_id,t1_0.ip_address,t1_0.merchant_category_code,t1_0.narration,t1_0.origin_country,t1_0.screened_at,t1_0.screening_status,t1_0.status,t1_0.transaction_timestamp,t1_0.transaction_type,t1_0.updated_at,t1_0.updated_by,t1_0.value_date from transactions t1_0 where t1_0.transaction_timestamp>=? and t1_0.transaction_timestamp<? and (upper(t1_0.counterparty_country) in (?,?,?) or upper(t1_0.origin_country) in (?,?,?) or upper(t1_0.destination_country) in (?,?,?)) order by t1_0.transaction_timestamp
]]></system-out>
  </testcase>
  <testcase name="repeatDetectionFoldsIntoTheExistingAlertInsteadOfRaisingANewOne" classname="com.azentio.aml.repository.DetectionQueryTest" time="0.032">
    <system-out><![CDATA[Hibernate: select c1_0.customer_id,c1_0.age,c1_0.annual_income,c1_0.city,c1_0.num_complaints_last_year,c1_0.country,c1_0.created_at,c1_0.created_by,c1_0.customer_segment,c1_0.customer_since,c1_0.date_of_birth,c1_0.education_level,c1_0.email,c1_0.email_verified,c1_0.employment_status,c1_0.first_name,c1_0.gender,c1_0.kyc_status,c1_0.last_name,c1_0.marital_status,c1_0.national_id,c1_0.occupation,c1_0.phone_number,c1_0.phone_verified,c1_0.is_politically_exposed,c1_0.postal_code,c1_0.preferred_channel,c1_0.risk_rating,c1_0.state,c1_0.updated_at,c1_0.updated_by,a1_0.customer_id,a1_0.account_id,a1_0.account_status,a1_0.account_tier,a1_0.account_type,a1_0.avg_monthly_balance_6m,a1_0.avg_monthly_txn_count,a1_0.branch_city,a1_0.branch_code,a1_0.card_type,a1_0.close_date,a1_0.created_at,a1_0.created_by,a1_0.credit_limit,a1_0.credit_utilization_pct,a1_0.currency,a1_0.current_balance,a1_0.is_joint_account,a1_0.last_login_date,a1_0.mobile_banking_enrolled,a1_0.num_linked_devices,a1_0.open_date,a1_0.overdraft_enabled,a1_0.risk_rating,a1_0.updated_at,a1_0.updated_by from customers c1_0 left join accounts a1_0 on c1_0.customer_id=a1_0.customer_id where c1_0.customer_id=?
Hibernate: select c1_0.customer_id,c1_0.age,c1_0.annual_income,c1_0.city,c1_0.num_complaints_last_year,c1_0.country,c1_0.created_at,c1_0.created_by,c1_0.customer_segment,c1_0.customer_since,c1_0.date_of_birth,c1_0.education_level,c1_0.email,c1_0.email_verified,c1_0.employment_status,c1_0.first_name,c1_0.gender,c1_0.kyc_status,c1_0.last_name,c1_0.marital_status,c1_0.national_id,c1_0.occupation,c1_0.phone_number,c1_0.phone_verified,c1_0.is_politically_exposed,c1_0.postal_code,c1_0.preferred_channel,c1_0.risk_rating,c1_0.state,c1_0.updated_at,c1_0.updated_by,a1_0.customer_id,a1_0.account_id,a1_0.account_status,a1_0.account_tier,a1_0.account_type,a1_0.avg_monthly_balance_6m,a1_0.avg_monthly_txn_count,a1_0.branch_city,a1_0.branch_code,a1_0.card_type,a1_0.close_date,a1_0.created_at,a1_0.created_by,a1_0.credit_limit,a1_0.credit_utilization_pct,a1_0.currency,a1_0.current_balance,a1_0.is_joint_account,a1_0.last_login_date,a1_0.mobile_banking_enrolled,a1_0.num_linked_devices,a1_0.open_date,a1_0.overdraft_enabled,a1_0.risk_rating,a1_0.updated_at,a1_0.updated_by from customers c1_0 left join accounts a1_0 on c1_0.customer_id=a1_0.customer_id where c1_0.customer_id=?
Hibernate: select a1_0.account_id,a1_0.account_status,a1_0.account_tier,a1_0.account_type,a1_0.avg_monthly_balance_6m,a1_0.avg_monthly_txn_count,a1_0.branch_city,a1_0.branch_code,a1_0.card_type,a1_0.close_date,a1_0.created_at,a1_0.created_by,a1_0.credit_limit,a1_0.credit_utilization_pct,a1_0.currency,a1_0.current_balance,a1_0.customer_id,a1_0.is_joint_account,a1_0.last_login_date,a1_0.mobile_banking_enrolled,a1_0.num_linked_devices,a1_0.open_date,a1_0.overdraft_enabled,a1_0.risk_rating,a1_0.updated_at,a1_0.updated_by from accounts a1_0 where a1_0.account_id=?
Hibernate: select a1_0.account_id,a1_0.account_status,a1_0.account_tier,a1_0.account_type,a1_0.avg_monthly_balance_6m,a1_0.avg_monthly_txn_count,a1_0.branch_city,a1_0.branch_code,a1_0.card_type,a1_0.close_date,a1_0.created_at,a1_0.created_by,a1_0.credit_limit,a1_0.credit_utilization_pct,a1_0.currency,a1_0.current_balance,a1_0.customer_id,a1_0.is_joint_account,a1_0.last_login_date,a1_0.mobile_banking_enrolled,a1_0.num_linked_devices,a1_0.open_date,a1_0.overdraft_enabled,a1_0.risk_rating,a1_0.updated_at,a1_0.updated_by from accounts a1_0 where a1_0.account_id=?
Hibernate: insert into customers (age,annual_income,city,num_complaints_last_year,country,created_at,created_by,customer_segment,customer_since,date_of_birth,education_level,email,email_verified,employment_status,first_name,gender,kyc_status,last_name,marital_status,national_id,occupation,phone_number,phone_verified,is_politically_exposed,postal_code,preferred_channel,risk_rating,state,updated_at,updated_by,customer_id) values (?,?,?,?,?,?,?,?,?,?,?,?,?,?,?,?,?,?,?,?,?,?,?,?,?,?,?,?,?,?,?)
Hibernate: insert into customers (age,annual_income,city,num_complaints_last_year,country,created_at,created_by,customer_segment,customer_since,date_of_birth,education_level,email,email_verified,employment_status,first_name,gender,kyc_status,last_name,marital_status,national_id,occupation,phone_number,phone_verified,is_politically_exposed,postal_code,preferred_channel,risk_rating,state,updated_at,updated_by,customer_id) values (?,?,?,?,?,?,?,?,?,?,?,?,?,?,?,?,?,?,?,?,?,?,?,?,?,?,?,?,?,?,?)
Hibernate: insert into accounts (account_status,account_tier,account_type,avg_monthly_balance_6m,avg_monthly_txn_count,branch_city,branch_code,card_type,close_date,created_at,created_by,credit_limit,credit_utilization_pct,currency,current_balance,customer_id,is_joint_account,last_login_date,mobile_banking_enrolled,num_linked_devices,open_date,overdraft_enabled,risk_rating,updated_at,updated_by,account_id) values (?,?,?,?,?,?,?,?,?,?,?,?,?,?,?,?,?,?,?,?,?,?,?,?,?,?)
Hibernate: insert into accounts (account_status,account_tier,account_type,avg_monthly_balance_6m,avg_monthly_txn_count,branch_city,branch_code,card_type,close_date,created_at,created_by,credit_limit,credit_utilization_pct,currency,current_balance,customer_id,is_joint_account,last_login_date,mobile_banking_enrolled,num_linked_devices,open_date,overdraft_enabled,risk_rating,updated_at,updated_by,account_id) values (?,?,?,?,?,?,?,?,?,?,?,?,?,?,?,?,?,?,?,?,?,?,?,?,?,?)
Hibernate: insert into alerts (account_id,alert_reference,case_id,assigned_at,assigned_to,created_at,created_by,customer_id,dedupe_key,detection_window_end,detection_window_start,disposition,disposition_at,disposition_by,disposition_reason,explanation,first_detected_at,last_detected_at,occurrence_count,risk_score,severity,status,title,total_amount,transaction_count,typology,updated_at,updated_by,version,id) values (?,?,?,?,?,?,?,?,?,?,?,?,?,?,?,?,?,?,?,?,?,?,?,?,?,?,?,?,?,default)
Hibernate: update alerts a1_0 set occurrence_count=(a1_0.occurrence_count+1),last_detected_at=? where a1_0.dedupe_key=?
Hibernate: select a1_0.id,a1_0.account_id,a1_0.alert_reference,a1_0.case_id,a1_0.assigned_at,a1_0.assigned_to,a1_0.created_at,a1_0.created_by,a1_0.customer_id,a1_0.dedupe_key,a1_0.detection_window_end,a1_0.detection_window_start,a1_0.disposition,a1_0.disposition_at,a1_0.disposition_by,a1_0.disposition_reason,a1_0.explanation,a1_0.first_detected_at,a1_0.last_detected_at,a1_0.occurrence_count,a1_0.risk_score,a1_0.severity,a1_0.status,a1_0.title,a1_0.total_amount,a1_0.transaction_count,a1_0.typology,a1_0.updated_at,a1_0.updated_by,a1_0.version from alerts a1_0 where a1_0.id=?
]]></system-out>
  </testcase>
</testsuite>