<?xml version="1.0" encoding="UTF-8"?>
<testsuite xmlns:xsi="http://www.w3.org/2001/XMLSchema-instance" xsi:noNamespaceSchemaLocation="https://maven.apache.org/surefire/maven-surefire-plugin/xsd/surefire-test-report.xsd" version="3.0.2" name="com.azentio.aml.detection.rule.DetectionRulesTest" time="2.632" tests="16" errors="0" skipped="0" failures="0" flakes="0">
  <properties>
[...]
</properties>
  <testcase name="behaviouralDeviationFiresWhenDailyVolumeExceedsThreeTimesBaseline" classname="com.azentio.aml.detection.rule.DetectionRulesTest" time="2.235"/>
  <testcase name="structuringDoesNotFireWhenCandidateTransactionsAreOutsideRollingWindow" classname="com.azentio.aml.detection.rule.DetectionRulesTest" time="0.063">
    <system-out><![CDATA[2026-09-19T15:58:53.599+05:30 DEBUG 10428 --- [sentinel-aml] [           main] c.a.aml.detection.rule.StructuringRule   : STRUCTURING_24H: account ACC-S met the count over the sweep but not within 24h
]]></system-out>
  </testcase>
  <testcase name="highRiskCounterpartyFiresForListedCounterpartyName" classname="com.azentio.aml.detection.rule.DetectionRulesTest" time="0.03"/>
  <testcase name="highRiskJurisdictionDoesNotFireWithoutBlockingWatchlistEntry" classname="com.azentio.aml.detection.rule.DetectionRulesTest" time="0.035">
    <system-out><![CDATA[2026-09-19T15:58:53.664+05:30 DEBUG 10428 --- [sentinel-aml] [           main] c.a.a.d.rule.HighRiskJurisdictionRule    : HIGH_RISK_JURISDICTION: no active jurisdiction watchlist entries; rule is inert
]]></system-out>
  </testcase>
  <testcase name="dormantReactivationFiresForDormantAccountAboveMaterialityFloor" classname="com.azentio.aml.detection.rule.DetectionRulesTest" time="0.033"/>
  <testcase name="highRiskCounterpartyDoesNotFireForNonBlockingListType" classname="com.azentio.aml.detection.rule.DetectionRulesTest" time="0.014">
    <system-out><![CDATA[2026-09-19T15:58:53.742+05:30 DEBUG 10428 --- [sentinel-aml] [           main] c.a.a.d.rule.HighRiskCounterpartyRule    : HIGH_RISK_COUNTERPARTY: no active counterparty watchlist entries; rule is inert
]]></system-out>
  </testcase>
  <testcase name="roundAmountDoesNotFireForTooFewRoundAmountsAfterFiltering" classname="com.azentio.aml.detection.rule.DetectionRulesTest" time="0.024"/>
  <testcase name="thresholdBreachFiresForInclusiveTenThousandTransaction" classname="com.azentio.aml.detection.rule.DetectionRulesTest" time="0.015">
    <system-out><![CDATA[2026-09-19T15:58:53.776+05:30 DEBUG 10428 --- [sentinel-aml] [           main] c.a.a.d.rule.ThresholdBreachRule         : CTR_THRESHOLD_10K raised 1 threshold findings
]]></system-out>
  </testcase>
  <testcase name="roundAmountFiresForThreeExactMultiplesInsideRollingWindow" classname="com.azentio.aml.detection.rule.DetectionRulesTest" time="0.006"/>
  <testcase name="rapidMovementFiresWhenEightyPercentOfDepositLeavesWithin48Hours" classname="com.azentio.aml.detection.rule.DetectionRulesTest" time="0.022">
    <system-out><![CDATA[2026-09-19T15:58:53.827+05:30 DEBUG 10428 --- [sentinel-aml] [           main] c.a.a.detection.rule.RapidMovementRule   : RAPID_MOVEMENT_48H: account ACC-R passed through 0.8000
]]></system-out>
  </testcase>
  <testcase name="highRiskJurisdictionFiresAndGroupsByAccountAndCountry" classname="com.azentio.aml.detection.rule.DetectionRulesTest" time="0.028"/>
  <testcase name="dormantReactivationDoesNotFireWhenRepositoryFindsNoDormantActivity" classname="com.azentio.aml.detection.rule.DetectionRulesTest" time="0.0"/>
  <testcase name="thresholdBreachIgnoresTransactionBelowThresholdReturnedByRepository" classname="com.azentio.aml.detection.rule.DetectionRulesTest" time="0.011"/>
  <testcase name="rapidMovementDoesNotFireBelowEightyPercentOrOutsideWindow" classname="com.azentio.aml.detection.rule.DetectionRulesTest" time="0.009"/>
  <testcase name="behaviouralDeviationDoesNotFireAtExactlyThreeTimesBaseline" classname="com.azentio.aml.detection.rule.DetectionRulesTest" time="0.007"/>
  <testcase name="structuringFiresForThreeBandTransactionsInsideRolling24Hours" classname="com.azentio.aml.detection.rule.DetectionRulesTest" time="0.03">
    <system-out><![CDATA[2026-09-19T15:58:53.927+05:30  WARN 10428 --- [sentinel-aml] [           main] com.azentio.aml.common.Json              : Unable to serialise detail payload: Java 8 date/time type `java.time.Instant` not supported by default: add Module "com.fasterxml.jackson.datatype:jackson-datatype-jsr310" to enable handling (or disable `MapperFeature.REQUIRE_HANDLERS_FOR_JAVA8_TIMES`) (through reference chain: java.util.LinkedHashMap["windowStart"])
]]></system-out>
  </testcase>
</testsuite>