<?xml version="1.0" encoding="UTF-8"?>
<testsuite xmlns:xsi="http://www.w3.org/2001/XMLSchema-instance" xsi:noNamespaceSchemaLocation="https://maven.apache.org/surefire/maven-surefire-plugin/xsd/surefire-test-report.xsd" version="3.0.2" name="com.azentio.aml.IngestionToAlertPipelineTest" time="10.179" tests="1" errors="0" skipped="0" failures="0" flakes="0">
  <properties>
[...]
</properties>
  <testcase name="csvIngestionNormalisesPersistsScreensAndDeduplicatesAlertsEndToEnd" classname="com.azentio.aml.IngestionToAlertPipelineTest" time="4.569">
    <system-out><![CDATA[2026-09-19T14:54:01.149+05:30  INFO 13336 --- [sentinel-aml] [           main] t.c.s.AnnotationConfigContextLoaderUtils : Could not detect default configuration classes for test class [com.azentio.aml.IngestionToAlertPipelineTest]: IngestionToAlertPipelineTest does not declare any static, non-private, non-final, nested classes annotated with @Configuration.
2026-09-19T14:54:01.159+05:30  INFO 13336 --- [sentinel-aml] [           main] .b.t.c.SpringBootTestContextBootstrapper : Found @SpringBootConfiguration com.azentio.aml.AmlApplication for test class com.azentio.aml.IngestionToAlertPipelineTest
2026-09-19T14:54:01.159+05:30  INFO 13336 --- [sentinel-aml] [           main] t.c.s.AnnotationConfigContextLoaderUtils : Could not detect default configuration classes for test class [com.azentio.aml.IngestionToAlertPipelineTest]: IngestionToAlertPipelineTest does not declare any static, non-private, non-final, nested classes annotated with @Configuration.
2026-09-19T14:54:01.166+05:30  INFO 13336 --- [sentinel-aml] [           main] .b.t.c.SpringBootTestContextBootstrapper : Found @SpringBootConfiguration com.azentio.aml.AmlApplication for test class com.azentio.aml.IngestionToAlertPipelineTest

  .   ____          _            __ _ _
 /\\ / ___'_ __ _ _(_)_ __  __ _ \ \ \ \
( ( )\___ | '_ | '_| | '_ \/ _` | \ \ \ \
 \\/  ___)| |_)| | | | | || (_| |  ) ) ) )
  '  |____| .__|_| |_|_| |_\__, | / / / /
 =========|_|==============|___/=/_/_/_/

 :: Spring Boot ::                (v4.1.1)

2026-09-19T14:54:01.275+05:30  INFO 13336 --- [sentinel-aml] [           main] c.a.aml.IngestionToAlertPipelineTest     : Starting IngestionToAlertPipelineTest using Java 17.0.2 with PID 13336 (started by KIIT in C:\Users\KIIT\Downloads\aml\aml)
2026-09-19T14:54:01.276+05:30 DEBUG 13336 --- [sentinel-aml] [           main] c.a.aml.IngestionToAlertPipelineTest     : Running with Spring Boot v4.1.1, Spring v7.0.9
2026-09-19T14:54:01.276+05:30  INFO 13336 --- [sentinel-aml] [           main] c.a.aml.IngestionToAlertPipelineTest     : The following 1 profile is active: "test"
2026-09-19T14:54:02.300+05:30  INFO 13336 --- [sentinel-aml] [           main] .s.d.r.c.RepositoryConfigurationDelegate : Bootstrapping Spring Data JPA repositories in DEFAULT mode.
2026-09-19T14:54:02.391+05:30  INFO 13336 --- [sentinel-aml] [           main] .s.d.r.c.RepositoryConfigurationDelegate : Finished Spring Data repository scanning in 86 ms. Found 15 JPA repository interfaces.
2026-09-19T14:54:02.817+05:30  INFO 13336 --- [sentinel-aml] [           main] org.hibernate.orm.jpa                    : HHH008540: Processing PersistenceUnitInfo [name: default]
2026-09-19T14:54:02.909+05:30  INFO 13336 --- [sentinel-aml] [           main] o.s.o.j.p.SpringPersistenceUnitInfo      : No LoadTimeWeaver setup: ignoring JPA class transformer
2026-09-19T14:54:02.913+05:30  INFO 13336 --- [sentinel-aml] [           main] com.zaxxer.hikari.HikariDataSource       : sentinel-pool - Starting...
2026-09-19T14:54:02.920+05:30  INFO 13336 --- [sentinel-aml] [           main] com.zaxxer.hikari.pool.HikariPool        : sentinel-pool - Added connection conn40: url=jdbc:h2:mem:sentinel_pipeline user=SA
2026-09-19T14:54:02.922+05:30  INFO 13336 --- [sentinel-aml] [           main] com.zaxxer.hikari.HikariDataSource       : sentinel-pool - Start completed.
2026-09-19T14:54:02.924+05:30  WARN 13336 --- [sentinel-aml] [           main] org.hibernate.orm.deprecation            : HHH90000025: H2Dialect does not need to be specified explicitly using 'hibernate.dialect' (remove the property setting and it will be selected by default)
2026-09-19T14:54:02.927+05:30  INFO 13336 --- [sentinel-aml] [           main] org.hibernate.orm.connections.pooling    : HHH10001005: Database info:
	Database JDBC URL [jdbc:h2:mem:sentinel_pipeline]
	Database driver: H2 JDBC Driver
	Database dialect: H2Dialect
	Database version: 2.4.240
	Default catalog/schema: sentinel_pipeline/public
	Autocommit mode: undefined/unknown
	Isolation level: READ_COMMITTED [default READ_COMMITTED]
	JDBC fetch size: 100
	Pool: DataSourceConnectionProvider
	Minimum pool size: undefined/unknown
	Maximum pool size: undefined/unknown
2026-09-19T14:54:03.977+05:30  INFO 13336 --- [sentinel-aml] [           main] org.hibernate.orm.core                   : HHH000489: No JTA platform available (set 'hibernate.transaction.jta.platform' to enable JTA platform integration)
2026-09-19T14:54:03.981+05:30  INFO 13336 --- [sentinel-aml] [           main] org.hibernate.orm.jdbc.batch             : HHH100501: Automatic JDBC statement batching enabled (maximum batch size 100)
2026-09-19T14:54:04.081+05:30  INFO 13336 --- [sentinel-aml] [           main] j.LocalContainerEntityManagerFactoryBean : Initialized JPA EntityManagerFactory for persistence unit 'default'
2026-09-19T14:54:04.836+05:30  INFO 13336 --- [sentinel-aml] [           main] c.azentio.aml.detection.DetectionEngine  : Detection engine initialised with rules [ROUND_AMOUNT_PATTERN, BEHAVIOURAL_DEVIATION_3X, HIGH_RISK_COUNTERPARTY, STRUCTURING_24H, DORMANT_REACTIVATION, HIGH_RISK_JURISDICTION, RAPID_MOVEMENT_48H, CTR_THRESHOLD_10K]
2026-09-19T14:54:05.554+05:30  INFO 13336 --- [sentinel-aml] [           main] r$InitializeUserDetailsManagerConfigurer : Global AuthenticationManager configured with UserDetailsService bean with name sentinelUserDetailsService
2026-09-19T14:54:06.622+05:30  INFO 13336 --- [sentinel-aml] [           main] o.s.b.a.e.web.EndpointLinksResolver      : Exposing 1 endpoint beneath base path '/actuator'
2026-09-19T14:54:06.678+05:30  INFO 13336 --- [sentinel-aml] [           main] c.a.aml.IngestionToAlertPipelineTest     : Started IngestionToAlertPipelineTest in 5.492 seconds (process running for 40.354)
2026-09-19T14:54:06.684+05:30  WARN 13336 --- [sentinel-aml] [           main] o.s.core.events.SpringDocAppInitializer  : SpringDoc /api/v1/api-docs endpoint is enabled by default. To disable it in production, set the property 'springdoc.api-docs.enabled=false'
2026-09-19T14:54:06.684+05:30  WARN 13336 --- [sentinel-aml] [           main] o.s.core.events.SpringDocAppInitializer  : SpringDoc /swagger-ui.html endpoint is enabled by default. To disable it in production, set the property 'springdoc.swagger-ui.enabled=false'
2026-09-19T14:54:07.270+05:30 DEBUG 13336 --- [sentinel-aml] [           main] com.azentio.aml.service.AuditService     : Audit: IngestionBatch BATCH-2026-MU86KKPC36 INGESTION_STARTED by SYSTEM
2026-09-19T14:54:07.507+05:30 DEBUG 13336 --- [sentinel-aml] [           main] com.azentio.aml.service.AuditService     : Audit: IngestionBatch BATCH-2026-MU86KKPC36 INGESTION_COMPLETED by SYSTEM
2026-09-19T14:54:07.515+05:30  INFO 13336 --- [sentinel-aml] [           main] c.a.a.s.i.MasterDataIngestionService     : Batch BATCH-2026-MU86KKPC36 (CUSTOMER) finished: 12 written (0 updates), 0 rejected in 281 ms
2026-09-19T14:54:07.533+05:30 DEBUG 13336 --- [sentinel-aml] [           main] com.azentio.aml.service.AuditService     : Audit: IngestionBatch BATCH-2026-MU86KKX468 INGESTION_STARTED by SYSTEM
2026-09-19T14:54:07.724+05:30 DEBUG 13336 --- [sentinel-aml] [           main] com.azentio.aml.service.AuditService     : Audit: IngestionBatch BATCH-2026-MU86KKX468 INGESTION_COMPLETED by SYSTEM
2026-09-19T14:54:07.724+05:30  INFO 13336 --- [sentinel-aml] [           main] c.a.a.s.i.MasterDataIngestionService     : Batch BATCH-2026-MU86KKX468 (ACCOUNT) finished: 12 written (0 updates), 0 rejected in 197 ms
2026-09-19T14:54:07.762+05:30 DEBUG 13336 --- [sentinel-aml] [           main] com.azentio.aml.service.AuditService     : Audit: IngestionBatch BATCH-2026-MU86KL3D38 INGESTION_STARTED by SYSTEM
2026-09-19T14:54:08.141+05:30 DEBUG 13336 --- [sentinel-aml] [           main] c.azentio.aml.service.WatchlistService   : Watchlist snapshot at 2026-09-19T09:24:08.071918300Z: 18 jurisdictions, 6 counterparties
2026-09-19T14:54:08.160+05:30  INFO 13336 --- [sentinel-aml] [           main] c.azentio.aml.detection.DetectionEngine  : Detection sweep over [2026-06-21T11:00:00Z .. 2026-09-18T14:00:00.001Z) with 8 active rules
2026-09-19T14:54:08.179+05:30 DEBUG 13336 --- [sentinel-aml] [           main] c.a.a.d.rule.ThresholdBreachRule         : CTR_THRESHOLD_10K raised 6 threshold findings
2026-09-19T14:54:08.327+05:30 DEBUG 13336 --- [sentinel-aml] [           main] com.azentio.aml.service.AuditService     : Audit: Alert ALT-2026-MU86KLIM7U CREATED by SYSTEM
2026-09-19T14:54:08.328+05:30  INFO 13336 --- [sentinel-aml] [           main] com.azentio.aml.service.AlertWriter      : Raised alert ALT-2026-MU86KLIM7U (THRESHOLD_BREACH, score 35) for customer CUST_20008
2026-09-19T14:54:08.342+05:30 DEBUG 13336 --- [sentinel-aml] [           main] com.azentio.aml.service.AuditService     : Audit: Alert ALT-2026-MU86KLJIVM CREATED by SYSTEM
2026-09-19T14:54:08.342+05:30  INFO 13336 --- [sentinel-aml] [           main] com.azentio.aml.service.AlertWriter      : Raised alert ALT-2026-MU86KLJIVM (THRESHOLD_BREACH, score 45) for customer CUST_20003
2026-09-19T14:54:08.357+05:30 DEBUG 13336 --- [sentinel-aml] [           main] com.azentio.aml.service.AuditService     : Audit: Alert ALT-2026-MU86KLJWFX CREATED by SYSTEM
2026-09-19T14:54:08.358+05:30  INFO 13336 --- [sentinel-aml] [           main] com.azentio.aml.service.AlertWriter      : Raised alert ALT-2026-MU86KLJWFX (THRESHOLD_BREACH, score 45) for customer CUST_20003
2026-09-19T14:54:08.371+05:30 DEBUG 13336 --- [sentinel-aml] [           main] com.azentio.aml.service.AuditService     : Audit: Alert ALT-2026-MU86KLKCH9 CREATED by SYSTEM
2026-09-19T14:54:08.371+05:30  INFO 13336 --- [sentinel-aml] [           main] com.azentio.aml.service.AlertWriter      : Raised alert ALT-2026-MU86KLKCH9 (THRESHOLD_BREACH, score 45) for customer CUST_20003
2026-09-19T14:54:08.382+05:30 DEBUG 13336 --- [sentinel-aml] [           main] com.azentio.aml.service.AuditService     : Audit: Alert ALT-2026-MU86KLKOBH CREATED by SYSTEM
2026-09-19T14:54:08.383+05:30  INFO 13336 --- [sentinel-aml] [           main] com.azentio.aml.service.AlertWriter      : Raised alert ALT-2026-MU86KLKOBH (THRESHOLD_BREACH, score 45) for customer CUST_20003
2026-09-19T14:54:08.395+05:30 DEBUG 13336 --- [sentinel-aml] [           main] com.azentio.aml.service.AuditService     : Audit: Alert ALT-2026-MU86KLL2SY CREATED by SYSTEM
2026-09-19T14:54:08.396+05:30  INFO 13336 --- [sentinel-aml] [           main] com.azentio.aml.service.AlertWriter      : Raised alert ALT-2026-MU86KLL2SY (THRESHOLD_BREACH, score 45) for customer CUST_20001
2026-09-19T14:54:08.397+05:30  INFO 13336 --- [sentinel-aml] [           main] com.azentio.aml.service.AlertService     : Detection raised 6 new alerts and folded 0 into existing alerts
2026-09-19T14:54:08.398+05:30 DEBUG 13336 --- [sentinel-aml] [           main] c.azentio.aml.detection.DetectionEngine  : Rule CTR_THRESHOLD_10K produced 6 findings in 238 ms
2026-09-19T14:54:08.443+05:30  WARN 13336 --- [sentinel-aml] [           main] com.azentio.aml.common.Json              : Unable to serialise detail payload: Java 8 date/time type `java.time.Instant` not supported by default: add Module "com.fasterxml.jackson.datatype:jackson-datatype-jsr310" to enable handling (or disable `MapperFeature.REQUIRE_HANDLERS_FOR_JAVA8_TIMES`) (through reference chain: java.util.LinkedHashMap["windowStart"])
2026-09-19T14:54:08.457+05:30 DEBUG 13336 --- [sentinel-aml] [           main] com.azentio.aml.service.AuditService     : Audit: Alert ALT-2026-MU86KLMODW CREATED by SYSTEM
2026-09-19T14:54:08.458+05:30  INFO 13336 --- [sentinel-aml] [           main] com.azentio.aml.service.AlertWriter      : Raised alert ALT-2026-MU86KLMODW (STRUCTURING, score 50) for customer CUST_20002
2026-09-19T14:54:08.459+05:30  INFO 13336 --- [sentinel-aml] [           main] com.azentio.aml.service.AlertService     : Detection raised 1 new alerts and folded 0 into existing alerts
2026-09-19T14:54:08.459+05:30 DEBUG 13336 --- [sentinel-aml] [           main] c.azentio.aml.detection.DetectionEngine  : Rule STRUCTURING_24H produced 1 findings in 61 ms
2026-09-19T14:54:08.490+05:30 DEBUG 13336 --- [sentinel-aml] [           main] c.a.a.detection.rule.RapidMovementRule   : RAPID_MOVEMENT_48H: account ACC_20003 passed through 0.9250
2026-09-19T14:54:08.511+05:30 DEBUG 13336 --- [sentinel-aml] [           main] com.azentio.aml.service.AuditService     : Audit: Alert ALT-2026-MU86KLO59F CREATED by SYSTEM
2026-09-19T14:54:08.511+05:30  INFO 13336 --- [sentinel-aml] [           main] com.azentio.aml.service.AlertWriter      : Raised alert ALT-2026-MU86KLO59F (RAPID_MOVEMENT, score 45) for customer CUST_20003
2026-09-19T14:54:08.513+05:30  INFO 13336 --- [sentinel-aml] [           main] com.azentio.aml.service.AlertService     : Detection raised 1 new alerts and folded 0 into existing alerts
2026-09-19T14:54:08.513+05:30 DEBUG 13336 --- [sentinel-aml] [           main] c.azentio.aml.detection.DetectionEngine  : Rule RAPID_MOVEMENT_48H produced 1 findings in 54 ms
2026-09-19T14:54:08.542+05:30 DEBUG 13336 --- [sentinel-aml] [           main] com.azentio.aml.service.AuditService     : Audit: Alert ALT-2026-MU86KLP12Z CREATED by SYSTEM
2026-09-19T14:54:08.543+05:30  INFO 13336 --- [sentinel-aml] [           main] com.azentio.aml.service.AlertWriter      : Raised alert ALT-2026-MU86KLP12Z (HIGH_RISK_JURISDICTION, score 100) for customer CUST_20004
2026-09-19T14:54:08.544+05:30  INFO 13336 --- [sentinel-aml] [           main] com.azentio.aml.service.AlertService     : Detection raised 1 new alerts and folded 0 into existing alerts
2026-09-19T14:54:08.544+05:30 DEBUG 13336 --- [sentinel-aml] [           main] c.azentio.aml.detection.DetectionEngine  : Rule HIGH_RISK_JURISDICTION produced 1 findings in 31 ms
2026-09-19T14:54:08.669+05:30 DEBUG 13336 --- [sentinel-aml] [           main] c.a.a.d.rule.BehaviouralDeviationRule    : BEHAVIOURAL_DEVIATION_3X: customer CUST_10001 has only 0 active baseline days; skipping 2026-09-07
2026-09-19T14:54:08.670+05:30 DEBUG 13336 --- [sentinel-aml] [           main] c.a.a.d.rule.BehaviouralDeviationRule    : BEHAVIOURAL_DEVIATION_3X: customer CUST_10001 has only 1 active baseline days; skipping 2026-09-15
2026-09-19T14:54:08.673+05:30 DEBUG 13336 --- [sentinel-aml] [           main] c.a.a.d.rule.BehaviouralDeviationRule    : BEHAVIOURAL_DEVIATION_3X: customer CUST_10002 has only 0 active baseline days; skipping 2026-09-07
2026-09-19T14:54:08.673+05:30 DEBUG 13336 --- [sentinel-aml] [           main] c.a.a.d.rule.BehaviouralDeviationRule    : BEHAVIOURAL_DEVIATION_3X: customer CUST_10002 has only 1 active baseline days; skipping 2026-09-15
2026-09-19T14:54:08.677+05:30 DEBUG 13336 --- [sentinel-aml] [           main] c.a.a.d.rule.BehaviouralDeviationRule    : BEHAVIOURAL_DEVIATION_3X: customer CUST_10003 has only 0 active baseline days; skipping 2026-09-07
2026-09-19T14:54:08.677+05:30 DEBUG 13336 --- [sentinel-aml] [           main] c.a.a.d.rule.BehaviouralDeviationRule    : BEHAVIOURAL_DEVIATION_3X: customer CUST_10003 has only 1 active baseline days; skipping 2026-09-15
2026-09-19T14:54:08.680+05:30 DEBUG 13336 --- [sentinel-aml] [           main] c.a.a.d.rule.BehaviouralDeviationRule    : BEHAVIOURAL_DEVIATION_3X: customer CUST_10004 has only 0 active baseline days; skipping 2026-09-07
2026-09-19T14:54:08.680+05:30 DEBUG 13336 --- [sentinel-aml] [           main] c.a.a.d.rule.BehaviouralDeviationRule    : BEHAVIOURAL_DEVIATION_3X: customer CUST_10004 has only 1 active baseline days; skipping 2026-09-15
2026-09-19T14:54:08.684+05:30 DEBUG 13336 --- [sentinel-aml] [           main] c.a.a.d.rule.BehaviouralDeviationRule    : BEHAVIOURAL_DEVIATION_3X: customer CUST_20001 has only 0 active baseline days; skipping 2026-09-17
2026-09-19T14:54:08.687+05:30 DEBUG 13336 --- [sentinel-aml] [           main] c.a.a.d.rule.BehaviouralDeviationRule    : BEHAVIOURAL_DEVIATION_3X: customer CUST_20002 has only 0 active baseline days; skipping 2026-09-16
2026-09-19T14:54:08.688+05:30 DEBUG 13336 --- [sentinel-aml] [           main] c.a.a.d.rule.BehaviouralDeviationRule    : BEHAVIOURAL_DEVIATION_3X: customer CUST_20003 has only 0 active baseline days; skipping 2026-09-14
2026-09-19T14:54:08.690+05:30 DEBUG 13336 --- [sentinel-aml] [           main] c.a.a.d.rule.BehaviouralDeviationRule    : BEHAVIOURAL_DEVIATION_3X: customer CUST_20003 has only 1 active baseline days; skipping 2026-09-15
2026-09-19T14:54:08.692+05:30 DEBUG 13336 --- [sentinel-aml] [           main] c.a.a.d.rule.BehaviouralDeviationRule    : BEHAVIOURAL_DEVIATION_3X: customer CUST_20004 has only 0 active baseline days; skipping 2026-09-13
2026-09-19T14:54:08.698+05:30 DEBUG 13336 --- [sentinel-aml] [           main] c.a.a.d.rule.BehaviouralDeviationRule    : BEHAVIOURAL_DEVIATION_3X: customer CUST_20005 has only 0 active baseline days; skipping 2026-06-21
2026-09-19T14:54:08.699+05:30 DEBUG 13336 --- [sentinel-aml] [           main] c.a.a.d.rule.BehaviouralDeviationRule    : BEHAVIOURAL_DEVIATION_3X: customer CUST_20005 has only 1 active baseline days; skipping 2026-06-26
2026-09-19T14:54:08.701+05:30 DEBUG 13336 --- [sentinel-aml] [           main] c.a.a.d.rule.BehaviouralDeviationRule    : BEHAVIOURAL_DEVIATION_3X: customer CUST_20005 has only 2 active baseline days; skipping 2026-07-01
2026-09-19T14:54:08.702+05:30 DEBUG 13336 --- [sentinel-aml] [           main] c.a.a.d.rule.BehaviouralDeviationRule    : BEHAVIOURAL_DEVIATION_3X: customer CUST_20005 has only 3 active baseline days; skipping 2026-07-06
2026-09-19T14:54:08.702+05:30 DEBUG 13336 --- [sentinel-aml] [           main] c.a.a.d.rule.BehaviouralDeviationRule    : BEHAVIOURAL_DEVIATION_3X: customer CUST_20005 has only 4 active baseline days; skipping 2026-07-11
2026-09-19T14:54:08.703+05:30 DEBUG 13336 --- [sentinel-aml] [           main] c.a.a.d.rule.BehaviouralDeviationRule    : BEHAVIOURAL_DEVIATION_3X: customer CUST_20005 has only 5 active baseline days; skipping 2026-07-16
2026-09-19T14:54:08.703+05:30 DEBUG 13336 --- [sentinel-aml] [           main] c.a.a.d.rule.BehaviouralDeviationRule    : BEHAVIOURAL_DEVIATION_3X: customer CUST_20005 has only 6 active baseline days; skipping 2026-07-21
2026-09-19T14:54:08.705+05:30 DEBUG 13336 --- [sentinel-aml] [           main] c.a.a.d.rule.BehaviouralDeviationRule    : BEHAVIOURAL_DEVIATION_3X: customer CUST_20005 has only 7 active baseline days; skipping 2026-07-26
2026-09-19T14:54:08.706+05:30 DEBUG 13336 --- [sentinel-aml] [           main] c.a.a.d.rule.BehaviouralDeviationRule    : BEHAVIOURAL_DEVIATION_3X: customer CUST_20005 has only 8 active baseline days; skipping 2026-07-31
2026-09-19T14:54:08.707+05:30 DEBUG 13336 --- [sentinel-aml] [           main] c.a.a.d.rule.BehaviouralDeviationRule    : BEHAVIOURAL_DEVIATION_3X: customer CUST_20005 has only 9 active baseline days; skipping 2026-08-05
2026-09-19T14:54:08.708+05:30 DEBUG 13336 --- [sentinel-aml] [           main] c.a.a.d.rule.BehaviouralDeviationRule    : BEHAVIOURAL_DEVIATION_3X: customer CUST_20005 has only 10 active baseline days; skipping 2026-08-10
2026-09-19T14:54:08.708+05:30 DEBUG 13336 --- [sentinel-aml] [           main] c.a.a.d.rule.BehaviouralDeviationRule    : BEHAVIOURAL_DEVIATION_3X: customer CUST_20005 has only 11 active baseline days; skipping 2026-08-15
2026-09-19T14:54:08.709+05:30 DEBUG 13336 --- [sentinel-aml] [           main] c.a.a.d.rule.BehaviouralDeviationRule    : BEHAVIOURAL_DEVIATION_3X: customer CUST_20005 has only 12 active baseline days; skipping 2026-08-20
2026-09-19T14:54:08.711+05:30 DEBUG 13336 --- [sentinel-aml] [           main] c.a.a.d.rule.BehaviouralDeviationRule    : BEHAVIOURAL_DEVIATION_3X: customer CUST_20005 has only 13 active baseline days; skipping 2026-08-25
2026-09-19T14:54:08.726+05:30 DEBUG 13336 --- [sentinel-aml] [           main] c.a.a.d.rule.BehaviouralDeviationRule    : BEHAVIOURAL_DEVIATION_3X: customer CUST_20006 has only 0 active baseline days; skipping 2026-09-15
2026-09-19T14:54:08.731+05:30 DEBUG 13336 --- [sentinel-aml] [           main] c.a.a.d.rule.BehaviouralDeviationRule    : BEHAVIOURAL_DEVIATION_3X: customer CUST_20007 has only 0 active baseline days; skipping 2026-09-16
2026-09-19T14:54:08.736+05:30 DEBUG 13336 --- [sentinel-aml] [           main] c.a.a.d.rule.BehaviouralDeviationRule    : BEHAVIOURAL_DEVIATION_3X: customer CUST_20008 has only 0 active baseline days; skipping 2026-09-11
2026-09-19T14:54:08.751+05:30 DEBUG 13336 --- [sentinel-aml] [           main] com.azentio.aml.service.AuditService     : Audit: Alert ALT-2026-MU86KLUSYI CREATED by SYSTEM
2026-09-19T14:54:08.752+05:30  INFO 13336 --- [sentinel-aml] [           main] com.azentio.aml.service.AlertWriter      : Raised alert ALT-2026-MU86KLUSYI (BEHAVIOURAL_DEVIATION, score 30) for customer CUST_20005
2026-09-19T14:54:08.753+05:30  INFO 13336 --- [sentinel-aml] [           main] com.azentio.aml.service.AlertService     : Detection raised 1 new alerts and folded 0 into existing alerts
2026-09-19T14:54:08.754+05:30 DEBUG 13336 --- [sentinel-aml] [           main] c.azentio.aml.detection.DetectionEngine  : Rule BEHAVIOURAL_DEVIATION_3X produced 1 findings in 210 ms
2026-09-19T14:54:08.804+05:30 DEBUG 13336 --- [sentinel-aml] [           main] com.azentio.aml.service.AuditService     : Audit: Alert ALT-2026-MU86KLW5N2 CREATED by SYSTEM
2026-09-19T14:54:08.805+05:30  INFO 13336 --- [sentinel-aml] [           main] com.azentio.aml.service.AlertWriter      : Raised alert ALT-2026-MU86KLW5N2 (ROUND_AMOUNT_PATTERN, score 30) for customer CUST_20006
2026-09-19T14:54:08.807+05:30  INFO 13336 --- [sentinel-aml] [           main] com.azentio.aml.service.AlertService     : Detection raised 1 new alerts and folded 0 into existing alerts
2026-09-19T14:54:08.807+05:30 DEBUG 13336 --- [sentinel-aml] [           main] c.azentio.aml.detection.DetectionEngine  : Rule ROUND_AMOUNT_PATTERN produced 1 findings in 53 ms
2026-09-19T14:54:08.837+05:30 DEBUG 13336 --- [sentinel-aml] [           main] com.azentio.aml.service.AuditService     : Audit: Alert ALT-2026-MU86KLWXRO CREATED by SYSTEM
2026-09-19T14:54:08.837+05:30  INFO 13336 --- [sentinel-aml] [           main] com.azentio.aml.service.AlertWriter      : Raised alert ALT-2026-MU86KLWXRO (HIGH_RISK_COUNTERPARTY, score 91) for customer CUST_20004
2026-09-19T14:54:08.854+05:30 DEBUG 13336 --- [sentinel-aml] [           main] com.azentio.aml.service.AuditService     : Audit: Alert ALT-2026-MU86KLXNH4 CREATED by SYSTEM
2026-09-19T14:54:08.855+05:30  INFO 13336 --- [sentinel-aml] [           main] com.azentio.aml.service.AlertWriter      : Raised alert ALT-2026-MU86KLXNH4 (HIGH_RISK_COUNTERPARTY, score 61) for customer CUST_20003
2026-09-19T14:54:08.872+05:30 DEBUG 13336 --- [sentinel-aml] [           main] com.azentio.aml.service.AuditService     : Audit: Alert ALT-2026-MU86KLY8US CREATED by SYSTEM
2026-09-19T14:54:08.874+05:30  INFO 13336 --- [sentinel-aml] [           main] com.azentio.aml.service.AlertWriter      : Raised alert ALT-2026-MU86KLY8US (HIGH_RISK_COUNTERPARTY, score 100) for customer CUST_20007
2026-09-19T14:54:08.876+05:30  INFO 13336 --- [sentinel-aml] [           main] com.azentio.aml.service.AlertService     : Detection raised 3 new alerts and folded 0 into existing alerts
2026-09-19T14:54:08.876+05:30 DEBUG 13336 --- [sentinel-aml] [           main] c.azentio.aml.detection.DetectionEngine  : Rule HIGH_RISK_COUNTERPARTY produced 3 findings in 69 ms
2026-09-19T14:54:08.904+05:30 DEBUG 13336 --- [sentinel-aml] [           main] com.azentio.aml.service.AuditService     : Audit: Alert ALT-2026-MU86KLZ4VY CREATED by SYSTEM
2026-09-19T14:54:08.905+05:30  INFO 13336 --- [sentinel-aml] [           main] com.azentio.aml.service.AlertWriter      : Raised alert ALT-2026-MU86KLZ4VY (DORMANT_ACCOUNT_REACTIVATION, score 25) for customer CUST_20008
2026-09-19T14:54:08.906+05:30  INFO 13336 --- [sentinel-aml] [           main] com.azentio.aml.service.AlertService     : Detection raised 1 new alerts and folded 0 into existing alerts
2026-09-19T14:54:08.906+05:30 DEBUG 13336 --- [sentinel-aml] [           main] c.azentio.aml.detection.DetectionEngine  : Rule DORMANT_REACTIVATION produced 1 findings in 30 ms
2026-09-19T14:54:08.906+05:30  INFO 13336 --- [sentinel-aml] [           main] c.azentio.aml.detection.DetectionEngine  : Sweep complete: 15 alerts created, 0 aggregated
2026-09-19T14:54:08.922+05:30  INFO 13336 --- [sentinel-aml] [           main] c.azentio.aml.detection.DetectionEngine  : Screened 42 pending transactions
2026-09-19T14:54:08.932+05:30 DEBUG 13336 --- [sentinel-aml] [           main] com.azentio.aml.service.AuditService     : Audit: IngestionBatch BATCH-2026-MU86KL3D38 INGESTION_COMPLETED by SYSTEM
2026-09-19T14:54:08.932+05:30  INFO 13336 --- [sentinel-aml] [           main] c.a.a.s.i.TransactionIngestionService    : Batch BATCH-2026-MU86KL3D38 finished: 42 stored, 0 rejected, 0 duplicates, 15 alerts in 1179 ms
2026-09-19T14:54:08.972+05:30 DEBUG 13336 --- [sentinel-aml] [           main] com.azentio.aml.service.AuditService     : Audit: IngestionBatch BATCH-2026-MU86KM1457 INGESTION_STARTED by SYSTEM
2026-09-19T14:54:08.996+05:30 DEBUG 13336 --- [sentinel-aml] [           main] com.azentio.aml.service.AuditService     : Audit: IngestionBatch BATCH-2026-MU86KM1457 INGESTION_COMPLETED by SYSTEM
2026-09-19T14:54:08.996+05:30  INFO 13336 --- [sentinel-aml] [           main] c.a.a.s.i.TransactionIngestionService    : Batch BATCH-2026-MU86KM1457 finished: 0 stored, 0 rejected, 42 duplicates, 0 alerts in 28 ms
2026-09-19T14:54:09.021+05:30 DEBUG 13336 --- [sentinel-aml] [           main] c.azentio.aml.service.WatchlistService   : Watchlist snapshot at 2026-09-19T09:24:08.997328100Z: 18 jurisdictions, 6 counterparties
2026-09-19T14:54:09.023+05:30  INFO 13336 --- [sentinel-aml] [           main] c.azentio.aml.detection.DetectionEngine  : Detection sweep over [2026-06-21T11:00:00Z .. 2026-09-18T14:00:01Z) with 8 active rules
2026-09-19T14:54:09.031+05:30 DEBUG 13336 --- [sentinel-aml] [           main] c.a.a.d.rule.ThresholdBreachRule         : CTR_THRESHOLD_10K raised 6 threshold findings
2026-09-19T14:54:09.083+05:30  INFO 13336 --- [sentinel-aml] [           main] com.azentio.aml.service.AlertService     : Detection raised 0 new alerts and folded 6 into existing alerts
2026-09-19T14:54:09.085+05:30 DEBUG 13336 --- [sentinel-aml] [           main] c.azentio.aml.detection.DetectionEngine  : Rule CTR_THRESHOLD_10K produced 6 findings in 62 ms
2026-09-19T14:54:09.093+05:30  WARN 13336 --- [sentinel-aml] [           main] com.azentio.aml.common.Json              : Unable to serialise detail payload: Java 8 date/time type `java.time.Instant` not supported by default: add Module "com.fasterxml.jackson.datatype:jackson-datatype-jsr310" to enable handling (or disable `MapperFeature.REQUIRE_HANDLERS_FOR_JAVA8_TIMES`) (through reference chain: java.util.LinkedHashMap["windowStart"])
2026-09-19T14:54:09.102+05:30  INFO 13336 --- [sentinel-aml] [           main] com.azentio.aml.service.AlertService     : Detection raised 0 new alerts and folded 1 into existing alerts
2026-09-19T14:54:09.102+05:30 DEBUG 13336 --- [sentinel-aml] [           main] c.azentio.aml.detection.DetectionEngine  : Rule STRUCTURING_24H produced 1 findings in 17 ms
2026-09-19T14:54:09.126+05:30 DEBUG 13336 --- [sentinel-aml] [           main] c.a.a.detection.rule.RapidMovementRule   : RAPID_MOVEMENT_48H: account ACC_20003 passed through 0.9250
2026-09-19T14:54:09.140+05:30  INFO 13336 --- [sentinel-aml] [           main] com.azentio.aml.service.AlertService     : Detection raised 0 new alerts and folded 1 into existing alerts
2026-09-19T14:54:09.140+05:30 DEBUG 13336 --- [sentinel-aml] [           main] c.azentio.aml.detection.DetectionEngine  : Rule RAPID_MOVEMENT_48H produced 1 findings in 38 ms
2026-09-19T14:54:09.154+05:30  INFO 13336 --- [sentinel-aml] [           main] com.azentio.aml.service.AlertService     : Detection raised 0 new alerts and folded 1 into existing alerts
2026-09-19T14:54:09.155+05:30 DEBUG 13336 --- [sentinel-aml] [           main] c.azentio.aml.detection.DetectionEngine  : Rule HIGH_RISK_JURISDICTION produced 1 findings in 15 ms
2026-09-19T14:54:09.163+05:30 DEBUG 13336 --- [sentinel-aml] [           main] c.a.a.d.rule.BehaviouralDeviationRule    : BEHAVIOURAL_DEVIATION_3X: customer CUST_10001 has only 0 active baseline days; skipping 2026-09-07
2026-09-19T14:54:09.163+05:30 DEBUG 13336 --- [sentinel-aml] [           main] c.a.a.d.rule.BehaviouralDeviationRule    : BEHAVIOURAL_DEVIATION_3X: customer CUST_10001 has only 1 active baseline days; skipping 2026-09-15
2026-09-19T14:54:09.166+05:30 DEBUG 13336 --- [sentinel-aml] [           main] c.a.a.d.rule.BehaviouralDeviationRule    : BEHAVIOURAL_DEVIATION_3X: customer CUST_10002 has only 0 active baseline days; skipping 2026-09-07
2026-09-19T14:54:09.167+05:30 DEBUG 13336 --- [sentinel-aml] [           main] c.a.a.d.rule.BehaviouralDeviationRule    : BEHAVIOURAL_DEVIATION_3X: customer CUST_10002 has only 1 active baseline days; skipping 2026-09-15
2026-09-19T14:54:09.172+05:30 DEBUG 13336 --- [sentinel-aml] [           main] c.a.a.d.rule.BehaviouralDeviationRule    : BEHAVIOURAL_DEVIATION_3X: customer CUST_10003 has only 0 active baseline days; skipping 2026-09-07
2026-09-19T14:54:09.172+05:30 DEBUG 13336 --- [sentinel-aml] [           main] c.a.a.d.rule.BehaviouralDeviationRule    : BEHAVIOURAL_DEVIATION_3X: customer CUST_10003 has only 1 active baseline days; skipping 2026-09-15
2026-09-19T14:54:09.174+05:30 DEBUG 13336 --- [sentinel-aml] [           main] c.a.a.d.rule.BehaviouralDeviationRule    : BEHAVIOURAL_DEVIATION_3X: customer CUST_10004 has only 0 active baseline days; skipping 2026-09-07
2026-09-19T14:54:09.175+05:30 DEBUG 13336 --- [sentinel-aml] [           main] c.a.a.d.rule.BehaviouralDeviationRule    : BEHAVIOURAL_DEVIATION_3X: customer CUST_10004 has only 1 active baseline days; skipping 2026-09-15
2026-09-19T14:54:09.177+05:30 DEBUG 13336 --- [sentinel-aml] [           main] c.a.a.d.rule.BehaviouralDeviationRule    : BEHAVIOURAL_DEVIATION_3X: customer CUST_20001 has only 0 active baseline days; skipping 2026-09-17
2026-09-19T14:54:09.179+05:30 DEBUG 13336 --- [sentinel-aml] [           main] c.a.a.d.rule.BehaviouralDeviationRule    : BEHAVIOURAL_DEVIATION_3X: customer CUST_20002 has only 0 active baseline days; skipping 2026-09-16
2026-09-19T14:54:09.182+05:30 DEBUG 13336 --- [sentinel-aml] [           main] c.a.a.d.rule.BehaviouralDeviationRule    : BEHAVIOURAL_DEVIATION_3X: customer CUST_20003 has only 0 active baseline days; skipping 2026-09-14
2026-09-19T14:54:09.182+05:30 DEBUG 13336 --- [sentinel-aml] [           main] c.a.a.d.rule.BehaviouralDeviationRule    : BEHAVIOURAL_DEVIATION_3X: customer CUST_20003 has only 1 active baseline days; skipping 2026-09-15
2026-09-19T14:54:09.185+05:30 DEBUG 13336 --- [sentinel-aml] [           main] c.a.a.d.rule.BehaviouralDeviationRule    : BEHAVIOURAL_DEVIATION_3X: customer CUST_20004 has only 0 active baseline days; skipping 2026-09-13
2026-09-19T14:54:09.189+05:30 DEBUG 13336 --- [sentinel-aml] [           main] c.a.a.d.rule.BehaviouralDeviationRule    : BEHAVIOURAL_DEVIATION_3X: customer CUST_20005 has only 0 active baseline days; skipping 2026-06-21
2026-09-19T14:54:09.189+05:30 DEBUG 13336 --- [sentinel-aml] [           main] c.a.a.d.rule.BehaviouralDeviationRule    : BEHAVIOURAL_DEVIATION_3X: customer CUST_20005 has only 1 active baseline days; skipping 2026-06-26
2026-09-19T14:54:09.190+05:30 DEBUG 13336 --- [sentinel-aml] [           main] c.a.a.d.rule.BehaviouralDeviationRule    : BEHAVIOURAL_DEVIATION_3X: customer CUST_20005 has only 2 active baseline days; skipping 2026-07-01
2026-09-19T14:54:09.190+05:30 DEBUG 13336 --- [sentinel-aml] [           main] c.a.a.d.rule.BehaviouralDeviationRule    : BEHAVIOURAL_DEVIATION_3X: customer CUST_20005 has only 3 active baseline days; skipping 2026-07-06
2026-09-19T14:54:09.190+05:30 DEBUG 13336 --- [sentinel-aml] [           main] c.a.a.d.rule.BehaviouralDeviationRule    : BEHAVIOURAL_DEVIATION_3X: customer CUST_20005 has only 4 active baseline days; skipping 2026-07-11
2026-09-19T14:54:09.191+05:30 DEBUG 13336 --- [sentinel-aml] [           main] c.a.a.d.rule.BehaviouralDeviationRule    : BEHAVIOURAL_DEVIATION_3X: customer CUST_20005 has only 5 active baseline days; skipping 2026-07-16
2026-09-19T14:54:09.191+05:30 DEBUG 13336 --- [sentinel-aml] [           main] c.a.a.d.rule.BehaviouralDeviationRule    : BEHAVIOURAL_DEVIATION_3X: customer CUST_20005 has only 6 active baseline days; skipping 2026-07-21
2026-09-19T14:54:09.191+05:30 DEBUG 13336 --- [sentinel-aml] [           main] c.a.a.d.rule.BehaviouralDeviationRule    : BEHAVIOURAL_DEVIATION_3X: customer CUST_20005 has only 7 active baseline days; skipping 2026-07-26
2026-09-19T14:54:09.192+05:30 DEBUG 13336 --- [sentinel-aml] [           main] c.a.a.d.rule.BehaviouralDeviationRule    : BEHAVIOURAL_DEVIATION_3X: customer CUST_20005 has only 8 active baseline days; skipping 2026-07-31
2026-09-19T14:54:09.193+05:30 DEBUG 13336 --- [sentinel-aml] [           main] c.a.a.d.rule.BehaviouralDeviationRule    : BEHAVIOURAL_DEVIATION_3X: customer CUST_20005 has only 9 active baseline days; skipping 2026-08-05
2026-09-19T14:54:09.193+05:30 DEBUG 13336 --- [sentinel-aml] [           main] c.a.a.d.rule.BehaviouralDeviationRule    : BEHAVIOURAL_DEVIATION_3X: customer CUST_20005 has only 10 active baseline days; skipping 2026-08-10
2026-09-19T14:54:09.194+05:30 DEBUG 13336 --- [sentinel-aml] [           main] c.a.a.d.rule.BehaviouralDeviationRule    : BEHAVIOURAL_DEVIATION_3X: customer CUST_20005 has only 11 active baseline days; skipping 2026-08-15
2026-09-19T14:54:09.195+05:30 DEBUG 13336 --- [sentinel-aml] [           main] c.a.a.d.rule.BehaviouralDeviationRule    : BEHAVIOURAL_DEVIATION_3X: customer CUST_20005 has only 12 active baseline days; skipping 2026-08-20
2026-09-19T14:54:09.196+05:30 DEBUG 13336 --- [sentinel-aml] [           main] c.a.a.d.rule.BehaviouralDeviationRule    : BEHAVIOURAL_DEVIATION_3X: customer CUST_20005 has only 13 active baseline days; skipping 2026-08-25
2026-09-19T14:54:09.204+05:30 DEBUG 13336 --- [sentinel-aml] [           main] c.a.a.d.rule.BehaviouralDeviationRule    : BEHAVIOURAL_DEVIATION_3X: customer CUST_20006 has only 0 active baseline days; skipping 2026-09-15
2026-09-19T14:54:09.206+05:30 DEBUG 13336 --- [sentinel-aml] [           main] c.a.a.d.rule.BehaviouralDeviationRule    : BEHAVIOURAL_DEVIATION_3X: customer CUST_20007 has only 0 active baseline days; skipping 2026-09-16
2026-09-19T14:54:09.208+05:30 DEBUG 13336 --- [sentinel-aml] [           main] c.a.a.d.rule.BehaviouralDeviationRule    : BEHAVIOURAL_DEVIATION_3X: customer CUST_20008 has only 0 active baseline days; skipping 2026-09-11
2026-09-19T14:54:09.217+05:30  INFO 13336 --- [sentinel-aml] [           main] com.azentio.aml.service.AlertService     : Detection raised 0 new alerts and folded 1 into existing alerts
2026-09-19T14:54:09.218+05:30 DEBUG 13336 --- [sentinel-aml] [           main] c.azentio.aml.detection.DetectionEngine  : Rule BEHAVIOURAL_DEVIATION_3X produced 1 findings in 63 ms
2026-09-19T14:54:09.236+05:30  INFO 13336 --- [sentinel-aml] [           main] com.azentio.aml.service.AlertService     : Detection raised 0 new alerts and folded 1 into existing alerts
2026-09-19T14:54:09.236+05:30 DEBUG 13336 --- [sentinel-aml] [           main] c.azentio.aml.detection.DetectionEngine  : Rule ROUND_AMOUNT_PATTERN produced 1 findings in 18 ms
2026-09-19T14:54:09.262+05:30  INFO 13336 --- [sentinel-aml] [           main] com.azentio.aml.service.AlertService     : Detection raised 0 new alerts and folded 3 into existing alerts
2026-09-19T14:54:09.262+05:30 DEBUG 13336 --- [sentinel-aml] [           main] c.azentio.aml.detection.DetectionEngine  : Rule HIGH_RISK_COUNTERPARTY produced 3 findings in 26 ms
2026-09-19T14:54:09.277+05:30  INFO 13336 --- [sentinel-aml] [           main] com.azentio.aml.service.AlertService     : Detection raised 0 new alerts and folded 1 into existing alerts
2026-09-19T14:54:09.278+05:30 DEBUG 13336 --- [sentinel-aml] [           main] c.azentio.aml.detection.DetectionEngine  : Rule DORMANT_REACTIVATION produced 1 findings in 16 ms
2026-09-19T14:54:09.278+05:30  INFO 13336 --- [sentinel-aml] [           main] c.azentio.aml.detection.DetectionEngine  : Sweep complete: 0 alerts created, 15 aggregated
2026-09-19T14:54:09.307+05:30 DEBUG 13336 --- [sentinel-aml] [           main] c.azentio.aml.service.WatchlistService   : Watchlist snapshot at 2026-09-19T09:24:09.283898200Z: 18 jurisdictions, 6 counterparties
2026-09-19T14:54:09.307+05:30  INFO 13336 --- [sentinel-aml] [           main] c.azentio.aml.detection.DetectionEngine  : Detection sweep over [2026-06-21T11:00:00Z .. 2026-09-18T14:00:01Z) with 8 active rules
2026-09-19T14:54:09.314+05:30 DEBUG 13336 --- [sentinel-aml] [           main] c.a.a.d.rule.ThresholdBreachRule         : CTR_THRESHOLD_10K raised 6 threshold findings
2026-09-19T14:54:09.344+05:30  INFO 13336 --- [sentinel-aml] [           main] com.azentio.aml.service.AlertService     : Detection raised 0 new alerts and folded 6 into existing alerts
2026-09-19T14:54:09.345+05:30 DEBUG 13336 --- [sentinel-aml] [           main] c.azentio.aml.detection.DetectionEngine  : Rule CTR_THRESHOLD_10K produced 6 findings in 38 ms
2026-09-19T14:54:09.353+05:30  WARN 13336 --- [sentinel-aml] [           main] com.azentio.aml.common.Json              : Unable to serialise detail payload: Java 8 date/time type `java.time.Instant` not supported by default: add Module "com.fasterxml.jackson.datatype:jackson-datatype-jsr310" to enable handling (or disable `MapperFeature.REQUIRE_HANDLERS_FOR_JAVA8_TIMES`) (through reference chain: java.util.LinkedHashMap["windowStart"])
2026-09-19T14:54:09.360+05:30  INFO 13336 --- [sentinel-aml] [           main] com.azentio.aml.service.AlertService     : Detection raised 0 new alerts and folded 1 into existing alerts
2026-09-19T14:54:09.360+05:30 DEBUG 13336 --- [sentinel-aml] [           main] c.azentio.aml.detection.DetectionEngine  : Rule STRUCTURING_24H produced 1 findings in 15 ms
2026-09-19T14:54:09.387+05:30 DEBUG 13336 --- [sentinel-aml] [           main] c.a.a.detection.rule.RapidMovementRule   : RAPID_MOVEMENT_48H: account ACC_20003 passed through 0.9250
2026-09-19T14:54:09.400+05:30  INFO 13336 --- [sentinel-aml] [           main] com.azentio.aml.service.AlertService     : Detection raised 0 new alerts and folded 1 into existing alerts
2026-09-19T14:54:09.400+05:30 DEBUG 13336 --- [sentinel-aml] [           main] c.azentio.aml.detection.DetectionEngine  : Rule RAPID_MOVEMENT_48H produced 1 findings in 40 ms
2026-09-19T14:54:09.405+05:30  INFO 13336 --- [sentinel-aml] [           main] com.azentio.aml.service.AlertService     : Detection raised 0 new alerts and folded 1 into existing alerts
2026-09-19T14:54:09.405+05:30 DEBUG 13336 --- [sentinel-aml] [           main] c.azentio.aml.detection.DetectionEngine  : Rule HIGH_RISK_JURISDICTION produced 1 findings in 5 ms
2026-09-19T14:54:09.417+05:30 DEBUG 13336 --- [sentinel-aml] [           main] c.a.a.d.rule.BehaviouralDeviationRule    : BEHAVIOURAL_DEVIATION_3X: customer CUST_10001 has only 0 active baseline days; skipping 2026-09-07
2026-09-19T14:54:09.417+05:30 DEBUG 13336 --- [sentinel-aml] [           main] c.a.a.d.rule.BehaviouralDeviationRule    : BEHAVIOURAL_DEVIATION_3X: customer CUST_10001 has only 1 active baseline days; skipping 2026-09-15
2026-09-19T14:54:09.420+05:30 DEBUG 13336 --- [sentinel-aml] [           main] c.a.a.d.rule.BehaviouralDeviationRule    : BEHAVIOURAL_DEVIATION_3X: customer CUST_10002 has only 0 active baseline days; skipping 2026-09-07
2026-09-19T14:54:09.420+05:30 DEBUG 13336 --- [sentinel-aml] [           main] c.a.a.d.rule.BehaviouralDeviationRule    : BEHAVIOURAL_DEVIATION_3X: customer CUST_10002 has only 1 active baseline days; skipping 2026-09-15
2026-09-19T14:54:09.423+05:30 DEBUG 13336 --- [sentinel-aml] [           main] c.a.a.d.rule.BehaviouralDeviationRule    : BEHAVIOURAL_DEVIATION_3X: customer CUST_10003 has only 0 active baseline days; skipping 2026-09-07
2026-09-19T14:54:09.423+05:30 DEBUG 13336 --- [sentinel-aml] [           main] c.a.a.d.rule.BehaviouralDeviationRule    : BEHAVIOURAL_DEVIATION_3X: customer CUST_10003 has only 1 active baseline days; skipping 2026-09-15
2026-09-19T14:54:09.425+05:30 DEBUG 13336 --- [sentinel-aml] [           main] c.a.a.d.rule.BehaviouralDeviationRule    : BEHAVIOURAL_DEVIATION_3X: customer CUST_10004 has only 0 active baseline days; skipping 2026-09-07
2026-09-19T14:54:09.425+05:30 DEBUG 13336 --- [sentinel-aml] [           main] c.a.a.d.rule.BehaviouralDeviationRule    : BEHAVIOURAL_DEVIATION_3X: customer CUST_10004 has only 1 active baseline days; skipping 2026-09-15
2026-09-19T14:54:09.427+05:30 DEBUG 13336 --- [sentinel-aml] [           main] c.a.a.d.rule.BehaviouralDeviationRule    : BEHAVIOURAL_DEVIATION_3X: customer CUST_20001 has only 0 active baseline days; skipping 2026-09-17
2026-09-19T14:54:09.431+05:30 DEBUG 13336 --- [sentinel-aml] [           main] c.a.a.d.rule.BehaviouralDeviationRule    : BEHAVIOURAL_DEVIATION_3X: customer CUST_20002 has only 0 active baseline days; skipping 2026-09-16
2026-09-19T14:54:09.433+05:30 DEBUG 13336 --- [sentinel-aml] [           main] c.a.a.d.rule.BehaviouralDeviationRule    : BEHAVIOURAL_DEVIATION_3X: customer CUST_20003 has only 0 active baseline days; skipping 2026-09-14
2026-09-19T14:54:09.433+05:30 DEBUG 13336 --- [sentinel-aml] [           main] c.a.a.d.rule.BehaviouralDeviationRule    : BEHAVIOURAL_DEVIATION_3X: customer CUST_20003 has only 1 active baseline days; skipping 2026-09-15
2026-09-19T14:54:09.436+05:30 DEBUG 13336 --- [sentinel-aml] [           main] c.a.a.d.rule.BehaviouralDeviationRule    : BEHAVIOURAL_DEVIATION_3X: customer CUST_20004 has only 0 active baseline days; skipping 2026-09-13
2026-09-19T14:54:09.436+05:30 DEBUG 13336 --- [sentinel-aml] [           main] c.a.a.d.rule.BehaviouralDeviationRule    : BEHAVIOURAL_DEVIATION_3X: customer CUST_20005 has only 0 active baseline days; skipping 2026-06-21
2026-09-19T14:54:09.436+05:30 DEBUG 13336 --- [sentinel-aml] [           main] c.a.a.d.rule.BehaviouralDeviationRule    : BEHAVIOURAL_DEVIATION_3X: customer CUST_20005 has only 1 active baseline days; skipping 2026-06-26
2026-09-19T14:54:09.436+05:30 DEBUG 13336 --- [sentinel-aml] [           main] c.a.a.d.rule.BehaviouralDeviationRule    : BEHAVIOURAL_DEVIATION_3X: customer CUST_20005 has only 2 active baseline days; skipping 2026-07-01
2026-09-19T14:54:09.436+05:30 DEBUG 13336 --- [sentinel-aml] [           main] c.a.a.d.rule.BehaviouralDeviationRule    : BEHAVIOURAL_DEVIATION_3X: customer CUST_20005 has only 3 active baseline days; skipping 2026-07-06
2026-09-19T14:54:09.436+05:30 DEBUG 13336 --- [sentinel-aml] [           main] c.a.a.d.rule.BehaviouralDeviationRule    : BEHAVIOURAL_DEVIATION_3X: customer CUST_20005 has only 4 active baseline days; skipping 2026-07-11
2026-09-19T14:54:09.436+05:30 DEBUG 13336 --- [sentinel-aml] [           main] c.a.a.d.rule.BehaviouralDeviationRule    : BEHAVIOURAL_DEVIATION_3X: customer CUST_20005 has only 5 active baseline days; skipping 2026-07-16
2026-09-19T14:54:09.436+05:30 DEBUG 13336 --- [sentinel-aml] [           main] c.a.a.d.rule.BehaviouralDeviationRule    : BEHAVIOURAL_DEVIATION_3X: customer CUST_20005 has only 6 active baseline days; skipping 2026-07-21
2026-09-19T14:54:09.436+05:30 DEBUG 13336 --- [sentinel-aml] [           main] c.a.a.d.rule.BehaviouralDeviationRule    : BEHAVIOURAL_DEVIATION_3X: customer CUST_20005 has only 7 active baseline days; skipping 2026-07-26
2026-09-19T14:54:09.436+05:30 DEBUG 13336 --- [sentinel-aml] [           main] c.a.a.d.rule.BehaviouralDeviationRule    : BEHAVIOURAL_DEVIATION_3X: customer CUST_20005 has only 8 active baseline days; skipping 2026-07-31
2026-09-19T14:54:09.436+05:30 DEBUG 13336 --- [sentinel-aml] [           main] c.a.a.d.rule.BehaviouralDeviationRule    : BEHAVIOURAL_DEVIATION_3X: customer CUST_20005 has only 9 active baseline days; skipping 2026-08-05
2026-09-19T14:54:09.436+05:30 DEBUG 13336 --- [sentinel-aml] [           main] c.a.a.d.rule.BehaviouralDeviationRule    : BEHAVIOURAL_DEVIATION_3X: customer CUST_20005 has only 10 active baseline days; skipping 2026-08-10
2026-09-19T14:54:09.436+05:30 DEBUG 13336 --- [sentinel-aml] [           main] c.a.a.d.rule.BehaviouralDeviationRule    : BEHAVIOURAL_DEVIATION_3X: customer CUST_20005 has only 11 active baseline days; skipping 2026-08-15
2026-09-19T14:54:09.436+05:30 DEBUG 13336 --- [sentinel-aml] [           main] c.a.a.d.rule.BehaviouralDeviationRule    : BEHAVIOURAL_DEVIATION_3X: customer CUST_20005 has only 12 active baseline days; skipping 2026-08-20
2026-09-19T14:54:09.436+05:30 DEBUG 13336 --- [sentinel-aml] [           main] c.a.a.d.rule.BehaviouralDeviationRule    : BEHAVIOURAL_DEVIATION_3X: customer CUST_20005 has only 13 active baseline days; skipping 2026-08-25
2026-09-19T14:54:09.449+05:30 DEBUG 13336 --- [sentinel-aml] [           main] c.a.a.d.rule.BehaviouralDeviationRule    : BEHAVIOURAL_DEVIATION_3X: customer CUST_20006 has only 0 active baseline days; skipping 2026-09-15
2026-09-19T14:54:09.453+05:30 DEBUG 13336 --- [sentinel-aml] [           main] c.a.a.d.rule.BehaviouralDeviationRule    : BEHAVIOURAL_DEVIATION_3X: customer CUST_20007 has only 0 active baseline days; skipping 2026-09-16
2026-09-19T14:54:09.453+05:30 DEBUG 13336 --- [sentinel-aml] [           main] c.a.a.d.rule.BehaviouralDeviationRule    : BEHAVIOURAL_DEVIATION_3X: customer CUST_20008 has only 0 active baseline days; skipping 2026-09-11
2026-09-19T14:54:09.461+05:30  INFO 13336 --- [sentinel-aml] [           main] com.azentio.aml.service.AlertService     : Detection raised 0 new alerts and folded 1 into existing alerts
2026-09-19T14:54:09.461+05:30 DEBUG 13336 --- [sentinel-aml] [           main] c.azentio.aml.detection.DetectionEngine  : Rule BEHAVIOURAL_DEVIATION_3X produced 1 findings in 56 ms
2026-09-19T14:54:09.471+05:30  INFO 13336 --- [sentinel-aml] [           main] com.azentio.aml.service.AlertService     : Detection raised 0 new alerts and folded 1 into existing alerts
2026-09-19T14:54:09.471+05:30 DEBUG 13336 --- [sentinel-aml] [           main] c.azentio.aml.detection.DetectionEngine  : Rule ROUND_AMOUNT_PATTERN produced 1 findings in 10 ms
2026-09-19T14:54:09.504+05:30  INFO 13336 --- [sentinel-aml] [           main] com.azentio.aml.service.AlertService     : Detection raised 0 new alerts and folded 3 into existing alerts
2026-09-19T14:54:09.504+05:30 DEBUG 13336 --- [sentinel-aml] [           main] c.azentio.aml.detection.DetectionEngine  : Rule HIGH_RISK_COUNTERPARTY produced 3 findings in 23 ms
2026-09-19T14:54:09.520+05:30  INFO 13336 --- [sentinel-aml] [           main] com.azentio.aml.service.AlertService     : Detection raised 0 new alerts and folded 1 into existing alerts
2026-09-19T14:54:09.520+05:30 DEBUG 13336 --- [sentinel-aml] [           main] c.azentio.aml.detection.DetectionEngine  : Rule DORMANT_REACTIVATION produced 1 findings in 16 ms
2026-09-19T14:54:09.520+05:30  INFO 13336 --- [sentinel-aml] [           main] c.azentio.aml.detection.DetectionEngine  : Sweep complete: 0 alerts created, 15 aggregated
]]></system-out>
  </testcase>
</testsuite>