<?xml version="1.0" encoding="UTF-8"?>
<testsuite xmlns:xsi="http://www.w3.org/2001/XMLSchema-instance" xsi:noNamespaceSchemaLocation="https://maven.apache.org/surefire/maven-surefire-plugin/xsd/surefire-test-report.xsd" version="3.0.2" name="com.azentio.aml.domain.DomainModelMappingTest" time="5.31" tests="3" errors="0" skipped="0" failures="0" flakes="0">
  <properties>
[...]
</properties>
  <testcase name="persistsCustomerAccountTransactionAndAlertGraph" classname="com.azentio.aml.domain.DomainModelMappingTest" time="0.694">
    <system-out><![CDATA[2026-09-19T15:58:54.017+05:30  INFO 10428 --- [sentinel-aml] [           main] t.c.s.AnnotationConfigContextLoaderUtils : Could not detect default configuration classes for test class [com.azentio.aml.domain.DomainModelMappingTest]: DomainModelMappingTest does not declare any static, non-private, non-final, nested classes annotated with @Configuration.
2026-09-19T15:58:54.305+05:30  INFO 10428 --- [sentinel-aml] [           main] .b.t.c.SpringBootTestContextBootstrapper : Found @SpringBootConfiguration com.azentio.aml.AmlApplication for test class com.azentio.aml.domain.DomainModelMappingTest
2026-09-19T15:58:54.305+05:30  INFO 10428 --- [sentinel-aml] [           main] t.c.s.AnnotationConfigContextLoaderUtils : Could not detect default configuration classes for test class [com.azentio.aml.domain.DomainModelMappingTest]: DomainModelMappingTest does not declare any static, non-private, non-final, nested classes annotated with @Configuration.
2026-09-19T15:58:54.379+05:30  INFO 10428 --- [sentinel-aml] [           main] .b.t.c.SpringBootTestContextBootstrapper : Found @SpringBootConfiguration com.azentio.aml.AmlApplication for test class com.azentio.aml.domain.DomainModelMappingTest

  .   ____          _            __ _ _
 /\\ / ___'_ __ _ _(_)_ __  __ _ \ \ \ \
( ( )\___ | '_ | '_| | '_ \/ _` | \ \ \ \
 \\/  ___)| |_)| | | | | || (_| |  ) ) ) )
  '  |____| .__|_| |_|_| |_\__, | / / / /
 =========|_|==============|___/=/_/_/_/

 :: Spring Boot ::                (v4.1.1)

2026-09-19T15:58:54.554+05:30  INFO 10428 --- [sentinel-aml] [           main] c.a.aml.domain.DomainModelMappingTest    : Starting DomainModelMappingTest using Java 17.0.2 with PID 10428 (started by KIIT in C:\Users\KIIT\Downloads\aml\aml)
2026-09-19T15:58:54.557+05:30 DEBUG 10428 --- [sentinel-aml] [           main] c.a.aml.domain.DomainModelMappingTest    : Running with Spring Boot v4.1.1, Spring v7.0.9
2026-09-19T15:58:54.557+05:30  INFO 10428 --- [sentinel-aml] [           main] c.a.aml.domain.DomainModelMappingTest    : The following 1 profile is active: "test"
2026-09-19T15:58:55.191+05:30  INFO 10428 --- [sentinel-aml] [           main] .s.d.r.c.RepositoryConfigurationDelegate : Bootstrapping Spring Data JPA repositories in DEFAULT mode.
2026-09-19T15:58:55.322+05:30  INFO 10428 --- [sentinel-aml] [           main] .s.d.r.c.RepositoryConfigurationDelegate : Finished Spring Data repository scanning in 116 ms. Found 15 JPA repository interfaces.
2026-09-19T15:58:55.534+05:30  INFO 10428 --- [sentinel-aml] [           main] org.hibernate.orm.jpa                    : HHH008540: Processing PersistenceUnitInfo [name: default]
2026-09-19T15:58:55.619+05:30  INFO 10428 --- [sentinel-aml] [           main] o.s.o.j.p.SpringPersistenceUnitInfo      : No LoadTimeWeaver setup: ignoring JPA class transformer
2026-09-19T15:58:55.622+05:30  INFO 10428 --- [sentinel-aml] [           main] com.zaxxer.hikari.HikariDataSource       : sentinel-pool - Starting...
2026-09-19T15:58:55.622+05:30  INFO 10428 --- [sentinel-aml] [           main] com.zaxxer.hikari.pool.HikariPool        : sentinel-pool - Added connection conn20: url=jdbc:h2:mem:sentinel user=SA
2026-09-19T15:58:55.622+05:30  INFO 10428 --- [sentinel-aml] [           main] com.zaxxer.hikari.HikariDataSource       : sentinel-pool - Start completed.
2026-09-19T15:58:55.622+05:30  WARN 10428 --- [sentinel-aml] [           main] org.hibernate.orm.deprecation            : HHH90000025: H2Dialect does not need to be specified explicitly using 'hibernate.dialect' (remove the property setting and it will be selected by default)
2026-09-19T15:58:55.622+05:30  INFO 10428 --- [sentinel-aml] [           main] org.hibernate.orm.connections.pooling    : HHH10001005: Database info:
	Database JDBC URL [jdbc:h2:mem:sentinel]
	Database driver: H2 JDBC Driver
	Database dialect: H2Dialect
	Database version: 2.4.240
	Default catalog/schema: sentinel/public
	Autocommit mode: undefined/unknown
	Isolation level: READ_COMMITTED [default READ_COMMITTED]
	JDBC fetch size: 100
	Pool: DataSourceConnectionProvider
	Minimum pool size: undefined/unknown
	Maximum pool size: undefined/unknown
2026-09-19T15:58:57.196+05:30  INFO 10428 --- [sentinel-aml] [           main] org.hibernate.orm.core                   : HHH000489: No JTA platform available (set 'hibernate.transaction.jta.platform' to enable JTA platform integration)
2026-09-19T15:58:57.198+05:30  INFO 10428 --- [sentinel-aml] [           main] org.hibernate.orm.jdbc.batch             : HHH100501: Automatic JDBC statement batching enabled (maximum batch size 100)
Hibernate: drop table if exists accounts cascade 
Hibernate: drop table if exists alert_evidence cascade 
Hibernate: drop table if exists alert_triggered_rules cascade 
Hibernate: drop table if exists alerts cascade 
Hibernate: drop table if exists aml_cases cascade 
Hibernate: drop table if exists app_users cascade 
Hibernate: drop table if exists audit_events cascade 
Hibernate: drop table if exists case_notes cascade 
Hibernate: drop table if exists customers cascade 
Hibernate: drop table if exists exchange_rates cascade 
Hibernate: drop table if exists ingestion_batches cascade 
Hibernate: drop table if exists ingestion_errors cascade 
Hibernate: drop table if exists rule_configs cascade 
Hibernate: drop table if exists transactions cascade 
Hibernate: drop table if exists watchlist_entries cascade 
Hibernate: create table accounts (avg_monthly_balance_6m numeric(19,2), avg_monthly_txn_count integer, close_date date, credit_limit numeric(19,2), credit_utilization_pct numeric(7,2), currency varchar(3) not null, current_balance numeric(19,2), is_joint_account boolean, last_login_date date, mobile_banking_enrolled boolean, num_linked_devices integer, open_date date not null, overdraft_enabled boolean, created_at timestamp(6) with time zone not null, updated_at timestamp(6) with time zone, account_status varchar(20) not null check ((account_status in ('ACTIVE','INACTIVE','DORMANT','FROZEN','SUSPENDED','CLOSED'))), account_tier varchar(20) check ((account_tier in ('BASIC','SILVER','GOLD','PLATINUM','PRIORITY','WEALTH'))), branch_code varchar(20), card_type varchar(20) check ((card_type in ('NONE','CLASSIC','SILVER','GOLD','PLATINUM','TITANIUM','SIGNATURE','INFINITE','BUSINESS'))), risk_rating varchar(20) not null check ((risk_rating in ('LOW','MEDIUM','HIGH','CRITICAL'))), account_id varchar(32) not null, account_type varchar(32) not null check ((account_type in ('SAVINGS','CURRENT','SALARY','NRE','NRO','FCNR','FIXED_DEPOSIT','RECURRING_DEPOSIT','LOAN','CREDIT_CARD','WALLET','ESCROW'))), customer_id varchar(32) not null, branch_city varchar(100), created_by varchar(100), updated_by varchar(100), primary key (account_id))
Hibernate: create table alert_evidence (base_amount numeric(19,2), alert_id bigint not null, created_at timestamp(6) with time zone not null, id bigint generated by default as identity, occurred_at timestamp(6) with time zone, transaction_id bigint not null, updated_at timestamp(6) with time zone, evidence_role varchar(40), external_txn_id varchar(64) not null, created_by varchar(100), updated_by varchar(100), note varchar(500), primary key (id), constraint uk_alert_evidence_txn unique (alert_id, transaction_id))
Hibernate: create table alert_triggered_rules (contributed_score integer, rule_version integer, rule_weight integer, alert_id bigint not null, created_at timestamp(6) with time zone not null, id bigint generated by default as identity, triggered_at timestamp(6) with time zone not null, updated_at timestamp(6) with time zone, typology varchar(40) not null check ((typology in ('THRESHOLD_BREACH','STRUCTURING','RAPID_MOVEMENT','HIGH_RISK_JURISDICTION','BEHAVIOURAL_DEVIATION','ROUND_AMOUNT_PATTERN','HIGH_RISK_COUNTERPARTY','DORMANT_ACCOUNT_REACTIVATION','ANOMALY_SCORE'))), rule_code varchar(64) not null, created_by varchar(100), updated_by varchar(100), rule_name varchar(160), details text, primary key (id), constraint uk_alert_rule unique (alert_id, rule_code))
Hibernate: create table alerts (occurrence_count integer not null check ((occurrence_count>=1)), risk_score integer not null check ((risk_score>=0) and (risk_score<=100)), total_amount numeric(19,2), transaction_count integer, assigned_at timestamp(6) with time zone, case_id bigint, created_at timestamp(6) with time zone not null, detection_window_end timestamp(6) with time zone, detection_window_start timestamp(6) with time zone, disposition_at timestamp(6) with time zone, first_detected_at timestamp(6) with time zone not null, id bigint generated by default as identity, last_detected_at timestamp(6) with time zone not null, updated_at timestamp(6) with time zone, version bigint not null, severity varchar(20) not null check ((severity in ('LOW','MEDIUM','HIGH','CRITICAL'))), status varchar(20) not null check ((status in ('NEW','ASSIGNED','IN_REVIEW','PENDING_INFO','ESCALATED','CLOSED'))), account_id varchar(32), alert_reference varchar(32) not null, customer_id varchar(32) not null, disposition varchar(32) check ((disposition in ('TRUE_POSITIVE','FALSE_POSITIVE','ESCALATED_TO_CASE','SAR_FILED','DUPLICATE','INSUFFICIENT_EVIDENCE','RISK_ACCEPTED'))), typology varchar(40) not null check ((typology in ('THRESHOLD_BREACH','STRUCTURING','RAPID_MOVEMENT','HIGH_RISK_JURISDICTION','BEHAVIOURAL_DEVIATION','ROUND_AMOUNT_PATTERN','HIGH_RISK_COUNTERPARTY','DORMANT_ACCOUNT_REACTIVATION','ANOMALY_SCORE'))), assigned_to varchar(100), created_by varchar(100), disposition_by varchar(100), updated_by varchar(100), title varchar(200) not null, dedupe_key varchar(255) not null, disposition_reason text, explanation text not null, primary key (id), constraint uk_alert_reference unique (alert_reference), constraint uk_alert_dedupe_key unique (dedupe_key))
Hibernate: create table aml_cases (aggregate_risk_score integer check ((aggregate_risk_score<=100) and (aggregate_risk_score>=0)), sar_filed boolean not null, total_exposure_amount numeric(19,2), assigned_at timestamp(6) with time zone, closed_at timestamp(6) with time zone, created_at timestamp(6) with time zone not null, due_at timestamp(6) with time zone, id bigint generated by default as identity, opened_at timestamp(6) with time zone not null, sar_filed_at timestamp(6) with time zone, updated_at timestamp(6) with time zone, version bigint not null, priority varchar(20) not null check ((priority in ('LOW','MEDIUM','HIGH','URGENT'))), status varchar(20) not null check ((status in ('OPEN','ASSIGNED','INVESTIGATING','PENDING_REVIEW','ESCALATED','SAR_FILED','CLOSED'))), case_number varchar(32) not null, customer_id varchar(32) not null, sar_reference varchar(64), assigned_to varchar(100), closed_by varchar(100), created_by varchar(100), opened_by varchar(100), updated_by varchar(100), title varchar(200) not null, closure_reason text, description text, narrative text, primary key (id), constraint uk_case_number unique (case_number))
Hibernate: create table app_users (account_locked boolean not null, enabled boolean not null, failed_login_attempts integer, created_at timestamp(6) with time zone not null, id bigint generated by default as identity, last_login_at timestamp(6) with time zone, password_changed_at timestamp(6) with time zone, updated_at timestamp(6) with time zone, role varchar(40) not null check ((role in ('ANALYST','SENIOR_ANALYST','COMPLIANCE_OFFICER','AUDITOR','ADMIN'))), created_by varchar(100), password_hash varchar(100) not null, updated_by varchar(100), username varchar(100) not null, full_name varchar(150) not null, email varchar(160), primary key (id), constraint uk_user_username unique (username), constraint uk_user_email unique (email))
Hibernate: create table audit_events (id bigint generated by default as identity, occurred_at timestamp(6) with time zone not null, action varchar(40) not null check ((action in ('CREATED','UPDATED','STATUS_CHANGED','ASSIGNED','REASSIGNED','ESCALATED','DISPOSITIONED','CLOSED','REOPENED','NOTE_ADDED','RULE_ENABLED','RULE_DISABLED','RULE_TUNED','PII_REVEALED','INGESTION_STARTED','INGESTION_COMPLETED','SAR_DRAFTED','SAR_FILED','LOGIN'))), actor_role varchar(40), entity_type varchar(40) not null, from_state varchar(40), to_state varchar(40), correlation_id varchar(64), entity_id varchar(64) not null, ip_address varchar(64), actor varchar(100) not null, details text, primary key (id))
Hibernate: create table case_notes (case_id bigint not null, created_at timestamp(6) with time zone not null, id bigint generated by default as identity, note_created_at timestamp(6) with time zone not null, updated_at timestamp(6) with time zone, author varchar(100) not null, created_by varchar(100), updated_by varchar(100), note text not null, primary key (id))
Hibernate: create table customers (age integer, annual_income numeric(19,2), country varchar(2), customer_since date, date_of_birth date, email_verified boolean, is_politically_exposed boolean not null, num_complaints_last_year integer, phone_verified boolean, created_at timestamp(6) with time zone not null, updated_at timestamp(6) with time zone, gender varchar(16) check ((gender in ('M','F','OTHER','UNDISCLOSED'))), customer_segment varchar(20) check ((customer_segment in ('RETAIL','PREMIUM','PRIORITY','HNI','SME','CORPORATE','NRI','STUDENT'))), education_level varchar(20) check ((education_level in ('NONE','PRIMARY','SECONDARY','HIGH_SCHOOL','DIPLOMA','GRADUATE','POST_GRADUATE','DOCTORATE','PROFESSIONAL'))), employment_status varchar(20) check ((employment_status in ('EMPLOYED','SELF_EMPLOYED','UNEMPLOYED','RETIRED','STUDENT','HOMEMAKER','BUSINESS_OWNER'))), kyc_status varchar(20) not null check ((kyc_status in ('PENDING','IN_PROGRESS','VERIFIED','REJECTED','EXPIRED','RE_KYC_REQUIRED'))), marital_status varchar(20) check ((marital_status in ('SINGLE','MARRIED','DIVORCED','WIDOWED','SEPARATED'))), postal_code varchar(20), risk_rating varchar(20) not null check ((risk_rating in ('LOW','MEDIUM','HIGH','CRITICAL'))), customer_id varchar(32) not null, phone_number varchar(32), preferred_channel varchar(32) check ((preferred_channel in ('BRANCH','ATM','INTERNET_BANKING','MOBILE_APP','PHONE_BANKING','UPI','IMPS','NEFT','RTGS','SWIFT','CARD_POS','CASH_COUNTER','CHEQUE','STANDING_INSTRUCTION','OTHER'))), national_id varchar(64), city varchar(100), created_by varchar(100), first_name varchar(100) not null, last_name varchar(100), state varchar(100), updated_by varchar(100), occupation varchar(120), email varchar(160), primary key (customer_id))
Hibernate: create table exchange_rates (effective_from date not null, effective_to date, from_currency varchar(3) not null, rate numeric(19,8) not null, to_currency varchar(3) not null, created_at timestamp(6) with time zone not null, id bigint generated by default as identity, updated_at timestamp(6) with time zone, created_by varchar(100), updated_by varchar(100), source varchar(120), primary key (id), constraint uk_rate_currency_effective unique (from_currency, to_currency, effective_from))
Hibernate: create table ingestion_batches (duplicate_count integer, failure_count integer, success_count integer, total_records integer, completed_at timestamp(6) with time zone, created_at timestamp(6) with time zone not null, id bigint generated by default as identity, started_at timestamp(6) with time zone not null, updated_at timestamp(6) with time zone, entity_type varchar(32) not null check ((entity_type in ('CUSTOMER','ACCOUNT','TRANSACTION','WATCHLIST','EXCHANGE_RATE'))), source varchar(32) not null check ((source in ('CSV_UPLOAD','REST_BATCH','REST_SINGLE','KAFKA_STREAM','SEED_DATA'))), status varchar(32) not null check ((status in ('RECEIVED','VALIDATING','PROCESSING','COMPLETED','COMPLETED_WITH_ERRORS','FAILED'))), batch_reference varchar(64) not null, file_checksum varchar(64), created_by varchar(100), submitted_by varchar(100), updated_by varchar(100), error_summary text, file_name varchar(255), primary key (id), constraint uk_batch_reference unique (batch_reference))
Hibernate: create table ingestion_errors (record_number integer, batch_id bigint not null, id bigint generated by default as identity, occurred_at timestamp(6) with time zone not null, error_code varchar(64) not null, record_identifier varchar(64), field_name varchar(100), error_message varchar(1000) not null, raw_record text, primary key (id))
Hibernate: create table rule_configs (config_version integer not null check ((config_version>=1)), dedupe_window_hours integer, deviation_multiplier numeric(9,2), enabled boolean not null, execution_order integer not null, lookback_days integer, min_occurrences integer, ratio_threshold numeric(5,4), risk_weight integer not null check ((risk_weight>=0)), threshold_amount numeric(19,2), threshold_amount_min numeric(19,2), threshold_currency varchar(3), time_window_hours integer, created_at timestamp(6) with time zone not null, effective_from timestamp(6) with time zone, effective_to timestamp(6) with time zone, id bigint generated by default as identity, last_tuned_at timestamp(6) with time zone, updated_at timestamp(6) with time zone, severity varchar(20) not null check ((severity in ('LOW','MEDIUM','HIGH','CRITICAL'))), typology varchar(40) not null check ((typology in ('THRESHOLD_BREACH','STRUCTURING','RAPID_MOVEMENT','HIGH_RISK_JURISDICTION','BEHAVIOURAL_DEVIATION','ROUND_AMOUNT_PATTERN','HIGH_RISK_COUNTERPARTY','DORMANT_ACCOUNT_REACTIVATION','ANOMALY_SCORE'))), rule_code varchar(64) not null, created_by varchar(100), last_tuned_by varchar(100), updated_by varchar(100), rule_name varchar(160) not null, description text, parameters text, primary key (id), constraint uk_rule_code unique (rule_code))
Hibernate: create table transactions (amount numeric(19,2) not null, balance_after numeric(19,2), base_amount numeric(19,2) not null, base_currency varchar(3) not null, counterparty_country varchar(2), currency varchar(3) not null, destination_country varchar(2), exchange_rate numeric(19,8), is_cross_border boolean not null, origin_country varchar(2), value_date date, created_at timestamp(6) with time zone not null, id bigint generated by default as identity, ingestion_batch_id bigint, merchant_category_code varchar(8), screened_at timestamp(6) with time zone, transaction_timestamp timestamp(6) with time zone not null, updated_at timestamp(6) with time zone, direction varchar(10) not null check ((direction in ('CREDIT','DEBIT'))), branch_code varchar(20), screening_status varchar(20) not null check ((screening_status in ('PENDING','IN_PROGRESS','SCREENED','FAILED','SKIPPED'))), status varchar(20) not null check ((status in ('PENDING','POSTED','SETTLED','FAILED','REVERSED','HELD'))), account_id varchar(32) not null, channel varchar(32) check ((channel in ('BRANCH','ATM','INTERNET_BANKING','MOBILE_APP','PHONE_BANKING','UPI','IMPS','NEFT','RTGS','SWIFT','CARD_POS','CASH_COUNTER','CHEQUE','STANDING_INSTRUCTION','OTHER'))), counterparty_bank_code varchar(32), customer_id varchar(32) not null, transaction_type varchar(32) not null check ((transaction_type in ('CASH_DEPOSIT','CASH_WITHDRAWAL','TRANSFER_IN','TRANSFER_OUT','WIRE_IN','WIRE_OUT','CHEQUE_DEPOSIT','CHEQUE_WITHDRAWAL','CARD_PAYMENT','BILL_PAYMENT','LOAN_DISBURSEMENT','LOAN_REPAYMENT','INTEREST_CREDIT','FEE_DEBIT','REVERSAL','OTHER'))), counterparty_account varchar(64), external_txn_id varchar(64) not null, ip_address varchar(64), created_by varchar(100), device_id varchar(100), updated_by varchar(100), counterparty_bank varchar(200), counterparty_name varchar(200), narration varchar(500), primary key (id), constraint uk_transaction_external_id unique (external_txn_id))
Hibernate: create table watchlist_entries (active boolean not null, risk_weight integer not null check ((risk_weight>=0)), created_at timestamp(6) with time zone not null, effective_from timestamp(6) with time zone, effective_to timestamp(6) with time zone, id bigint generated by default as identity, updated_at timestamp(6) with time zone, list_type varchar(32) not null check ((list_type in ('SANCTIONS','FATF_BLACKLIST','FATF_GREYLIST','TAX_HAVEN','PEP','ADVERSE_MEDIA','INTERNAL_HIGH_RISK'))), subject_type varchar(32) not null check ((subject_type in ('COUNTRY','COUNTERPARTY','BANK','INDIVIDUAL','ENTITY','ACCOUNT_NUMBER'))), created_by varchar(100), updated_by varchar(100), source varchar(120), display_name varchar(200), entry_value varchar(200) not null, normalized_value varchar(200) not null, notes text, primary key (id), constraint uk_watchlist_subject_value unique (subject_type, list_type, normalized_value))
Hibernate: create index idx_account_customer on accounts (customer_id)
Hibernate: create index idx_account_status on accounts (account_status)
Hibernate: create index idx_account_type on accounts (account_type)
Hibernate: create index idx_account_risk_rating on accounts (risk_rating)
Hibernate: create index idx_evidence_alert on alert_evidence (alert_id)
Hibernate: create index idx_evidence_transaction on alert_evidence (transaction_id)
Hibernate: create index idx_triggered_rule_alert on alert_triggered_rules (alert_id)
Hibernate: create index idx_triggered_rule_code on alert_triggered_rules (rule_code)
Hibernate: create index idx_alert_status_score on alerts (status, risk_score)
Hibernate: create index idx_alert_customer on alerts (customer_id)
Hibernate: create index idx_alert_account on alerts (account_id)
Hibernate: create index idx_alert_typology on alerts (typology)
Hibernate: create index idx_alert_severity on alerts (severity)
Hibernate: create index idx_alert_case on alerts (case_id)
Hibernate: create index idx_alert_detected_at on alerts (first_detected_at)
Hibernate: create index idx_case_status_priority on aml_cases (status, priority)
Hibernate: create index idx_case_customer on aml_cases (customer_id)
Hibernate: create index idx_case_assigned_to on aml_cases (assigned_to)
Hibernate: create index idx_case_opened_at on aml_cases (opened_at)
Hibernate: create index idx_user_role on app_users (role)
Hibernate: create index idx_audit_entity on audit_events (entity_type, entity_id)
Hibernate: create index idx_audit_actor on audit_events (actor)
Hibernate: create index idx_audit_occurred_at on audit_events (occurred_at)
Hibernate: create index idx_audit_action on audit_events (action)
Hibernate: create index idx_case_note_case on case_notes (case_id)
Hibernate: create index idx_case_note_created on case_notes (note_created_at)
Hibernate: create index idx_customer_risk_rating on customers (risk_rating)
Hibernate: create index idx_customer_kyc_status on customers (kyc_status)
Hibernate: create index idx_customer_segment on customers (customer_segment)
Hibernate: create index idx_customer_country_city on customers (country, city)
Hibernate: create index idx_rate_lookup on exchange_rates (from_currency, to_currency, effective_from)
Hibernate: create index idx_batch_status on ingestion_batches (status)
Hibernate: create index idx_batch_entity_type on ingestion_batches (entity_type)
Hibernate: create index idx_batch_started_at on ingestion_batches (started_at)
Hibernate: create index idx_ingestion_error_batch on ingestion_errors (batch_id)
Hibernate: create index idx_ingestion_error_code on ingestion_errors (error_code)
Hibernate: create index idx_rule_enabled on rule_configs (enabled)
Hibernate: create index idx_rule_typology on rule_configs (typology)
Hibernate: create index idx_txn_account_time on transactions (account_id, transaction_timestamp)
Hibernate: create index idx_txn_customer_time on transactions (customer_id, transaction_timestamp)
Hibernate: create index idx_txn_timestamp on transactions (transaction_timestamp)
Hibernate: create index idx_txn_screening_status on transactions (screening_status)
Hibernate: create index idx_txn_base_amount on transactions (base_amount)
Hibernate: create index idx_txn_counterparty_country on transactions (counterparty_country)
Hibernate: create index idx_txn_batch on transactions (ingestion_batch_id)
Hibernate: create index idx_watchlist_lookup on watchlist_entries (subject_type, normalized_value, active)
Hibernate: create index idx_watchlist_list_type on watchlist_entries (list_type)
Hibernate: alter table if exists accounts add constraint fk_account_customer foreign key (customer_id) references customers
Hibernate: alter table if exists alert_evidence add constraint fk_evidence_alert foreign key (alert_id) references alerts
Hibernate: alter table if exists alert_evidence add constraint fk_evidence_transaction foreign key (transaction_id) references transactions
Hibernate: alter table if exists alert_triggered_rules add constraint fk_triggered_rule_alert foreign key (alert_id) references alerts
Hibernate: alter table if exists alerts add constraint fk_alert_account foreign key (account_id) references accounts
Hibernate: alter table if exists alerts add constraint fk_alert_case foreign key (case_id) references aml_cases
Hibernate: alter table if exists alerts add constraint fk_alert_customer foreign key (customer_id) references customers
Hibernate: alter table if exists aml_cases add constraint fk_case_customer foreign key (customer_id) references customers
Hibernate: alter table if exists case_notes add constraint fk_case_note_case foreign key (case_id) references aml_cases
Hibernate: alter table if exists ingestion_errors add constraint fk_ingestion_error_batch foreign key (batch_id) references ingestion_batches
Hibernate: alter table if exists transactions add constraint fk_transaction_account foreign key (account_id) references accounts
Hibernate: alter table if exists transactions add constraint fk_transaction_customer foreign key (customer_id) references customers
2026-09-19T15:58:57.356+05:30  INFO 10428 --- [sentinel-aml] [           main] j.LocalContainerEntityManagerFactoryBean : Initialized JPA EntityManagerFactory for persistence unit 'default'
2026-09-19T15:58:58.436+05:30  INFO 10428 --- [sentinel-aml] [           main] c.a.aml.domain.DomainModelMappingTest    : Started DomainModelMappingTest in 4.029 seconds (process running for 31.639)
Hibernate: select c1_0.customer_id,c1_0.age,c1_0.annual_income,c1_0.city,c1_0.num_complaints_last_year,c1_0.country,c1_0.created_at,c1_0.created_by,c1_0.customer_segment,c1_0.customer_since,c1_0.date_of_birth,c1_0.education_level,c1_0.email,c1_0.email_verified,c1_0.employment_status,c1_0.first_name,c1_0.gender,c1_0.kyc_status,c1_0.last_name,c1_0.marital_status,c1_0.national_id,c1_0.occupation,c1_0.phone_number,c1_0.phone_verified,c1_0.is_politically_exposed,c1_0.postal_code,c1_0.preferred_channel,c1_0.risk_rating,c1_0.state,c1_0.updated_at,c1_0.updated_by,a1_0.customer_id,a1_0.account_id,a1_0.account_status,a1_0.account_tier,a1_0.account_type,a1_0.avg_monthly_balance_6m,a1_0.avg_monthly_txn_count,a1_0.branch_city,a1_0.branch_code,a1_0.card_type,a1_0.close_date,a1_0.created_at,a1_0.created_by,a1_0.credit_limit,a1_0.credit_utilization_pct,a1_0.currency,a1_0.current_balance,a1_0.is_joint_account,a1_0.last_login_date,a1_0.mobile_banking_enrolled,a1_0.num_linked_devices,a1_0.open_date,a1_0.overdraft_enabled,a1_0.risk_rating,a1_0.updated_at,a1_0.updated_by from customers c1_0 left join accounts a1_0 on c1_0.customer_id=a1_0.customer_id where c1_0.customer_id=?
Hibernate: select a1_0.account_id,a1_0.account_status,a1_0.account_tier,a1_0.account_type,a1_0.avg_monthly_balance_6m,a1_0.avg_monthly_txn_count,a1_0.branch_city,a1_0.branch_code,a1_0.card_type,a1_0.close_date,a1_0.created_at,a1_0.created_by,a1_0.credit_limit,a1_0.credit_utilization_pct,a1_0.currency,a1_0.current_balance,a1_0.customer_id,a1_0.is_joint_account,a1_0.last_login_date,a1_0.mobile_banking_enrolled,a1_0.num_linked_devices,a1_0.open_date,a1_0.overdraft_enabled,a1_0.risk_rating,a1_0.updated_at,a1_0.updated_by from accounts a1_0 where a1_0.account_id=?
Hibernate: insert into customers (age,annual_income,city,num_complaints_last_year,country,created_at,created_by,customer_segment,customer_since,date_of_birth,education_level,email,email_verified,employment_status,first_name,gender,kyc_status,last_name,marital_status,national_id,occupation,phone_number,phone_verified,is_politically_exposed,postal_code,preferred_channel,risk_rating,state,updated_at,updated_by,customer_id) values (?,?,?,?,?,?,?,?,?,?,?,?,?,?,?,?,?,?,?,?,?,?,?,?,?,?,?,?,?,?,?)
Hibernate: insert into accounts (account_status,account_tier,account_type,avg_monthly_balance_6m,avg_monthly_txn_count,branch_city,branch_code,card_type,close_date,created_at,created_by,credit_limit,credit_utilization_pct,currency,current_balance,customer_id,is_joint_account,last_login_date,mobile_banking_enrolled,num_linked_devices,open_date,overdraft_enabled,risk_rating,updated_at,updated_by,account_id) values (?,?,?,?,?,?,?,?,?,?,?,?,?,?,?,?,?,?,?,?,?,?,?,?,?,?)
Hibernate: insert into transactions (account_id,amount,balance_after,base_amount,base_currency,branch_code,channel,counterparty_account,counterparty_bank,counterparty_bank_code,counterparty_country,counterparty_name,created_at,created_by,is_cross_border,currency,customer_id,destination_country,device_id,direction,exchange_rate,external_txn_id,ingestion_batch_id,ip_address,merchant_category_code,narration,origin_country,screened_at,screening_status,status,transaction_timestamp,transaction_type,updated_at,updated_by,value_date,id) values (?,?,?,?,?,?,?,?,?,?,?,?,?,?,?,?,?,?,?,?,?,?,?,?,?,?,?,?,?,?,?,?,?,?,?,default)
Hibernate: insert into alerts (account_id,alert_reference,case_id,assigned_at,assigned_to,created_at,created_by,customer_id,dedupe_key,detection_window_end,detection_window_start,disposition,disposition_at,disposition_by,disposition_reason,explanation,first_detected_at,last_detected_at,occurrence_count,risk_score,severity,status,title,total_amount,transaction_count,typology,updated_at,updated_by,version,id) values (?,?,?,?,?,?,?,?,?,?,?,?,?,?,?,?,?,?,?,?,?,?,?,?,?,?,?,?,?,default)
Hibernate: insert into alert_evidence (alert_id,base_amount,created_at,created_by,evidence_role,external_txn_id,note,occurred_at,transaction_id,updated_at,updated_by,id) values (?,?,?,?,?,?,?,?,?,?,?,default)
Hibernate: insert into alert_triggered_rules (alert_id,contributed_score,created_at,created_by,details,rule_code,rule_name,rule_version,rule_weight,triggered_at,typology,updated_at,updated_by,id) values (?,?,?,?,?,?,?,?,?,?,?,?,?,default)
Hibernate: select a1_0.id,a1_0.account_id,a1_0.alert_reference,a1_0.case_id,a1_0.assigned_at,a1_0.assigned_to,a1_0.created_at,a1_0.created_by,a1_0.customer_id,a1_0.dedupe_key,a1_0.detection_window_end,a1_0.detection_window_start,a1_0.disposition,a1_0.disposition_at,a1_0.disposition_by,a1_0.disposition_reason,a1_0.explanation,a1_0.first_detected_at,a1_0.last_detected_at,a1_0.occurrence_count,a1_0.risk_score,a1_0.severity,a1_0.status,a1_0.title,a1_0.total_amount,a1_0.transaction_count,a1_0.typology,a1_0.updated_at,a1_0.updated_by,a1_0.version from alerts a1_0 where a1_0.id=?
Hibernate: select tr1_0.alert_id,tr1_0.id,tr1_0.contributed_score,tr1_0.created_at,tr1_0.created_by,tr1_0.details,tr1_0.rule_code,tr1_0.rule_name,tr1_0.rule_version,tr1_0.rule_weight,tr1_0.triggered_at,tr1_0.typology,tr1_0.updated_at,tr1_0.updated_by from alert_triggered_rules tr1_0 where tr1_0.alert_id=?
Hibernate: select e1_0.alert_id,e1_0.id,e1_0.base_amount,e1_0.created_at,e1_0.created_by,e1_0.evidence_role,e1_0.external_txn_id,e1_0.note,e1_0.occurred_at,e1_0.transaction_id,e1_0.updated_at,e1_0.updated_by from alert_evidence e1_0 where e1_0.alert_id=?
]]></system-out>
  </testcase>
  <testcase name="severityBandIsDerivedFromRiskScore" classname="com.azentio.aml.domain.DomainModelMappingTest" time="0.015"/>
  <testcase name="dedupeKeyIsUniqueSoConcurrentDetectionCannotDuplicateAnAlert" classname="com.azentio.aml.domain.DomainModelMappingTest" time="0.092">
    <system-out><![CDATA[Hibernate: select c1_0.customer_id,c1_0.age,c1_0.annual_income,c1_0.city,c1_0.num_complaints_last_year,c1_0.country,c1_0.created_at,c1_0.created_by,c1_0.customer_segment,c1_0.customer_since,c1_0.date_of_birth,c1_0.education_level,c1_0.email,c1_0.email_verified,c1_0.employment_status,c1_0.first_name,c1_0.gender,c1_0.kyc_status,c1_0.last_name,c1_0.marital_status,c1_0.national_id,c1_0.occupation,c1_0.phone_number,c1_0.phone_verified,c1_0.is_politically_exposed,c1_0.postal_code,c1_0.preferred_channel,c1_0.risk_rating,c1_0.state,c1_0.updated_at,c1_0.updated_by,a1_0.customer_id,a1_0.account_id,a1_0.account_status,a1_0.account_tier,a1_0.account_type,a1_0.avg_monthly_balance_6m,a1_0.avg_monthly_txn_count,a1_0.branch_city,a1_0.branch_code,a1_0.card_type,a1_0.close_date,a1_0.created_at,a1_0.created_by,a1_0.credit_limit,a1_0.credit_utilization_pct,a1_0.currency,a1_0.current_balance,a1_0.is_joint_account,a1_0.last_login_date,a1_0.mobile_banking_enrolled,a1_0.num_linked_devices,a1_0.open_date,a1_0.overdraft_enabled,a1_0.risk_rating,a1_0.updated_at,a1_0.updated_by from customers c1_0 left join accounts a1_0 on c1_0.customer_id=a1_0.customer_id where c1_0.customer_id=?
Hibernate: select a1_0.account_id,a1_0.account_status,a1_0.account_tier,a1_0.account_type,a1_0.avg_monthly_balance_6m,a1_0.avg_monthly_txn_count,a1_0.branch_city,a1_0.branch_code,a1_0.card_type,a1_0.close_date,a1_0.created_at,a1_0.created_by,a1_0.credit_limit,a1_0.credit_utilization_pct,a1_0.currency,a1_0.current_balance,a1_0.customer_id,a1_0.is_joint_account,a1_0.last_login_date,a1_0.mobile_banking_enrolled,a1_0.num_linked_devices,a1_0.open_date,a1_0.overdraft_enabled,a1_0.risk_rating,a1_0.updated_at,a1_0.updated_by from accounts a1_0 where a1_0.account_id=?
Hibernate: insert into customers (age,annual_income,city,num_complaints_last_year,country,created_at,created_by,customer_segment,customer_since,date_of_birth,education_level,email,email_verified,employment_status,first_name,gender,kyc_status,last_name,marital_status,national_id,occupation,phone_number,phone_verified,is_politically_exposed,postal_code,preferred_channel,risk_rating,state,updated_at,updated_by,customer_id) values (?,?,?,?,?,?,?,?,?,?,?,?,?,?,?,?,?,?,?,?,?,?,?,?,?,?,?,?,?,?,?)
Hibernate: insert into accounts (account_status,account_tier,account_type,avg_monthly_balance_6m,avg_monthly_txn_count,branch_city,branch_code,card_type,close_date,created_at,created_by,credit_limit,credit_utilization_pct,currency,current_balance,customer_id,is_joint_account,last_login_date,mobile_banking_enrolled,num_linked_devices,open_date,overdraft_enabled,risk_rating,updated_at,updated_by,account_id) values (?,?,?,?,?,?,?,?,?,?,?,?,?,?,?,?,?,?,?,?,?,?,?,?,?,?)
Hibernate: insert into alerts (account_id,alert_reference,case_id,assigned_at,assigned_to,created_at,created_by,customer_id,dedupe_key,detection_window_end,detection_window_start,disposition,disposition_at,disposition_by,disposition_reason,explanation,first_detected_at,last_detected_at,occurrence_count,risk_score,severity,status,title,total_amount,transaction_count,typology,updated_at,updated_by,version,id) values (?,?,?,?,?,?,?,?,?,?,?,?,?,?,?,?,?,?,?,?,?,?,?,?,?,?,?,?,?,default)
Hibernate: insert into alerts (account_id,alert_reference,case_id,assigned_at,assigned_to,created_at,created_by,customer_id,dedupe_key,detection_window_end,detection_window_start,disposition,disposition_at,disposition_by,disposition_reason,explanation,first_detected_at,last_detected_at,occurrence_count,risk_score,severity,status,title,total_amount,transaction_count,typology,updated_at,updated_by,version,id) values (?,?,?,?,?,?,?,?,?,?,?,?,?,?,?,?,?,?,?,?,?,?,?,?,?,?,?,?,?,default)
2026-09-19T15:58:59.221+05:30  WARN 10428 --- [sentinel-aml] [           main] org.hibernate.orm.jdbc.error             : HHH000247: ErrorCode: 23505, SQLState: 23505
2026-09-19T15:58:59.221+05:30  WARN 10428 --- [sentinel-aml] [           main] org.hibernate.orm.jdbc.error             : Unique index or primary key violation: "public.uk_alert_dedupe_key INDEX public.uk_alert_dedupe_key_INDEX_A ON public.alerts(dedupe_key NULLS FIRST) VALUES ( /* 2 */ 'CUST_00001|THRESHOLD_BREACH|2026-07-20' )"; SQL statement:
insert into alerts (account_id,alert_reference,case_id,assigned_at,assigned_to,created_at,created_by,customer_id,dedupe_key,detection_window_end,detection_window_start,disposition,disposition_at,disposition_by,disposition_reason,explanation,first_detected_at,last_detected_at,occurrence_count,risk_score,severity,status,title,total_amount,transaction_count,typology,updated_at,updated_by,version,id) values (?,?,?,?,?,?,?,?,?,?,?,?,?,?,?,?,?,?,?,?,?,?,?,?,?,?,?,?,?,default) [23505-240]
]]></system-out>
  </testcase>
</testsuite>